07/23 23:54:43 INFO [business-monitoring] MONITORING: solana-connection-init | {"endpoint":"https://mainnet.helius-rpc.com/?api-key=13d60095-6323-4ef5-bf9a-2a39f0ca7f62","commitment":"confirmed","duration":0,"wsEnabled":true}
07/23 23:54:43 INFO [business-monitoring] MONITORING: solana-connection-init | {"endpoint":"https://mainnet.helius-rpc.com/?api-key=13d60095-6323-4ef5-bf9a-2a39f0ca7f62","commitment":"confirmed","duration":0,"wsEnabled":true}
07/23 23:54:43 INFO [business-monitoring] MONITORING: wallet-service-init | {"walletPath":"/Users/wwgg/Documents/sol_meteora_dlmm/dlmm-liquidity-manager/data/wallet.enc","initDuration":0}
07/23 23:54:43 INFO [business-monitoring] MONITORING: solana-connection-init | {"endpoint":"https://mainnet.helius-rpc.com/?api-key=13d60095-6323-4ef5-bf9a-2a39f0ca7f62","commitment":"confirmed","duration":0,"wsEnabled":true}
07/23 23:54:44 INFO [business-monitoring] MONITORING: priority-fee-cache-updated | {"priorityFee":100000,"baseFee":10000,"networkCongestion":"low","sampleSize":150,"timestamp":1753286084403}
07/23 23:54:52 INFO [business-monitoring] MONITORING: wallet-decryption | {"encryptedSize":128,"decryptedSize":64}
07/23 23:54:52 INFO [business-monitoring] MONITORING: balance-query-start | {"publicKey":"GRCpbYmhQXNuqwhFMPs9Q3i4rZ2rJHAh5MRoy73UoTYe","endpoint":"https://mainnet.helius-rpc.com/?api-key=13d60095-6323-4ef5-bf9a-2a39f0ca7f62"}
07/23 23:54:53 INFO [business-monitoring] MONITORING: balance-query-success | {"publicKey":"GRCpbYmhQXNuqwhFMPs9Q3i4rZ2rJHAh5MRoy73UoTYe","balance":8.680904737,"lamports":8680904737,"responseTime":600}
07/23 23:54:53 INFO [business-monitoring] MONITORING: balance-query-performance | {"responseTime":600,"success":true,"endpoint":"https://mainnet.helius-rpc.com/?api-key=13d60095-6323-4ef5-bf9a-2a39f0ca7f62"}
07/23 23:55:05 INFO [business-monitoring] MONITORING: priority-fee-cache-updated | {"priorityFee":100000,"baseFee":10000,"networkCongestion":"low","sampleSize":150,"timestamp":1753286105332}
07/23 23:55:06 INFO [business-monitoring] MONITORING: balance-query-start | {"publicKey":"GRCpbYmhQXNuqwhFMPs9Q3i4rZ2rJHAh5MRoy73UoTYe","endpoint":"https://mainnet.helius-rpc.com/?api-key=13d60095-6323-4ef5-bf9a-2a39f0ca7f62"}
07/23 23:55:06 INFO [business-monitoring] MONITORING: balance-query-start | {"publicKey":"GRCpbYmhQXNuqwhFMPs9Q3i4rZ2rJHAh5MRoy73UoTYe","endpoint":"https://mainnet.helius-rpc.com/?api-key=13d60095-6323-4ef5-bf9a-2a39f0ca7f62"}
07/23 23:55:06 INFO [business-monitoring] MONITORING: balance-query-success | {"publicKey":"GRCpbYmhQXNuqwhFMPs9Q3i4rZ2rJHAh5MRoy73UoTYe","balance":8.680904737,"lamports":8680904737,"responseTime":117}
07/23 23:55:06 INFO [business-monitoring] MONITORING: balance-query-performance | {"responseTime":117,"success":true,"endpoint":"https://mainnet.helius-rpc.com/?api-key=13d60095-6323-4ef5-bf9a-2a39f0ca7f62"}
07/23 23:55:06 INFO [business-monitoring] MONITORING: balance-query-success | {"publicKey":"GRCpbYmhQXNuqwhFMPs9Q3i4rZ2rJHAh5MRoy73UoTYe","balance":8.680904737,"lamports":8680904737,"responseTime":445}
07/23 23:55:06 INFO [business-monitoring] MONITORING: balance-query-performance | {"responseTime":445,"success":true,"endpoint":"https://mainnet.helius-rpc.com/?api-key=13d60095-6323-4ef5-bf9a-2a39f0ca7f62"}
07/23 23:55:08 INFO [business-monitoring] MONITORING: transaction-parameters | {"skipPreflight":false,"maxRetries":3,"priorityFee":100000}
07/23 23:55:08 INFO [business-monitoring] MONITORING: transaction-parameters | {"skipPreflight":false,"maxRetries":3,"priorityFee":100000}
07/23 23:55:11 INFO [business-monitoring] MONITORING: transaction-performance | {"responseTime":2545,"success":true,"endpoint":"https://mainnet.helius-rpc.com/?api-key=13d60095-6323-4ef5-bf9a-2a39f0ca7f62"}
07/23 23:55:11 INFO [business-monitoring] MONITORING: transaction-performance | {"responseTime":2731,"success":true,"endpoint":"https://mainnet.helius-rpc.com/?api-key=13d60095-6323-4ef5-bf9a-2a39f0ca7f62"}
07/23 23:55:13 INFO [business-monitoring] MONITORING: transaction-parameters | {"skipPreflight":false,"maxRetries":3,"priorityFee":100000}
07/23 23:55:15 INFO [business-monitoring] MONITORING: transaction-performance | {"responseTime":2444,"success":true,"endpoint":"https://mainnet.helius-rpc.com/?api-key=13d60095-6323-4ef5-bf9a-2a39f0ca7f62"}
07/23 23:55:31 INFO [business-monitoring] MONITORING: onchain-position-info-success | {"positionAddress":"GT6A5nwf...","poolAddress":"5qP3PM7B...","totalXAmount":"2525411","totalYAmount":"1599989201","binRange":"-624--556","inRange":true,"activeBinId":-556,"activeBinCount":69,"responseTime":1753286131699}
07/23 23:55:32 INFO [business-monitoring] MONITORING: onchain-position-info-success | {"positionAddress":"HHaJ5kxi...","poolAddress":"5qP3PM7B...","totalXAmount":"0","totalYAmount":"6399999929","binRange":"-693--625","inRange":false,"activeBinId":-556,"activeBinCount":69,"responseTime":1753286132082}
07/23 23:55:43 INFO [business-monitoring] MONITORING: onchain-position-info-success | {"positionAddress":"GT6A5nwf...","poolAddress":"5qP3PM7B...","totalXAmount":"2525411","totalYAmount":"1599989201","binRange":"-624--556","inRange":true,"activeBinId":-556,"activeBinCount":69,"responseTime":1753286143755}
07/23 23:55:45 INFO [business-monitoring] MONITORING: onchain-position-info-success | {"positionAddress":"HHaJ5kxi...","poolAddress":"5qP3PM7B...","totalXAmount":"0","totalYAmount":"6399999929","binRange":"-693--625","inRange":false,"activeBinId":-556,"activeBinCount":69,"responseTime":1753286145691}
07/23 23:55:51 INFO [business-monitoring] MONITORING: balance-query-start | {"publicKey":"GRCpbYmhQXNuqwhFMPs9Q3i4rZ2rJHAh5MRoy73UoTYe","endpoint":"https://mainnet.helius-rpc.com/?api-key=13d60095-6323-4ef5-bf9a-2a39f0ca7f62"}
07/23 23:55:52 INFO [business-monitoring] MONITORING: balance-query-success | {"publicKey":"GRCpbYmhQXNuqwhFMPs9Q3i4rZ2rJHAh5MRoy73UoTYe","balance":0.565934451,"lamports":565934451,"responseTime":580}
07/23 23:55:52 INFO [business-monitoring] MONITORING: balance-query-performance | {"responseTime":580,"success":true,"endpoint":"https://mainnet.helius-rpc.com/?api-key=13d60095-6323-4ef5-bf9a-2a39f0ca7f62"}
07/23 23:55:55 INFO [business-monitoring] MONITORING: onchain-position-info-success | {"positionAddress":"GT6A5nwf...","poolAddress":"5qP3PM7B...","totalXAmount":"3083741781","totalYAmount":"1588163151","binRange":"-624--556","inRange":true,"activeBinId":-561,"activeBinCount":69,"responseTime":1753286155186}
07/23 23:56:06 INFO [business-monitoring] MONITORING: onchain-position-info-success | {"positionAddress":"HHaJ5kxi...","poolAddress":"5qP3PM7B...","totalXAmount":"0","totalYAmount":"6399999929","binRange":"-693--625","inRange":false,"activeBinId":-561,"activeBinCount":69,"responseTime":1753286166924}
07/23 23:56:07 INFO [business-monitoring] MONITORING: onchain-position-info-success | {"positionAddress":"GT6A5nwf...","poolAddress":"5qP3PM7B...","totalXAmount":"3083741781","totalYAmount":"1588163151","binRange":"-624--556","inRange":true,"activeBinId":-561,"activeBinCount":69,"responseTime":1753286167459}
07/23 23:56:19 INFO [business-monitoring] MONITORING: onchain-position-info-success | {"positionAddress":"HHaJ5kxi...","poolAddress":"5qP3PM7B...","totalXAmount":"0","totalYAmount":"6399999929","binRange":"-693--625","inRange":false,"activeBinId":-561,"activeBinCount":69,"responseTime":1753286179489}
07/23 23:56:20 INFO [business-monitoring] MONITORING: onchain-position-info-success | {"positionAddress":"GT6A5nwf...","poolAddress":"5qP3PM7B...","totalXAmount":"3101840040","totalYAmount":"1588099495","binRange":"-624--556","inRange":true,"activeBinId":-561,"activeBinCount":69,"responseTime":1753286180409}
07/23 23:56:31 INFO [business-monitoring] MONITORING: onchain-position-info-success | {"positionAddress":"HHaJ5kxi...","poolAddress":"5qP3PM7B...","totalXAmount":"0","totalYAmount":"6399999929","binRange":"-693--625","inRange":false,"activeBinId":-561,"activeBinCount":69,"responseTime":1753286191599}
07/23 23:56:34 INFO [business-monitoring] MONITORING: onchain-position-info-success | {"positionAddress":"GT6A5nwf...","poolAddress":"5qP3PM7B...","totalXAmount":"3101840040","totalYAmount":"1588099495","binRange":"-624--556","inRange":true,"activeBinId":-561,"activeBinCount":69,"responseTime":1753286194412}
07/23 23:56:43 INFO [business-monitoring] MONITORING: onchain-position-info-success | {"positionAddress":"HHaJ5kxi...","poolAddress":"5qP3PM7B...","totalXAmount":"0","totalYAmount":"6399999929","binRange":"-693--625","inRange":false,"activeBinId":-558,"activeBinCount":69,"responseTime":1753286203856}
07/23 23:56:46 INFO [business-monitoring] MONITORING: onchain-position-info-success | {"positionAddress":"GT6A5nwf...","poolAddress":"5qP3PM7B...","totalXAmount":"505518428","totalYAmount":"1598017967","binRange":"-624--556","inRange":true,"activeBinId":-558,"activeBinCount":69,"responseTime":1753286206546}
07/23 23:56:56 INFO [business-monitoring] MONITORING: onchain-position-info-success | {"positionAddress":"HHaJ5kxi...","poolAddress":"5qP3PM7B...","totalXAmount":"0","totalYAmount":"6399999929","binRange":"-693--625","inRange":false,"activeBinId":-558,"activeBinCount":69,"responseTime":1753286216639}
07/23 23:56:58 INFO [business-monitoring] MONITORING: onchain-position-info-success | {"positionAddress":"GT6A5nwf...","poolAddress":"5qP3PM7B...","totalXAmount":"505518428","totalYAmount":"1598017967","binRange":"-624--556","inRange":true,"activeBinId":-558,"activeBinCount":69,"responseTime":1753286218180}
07/23 23:57:09 INFO [business-monitoring] MONITORING: onchain-position-info-success | {"positionAddress":"HHaJ5kxi...","poolAddress":"5qP3PM7B...","totalXAmount":"0","totalYAmount":"6399999929","binRange":"-693--625","inRange":false,"activeBinId":-558,"activeBinCount":69,"responseTime":1753286229084}
07/23 23:57:11 INFO [business-monitoring] MONITORING: onchain-position-info-success | {"positionAddress":"GT6A5nwf...","poolAddress":"5qP3PM7B...","totalXAmount":"505518428","totalYAmount":"1598017967","binRange":"-624--556","inRange":true,"activeBinId":-558,"activeBinCount":69,"responseTime":1753286231039}
07/23 23:57:31 INFO [business-monitoring] MONITORING: onchain-position-info-success | {"positionAddress":"HHaJ5kxi...","poolAddress":"5qP3PM7B...","totalXAmount":"0","totalYAmount":"6399999929","binRange":"-693--625","inRange":false,"activeBinId":-558,"activeBinCount":69,"responseTime":1753286251161}
07/23 23:57:32 INFO [business-monitoring] MONITORING: onchain-position-info-success | {"positionAddress":"GT6A5nwf...","poolAddress":"5qP3PM7B...","totalXAmount":"505518428","totalYAmount":"1598017967","binRange":"-624--556","inRange":true,"activeBinId":-558,"activeBinCount":69,"responseTime":1753286252388}
07/23 23:57:42 INFO [business-monitoring] MONITORING: onchain-position-info-success | {"positionAddress":"HHaJ5kxi...","poolAddress":"5qP3PM7B...","totalXAmount":"0","totalYAmount":"6399999929","binRange":"-693--625","inRange":false,"activeBinId":-558,"activeBinCount":69,"responseTime":1753286262962}
07/23 23:57:44 INFO [business-monitoring] MONITORING: onchain-position-info-success | {"positionAddress":"GT6A5nwf...","poolAddress":"5qP3PM7B...","totalXAmount":"505518428","totalYAmount":"1598017967","binRange":"-624--556","inRange":true,"activeBinId":-558,"activeBinCount":69,"responseTime":1753286264781}
07/23 23:57:55 INFO [business-monitoring] MONITORING: onchain-position-info-success | {"positionAddress":"HHaJ5kxi...","poolAddress":"5qP3PM7B...","totalXAmount":"0","totalYAmount":"6399999929","binRange":"-693--625","inRange":false,"activeBinId":-558,"activeBinCount":69,"responseTime":1753286275714}
07/23 23:57:58 INFO [business-monitoring] MONITORING: onchain-position-info-success | {"positionAddress":"GT6A5nwf...","poolAddress":"5qP3PM7B...","totalXAmount":"505518428","totalYAmount":"1598017967","binRange":"-624--556","inRange":true,"activeBinId":-558,"activeBinCount":69,"responseTime":1753286278352}
07/23 23:58:08 INFO [business-monitoring] MONITORING: onchain-position-info-success | {"positionAddress":"HHaJ5kxi...","poolAddress":"5qP3PM7B...","totalXAmount":"0","totalYAmount":"6399999929","binRange":"-693--625","inRange":false,"activeBinId":-558,"activeBinCount":69,"responseTime":1753286288399}
07/23 23:58:10 INFO [business-monitoring] MONITORING: onchain-position-info-success | {"positionAddress":"GT6A5nwf...","poolAddress":"5qP3PM7B...","totalXAmount":"505518428","totalYAmount":"1598017967","binRange":"-624--556","inRange":true,"activeBinId":-558,"activeBinCount":69,"responseTime":1753286290875}
07/23 23:58:20 INFO [business-monitoring] MONITORING: onchain-position-info-success | {"positionAddress":"HHaJ5kxi...","poolAddress":"5qP3PM7B...","totalXAmount":"0","totalYAmount":"6399999929","binRange":"-693--625","inRange":false,"activeBinId":-558,"activeBinCount":69,"responseTime":1753286300900}
07/23 23:58:22 INFO [business-monitoring] MONITORING: onchain-position-info-success | {"positionAddress":"GT6A5nwf...","poolAddress":"5qP3PM7B...","totalXAmount":"505518428","totalYAmount":"1598017967","binRange":"-624--556","inRange":true,"activeBinId":-558,"activeBinCount":69,"responseTime":1753286302920}
07/23 23:58:32 INFO [business-monitoring] MONITORING: onchain-position-info-success | {"positionAddress":"HHaJ5kxi...","poolAddress":"5qP3PM7B...","totalXAmount":"0","totalYAmount":"6399999929","binRange":"-693--625","inRange":false,"activeBinId":-558,"activeBinCount":69,"responseTime":1753286312653}
07/23 23:58:43 INFO [business-monitoring] MONITORING: onchain-position-info-success | {"positionAddress":"GT6A5nwf...","poolAddress":"5qP3PM7B...","totalXAmount":"1715587452","totalYAmount":"1593351686","binRange":"-624--556","inRange":true,"activeBinId":-560,"activeBinCount":69,"responseTime":1753286323567}
07/23 23:58:45 INFO [business-monitoring] MONITORING: onchain-position-info-success | {"positionAddress":"HHaJ5kxi...","poolAddress":"5qP3PM7B...","totalXAmount":"0","totalYAmount":"6399999929","binRange":"-693--625","inRange":false,"activeBinId":-560,"activeBinCount":69,"responseTime":1753286325749}
07/23 23:58:55 INFO [business-monitoring] MONITORING: onchain-position-info-success | {"positionAddress":"GT6A5nwf...","poolAddress":"5qP3PM7B...","totalXAmount":"1715587452","totalYAmount":"1593351686","binRange":"-624--556","inRange":true,"activeBinId":-560,"activeBinCount":69,"responseTime":1753286335634}
07/23 23:58:57 INFO [business-monitoring] MONITORING: onchain-position-info-success | {"positionAddress":"HHaJ5kxi...","poolAddress":"5qP3PM7B...","totalXAmount":"0","totalYAmount":"6399999929","binRange":"-693--625","inRange":false,"activeBinId":-560,"activeBinCount":69,"responseTime":1753286337756}
07/23 23:59:07 INFO [business-monitoring] MONITORING: onchain-position-info-success | {"positionAddress":"GT6A5nwf...","poolAddress":"5qP3PM7B...","totalXAmount":"1715587452","totalYAmount":"1593351686","binRange":"-624--556","inRange":true,"activeBinId":-560,"activeBinCount":69,"responseTime":1753286347992}
07/23 23:59:09 INFO [business-monitoring] MONITORING: onchain-position-info-success | {"positionAddress":"HHaJ5kxi...","poolAddress":"5qP3PM7B...","totalXAmount":"0","totalYAmount":"6399999929","binRange":"-693--625","inRange":false,"activeBinId":-560,"activeBinCount":69,"responseTime":1753286349929}
07/23 23:59:20 INFO [business-monitoring] MONITORING: onchain-position-info-success | {"positionAddress":"GT6A5nwf...","poolAddress":"5qP3PM7B...","totalXAmount":"2579321162","totalYAmount":"1590067658","binRange":"-624--556","inRange":true,"activeBinId":-560,"activeBinCount":69,"responseTime":1753286360621}
07/23 23:59:22 INFO [business-monitoring] MONITORING: onchain-position-info-success | {"positionAddress":"HHaJ5kxi...","poolAddress":"5qP3PM7B...","totalXAmount":"0","totalYAmount":"6399999929","binRange":"-693--625","inRange":false,"activeBinId":-565,"activeBinCount":69,"responseTime":1753286362512}
07/23 23:59:32 INFO [business-monitoring] MONITORING: onchain-position-info-success | {"positionAddress":"GT6A5nwf...","poolAddress":"5qP3PM7B...","totalXAmount":"17527562348","totalYAmount":"1536172595","binRange":"-624--556","inRange":true,"activeBinId":-569,"activeBinCount":69,"responseTime":1753286372201}
07/23 23:59:43 INFO [business-monitoring] MONITORING: onchain-position-info-success | {"positionAddress":"HHaJ5kxi...","poolAddress":"5qP3PM7B...","totalXAmount":"0","totalYAmount":"6399999929","binRange":"-693--625","inRange":false,"activeBinId":-569,"activeBinCount":69,"responseTime":1753286383906}
07/23 23:59:45 INFO [business-monitoring] MONITORING: onchain-position-info-success | {"positionAddress":"GT6A5nwf...","poolAddress":"5qP3PM7B...","totalXAmount":"16508349599","totalYAmount":"1539715914","binRange":"-624--556","inRange":true,"activeBinId":-568,"activeBinCount":69,"responseTime":1753286385897}
07/23 23:59:56 INFO [business-monitoring] MONITORING: onchain-position-info-success | {"positionAddress":"HHaJ5kxi...","poolAddress":"5qP3PM7B...","totalXAmount":"0","totalYAmount":"6399999929","binRange":"-693--625","inRange":false,"activeBinId":-568,"activeBinCount":69,"responseTime":1753286396446}
07/23 23:59:59 INFO [business-monitoring] MONITORING: onchain-position-info-success | {"positionAddress":"GT6A5nwf...","poolAddress":"5qP3PM7B...","totalXAmount":"16508383246","totalYAmount":"1539715803","binRange":"-624--556","inRange":true,"activeBinId":-568,"activeBinCount":69,"responseTime":1753286399623}
07/24 00:00:08 INFO [business-monitoring] MONITORING: onchain-position-info-success | {"positionAddress":"HHaJ5kxi...","poolAddress":"5qP3PM7B...","totalXAmount":"0","totalYAmount":"6399999929","binRange":"-693--625","inRange":false,"activeBinId":-568,"activeBinCount":69,"responseTime":1753286408770}
07/24 00:00:19 INFO [business-monitoring] MONITORING: onchain-position-info-success | {"positionAddress":"GT6A5nwf...","poolAddress":"5qP3PM7B...","totalXAmount":"14861621508","totalYAmount":"1545498777","binRange":"-624--556","inRange":true,"activeBinId":-568,"activeBinCount":69,"responseTime":1753286419528}
07/24 00:00:22 INFO [business-monitoring] MONITORING: onchain-position-info-success | {"positionAddress":"HHaJ5kxi...","poolAddress":"5qP3PM7B...","totalXAmount":"0","totalYAmount":"6399999929","binRange":"-693--625","inRange":false,"activeBinId":-568,"activeBinCount":69,"responseTime":1753286422991}
07/24 00:00:31 INFO [business-monitoring] MONITORING: onchain-position-info-success | {"positionAddress":"GT6A5nwf...","poolAddress":"5qP3PM7B...","totalXAmount":"14854121229","totalYAmount":"1545526940","binRange":"-624--556","inRange":true,"activeBinId":-568,"activeBinCount":69,"responseTime":1753286431834}
07/24 00:00:43 INFO [business-monitoring] MONITORING: onchain-position-info-success | {"positionAddress":"HHaJ5kxi...","poolAddress":"5qP3PM7B...","totalXAmount":"0","totalYAmount":"6399999929","binRange":"-693--625","inRange":false,"activeBinId":-568,"activeBinCount":69,"responseTime":1753286443141}
07/24 00:00:45 INFO [business-monitoring] MONITORING: onchain-position-info-success | {"positionAddress":"GT6A5nwf...","poolAddress":"5qP3PM7B...","totalXAmount":"14854121229","totalYAmount":"1545526940","binRange":"-624--556","inRange":true,"activeBinId":-568,"activeBinCount":69,"responseTime":1753286445123}
07/24 00:00:55 INFO [business-monitoring] MONITORING: onchain-position-info-success | {"positionAddress":"HHaJ5kxi...","poolAddress":"5qP3PM7B...","totalXAmount":"0","totalYAmount":"6399999929","binRange":"-693--625","inRange":false,"activeBinId":-568,"activeBinCount":69,"responseTime":1753286455463}
07/24 00:00:57 INFO [business-monitoring] MONITORING: onchain-position-info-success | {"positionAddress":"GT6A5nwf...","poolAddress":"5qP3PM7B...","totalXAmount":"14854121229","totalYAmount":"1545526940","binRange":"-624--556","inRange":true,"activeBinId":-568,"activeBinCount":69,"responseTime":1753286457403}
07/24 00:01:07 INFO [business-monitoring] MONITORING: onchain-position-info-success | {"positionAddress":"HHaJ5kxi...","poolAddress":"5qP3PM7B...","totalXAmount":"0","totalYAmount":"6399999929","binRange":"-693--625","inRange":false,"activeBinId":-568,"activeBinCount":69,"responseTime":1753286467963}
07/24 00:01:10 INFO [business-monitoring] MONITORING: onchain-position-info-success | {"positionAddress":"GT6A5nwf...","poolAddress":"5qP3PM7B...","totalXAmount":"14057063457","totalYAmount":"1548325595","binRange":"-624--556","inRange":true,"activeBinId":-568,"activeBinCount":69,"responseTime":1753286470523}
07/24 00:01:19 INFO [business-monitoring] MONITORING: onchain-position-info-success | {"positionAddress":"HHaJ5kxi...","poolAddress":"5qP3PM7B...","totalXAmount":"0","totalYAmount":"6399999929","binRange":"-693--625","inRange":false,"activeBinId":-567,"activeBinCount":69,"responseTime":1753286479962}
07/24 00:01:22 INFO [business-monitoring] MONITORING: onchain-position-info-success | {"positionAddress":"GT6A5nwf...","poolAddress":"5qP3PM7B...","totalXAmount":"11815231776","totalYAmount":"1556275905","binRange":"-624--556","inRange":true,"activeBinId":-567,"activeBinCount":69,"responseTime":1753286482349}
07/24 00:01:32 INFO [business-monitoring] MONITORING: onchain-position-info-success | {"positionAddress":"HHaJ5kxi...","poolAddress":"5qP3PM7B...","totalXAmount":"0","totalYAmount":"6399999929","binRange":"-693--625","inRange":false,"activeBinId":-567,"activeBinCount":69,"responseTime":1753286492411}
07/24 00:01:35 INFO [business-monitoring] MONITORING: onchain-position-info-success | {"positionAddress":"GT6A5nwf...","poolAddress":"5qP3PM7B...","totalXAmount":"11815231776","totalYAmount":"1556275905","binRange":"-624--556","inRange":true,"activeBinId":-567,"activeBinCount":69,"responseTime":1753286495227}
07/24 00:01:44 INFO [business-monitoring] MONITORING: onchain-position-info-success | {"positionAddress":"HHaJ5kxi...","poolAddress":"5qP3PM7B...","totalXAmount":"0","totalYAmount":"6399999929","binRange":"-693--625","inRange":false,"activeBinId":-567,"activeBinCount":69,"responseTime":1753286504648}
07/24 00:01:55 INFO [business-monitoring] MONITORING: onchain-position-info-success | {"positionAddress":"GT6A5nwf...","poolAddress":"5qP3PM7B...","totalXAmount":"11815231776","totalYAmount":"1556275905","binRange":"-624--556","inRange":true,"activeBinId":-567,"activeBinCount":69,"responseTime":1753286515890}
07/24 00:01:58 INFO [business-monitoring] MONITORING: onchain-position-info-success | {"positionAddress":"HHaJ5kxi...","poolAddress":"5qP3PM7B...","totalXAmount":"0","totalYAmount":"6399999929","binRange":"-693--625","inRange":false,"activeBinId":-567,"activeBinCount":69,"responseTime":1753286518787}
07/24 00:02:07 INFO [business-monitoring] MONITORING: onchain-position-info-success | {"positionAddress":"GT6A5nwf...","poolAddress":"5qP3PM7B...","totalXAmount":"108912484202","totalYAmount":"1250186316","binRange":"-624--556","inRange":true,"activeBinId":-587,"activeBinCount":69,"responseTime":1753286527858}
07/24 00:02:19 INFO [business-monitoring] MONITORING: onchain-position-info-success | {"positionAddress":"HHaJ5kxi...","poolAddress":"5qP3PM7B...","totalXAmount":"0","totalYAmount":"6399999929","binRange":"-693--625","inRange":false,"activeBinId":-587,"activeBinCount":69,"responseTime":1753286539121}
07/24 00:02:21 INFO [business-monitoring] MONITORING: onchain-position-info-success | {"positionAddress":"GT6A5nwf...","poolAddress":"5qP3PM7B...","totalXAmount":"128347007225","totalYAmount":"1194709423","binRange":"-624--556","inRange":true,"activeBinId":-590,"activeBinCount":69,"responseTime":1753286541236}
07/24 00:02:23 INFO [business-monitoring] MONITORING: transaction-parameters | {"skipPreflight":false,"maxRetries":3,"priorityFee":100000}
07/24 00:02:31 INFO [business-monitoring] MONITORING: onchain-position-info-success | {"positionAddress":"HHaJ5kxi...","poolAddress":"5qP3PM7B...","totalXAmount":"0","totalYAmount":"6399999929","binRange":"-693--625","inRange":false,"activeBinId":-591,"activeBinCount":69,"responseTime":1753286551496}
07/24 00:02:33 INFO [business-monitoring] MONITORING: onchain-position-info-success | {"positionAddress":"GT6A5nwf...","poolAddress":"5qP3PM7B...","totalXAmount":"138047998729","totalYAmount":"1167495952","binRange":"-624--556","inRange":true,"activeBinId":-591,"activeBinCount":69,"responseTime":1753286553402}
07/24 00:02:35 INFO [business-monitoring] MONITORING: transaction-parameters | {"skipPreflight":false,"maxRetries":3,"priorityFee":100000}
07/24 00:02:37 INFO [business-monitoring] MONITORING: transaction-performance | {"responseTime":2541,"success":true,"endpoint":"https://mainnet.helius-rpc.com/?api-key=13d60095-6323-4ef5-bf9a-2a39f0ca7f62"}
07/24 00:02:44 INFO [business-monitoring] MONITORING: onchain-position-info-success | {"positionAddress":"HHaJ5kxi...","poolAddress":"5qP3PM7B...","totalXAmount":"0","totalYAmount":"6399999929","binRange":"-693--625","inRange":false,"activeBinId":-590,"activeBinCount":69,"responseTime":1753286564018}
07/24 00:02:46 INFO [business-monitoring] MONITORING: onchain-position-info-success | {"positionAddress":"GT6A5nwf...","poolAddress":"5qP3PM7B...","totalXAmount":"128561489359","totalYAmount":"1194106072","binRange":"-624--556","inRange":true,"activeBinId":-590,"activeBinCount":69,"responseTime":1753286566431}
07/24 00:02:55 INFO [business-monitoring] MONITORING: onchain-position-info-success | {"positionAddress":"HHaJ5kxi...","poolAddress":"5qP3PM7B...","totalXAmount":"0","totalYAmount":"6399999929","binRange":"-693--625","inRange":false,"activeBinId":-588,"activeBinCount":69,"responseTime":1753286575985}
07/24 00:03:04 INFO [business-monitoring] MONITORING: transaction-performance | {"responseTime":40365,"success":false,"error":"交易验证超时","endpoint":"https://mainnet.helius-rpc.com/?api-key=13d60095-6323-4ef5-bf9a-2a39f0ca7f62"}
07/24 00:03:05 INFO [business-monitoring] MONITORING: onchain-position-info-success | {"positionAddress":"GT6A5nwf...","poolAddress":"5qP3PM7B...","totalXAmount":"108919549320","totalYAmount":"1250168727","binRange":"-624--556","inRange":true,"activeBinId":-588,"activeBinCount":69,"responseTime":1753286585778}
07/24 00:03:07 INFO [business-monitoring] MONITORING: onchain-position-info-success | {"positionAddress":"GT6A5nwf...","poolAddress":"5qP3PM7B...","totalXAmount":"108919549320","totalYAmount":"1250168727","binRange":"-624--556","inRange":true,"activeBinId":-588,"activeBinCount":69,"responseTime":1753286587505}
07/24 00:03:07 INFO [business-monitoring] MONITORING: onchain-position-info-success | {"positionAddress":"HHaJ5kxi...","poolAddress":"5qP3PM7B...","totalXAmount":"0","totalYAmount":"6399999929","binRange":"-693--625","inRange":false,"activeBinId":-588,"activeBinCount":69,"responseTime":1753286587729}
07/24 00:03:08 INFO [business-monitoring] MONITORING: onchain-position-info-success | {"positionAddress":"HHaJ5kxi...","poolAddress":"5qP3PM7B...","totalXAmount":"0","totalYAmount":"6399999929","binRange":"-693--625","inRange":false,"activeBinId":-588,"activeBinCount":69,"responseTime":1753286588684}
07/24 00:03:19 INFO [business-monitoring] MONITORING: onchain-position-info-success | {"positionAddress":"GT6A5nwf...","poolAddress":"5qP3PM7B...","totalXAmount":"108919509858","totalYAmount":"1250168846","binRange":"-624--556","inRange":true,"activeBinId":-588,"activeBinCount":69,"responseTime":1753286599809}
07/24 00:03:22 INFO [business-monitoring] MONITORING: onchain-position-info-success | {"positionAddress":"HHaJ5kxi...","poolAddress":"5qP3PM7B...","totalXAmount":"0","totalYAmount":"6399999929","binRange":"-693--625","inRange":false,"activeBinId":-588,"activeBinCount":69,"responseTime":1753286602189}
07/24 00:03:26 INFO [business-monitoring] MONITORING: balance-query-start | {"publicKey":"GRCpbYmhQXNuqwhFMPs9Q3i4rZ2rJHAh5MRoy73UoTYe","endpoint":"https://mainnet.helius-rpc.com/?api-key=13d60095-6323-4ef5-bf9a-2a39f0ca7f62"}
07/24 00:03:26 INFO [business-monitoring] MONITORING: balance-query-success | {"publicKey":"GRCpbYmhQXNuqwhFMPs9Q3i4rZ2rJHAh5MRoy73UoTYe","balance":0.591531819,"lamports":591531819,"responseTime":162}
07/24 00:03:26 INFO [business-monitoring] MONITORING: balance-query-performance | {"responseTime":162,"success":true,"endpoint":"https://mainnet.helius-rpc.com/?api-key=13d60095-6323-4ef5-bf9a-2a39f0ca7f62"}
07/24 00:03:32 INFO [business-monitoring] MONITORING: onchain-position-info-success | {"positionAddress":"GT6A5nwf...","poolAddress":"5qP3PM7B...","totalXAmount":"94621281207","totalYAmount":"1291928193","binRange":"-624--556","inRange":true,"activeBinId":-586,"activeBinCount":69,"responseTime":1753286612445}
07/24 00:03:33 INFO [business-monitoring] MONITORING: onchain-position-info-success | {"positionAddress":"HHaJ5kxi...","poolAddress":"5qP3PM7B...","totalXAmount":"0","totalYAmount":"6399999929","binRange":"-693--625","inRange":false,"activeBinId":-586,"activeBinCount":69,"responseTime":1753286613800}
07/24 00:03:44 INFO [business-monitoring] MONITORING: onchain-position-info-success | {"positionAddress":"GT6A5nwf...","poolAddress":"5qP3PM7B...","totalXAmount":"94621281207","totalYAmount":"1291928193","binRange":"-624--556","inRange":true,"activeBinId":-586,"activeBinCount":69,"responseTime":1753286624314}
07/24 00:03:46 INFO [business-monitoring] MONITORING: onchain-position-info-success | {"positionAddress":"HHaJ5kxi...","poolAddress":"5qP3PM7B...","totalXAmount":"0","totalYAmount":"6399999929","binRange":"-693--625","inRange":false,"activeBinId":-586,"activeBinCount":69,"responseTime":1753286626470}
07/24 00:03:56 INFO [business-monitoring] MONITORING: onchain-position-info-success | {"positionAddress":"GT6A5nwf...","poolAddress":"5qP3PM7B...","totalXAmount":"86462712639","totalYAmount":"1316159897","binRange":"-624--556","inRange":true,"activeBinId":-584,"activeBinCount":69,"responseTime":1753286636835}
07/24 00:03:58 INFO [business-monitoring] MONITORING: onchain-position-info-success | {"positionAddress":"HHaJ5kxi...","poolAddress":"5qP3PM7B...","totalXAmount":"0","totalYAmount":"6399999929","binRange":"-693--625","inRange":false,"activeBinId":-584,"activeBinCount":69,"responseTime":1753286638444}
07/24 00:04:08 INFO [business-monitoring] MONITORING: onchain-position-info-success | {"positionAddress":"GT6A5nwf...","poolAddress":"5qP3PM7B...","totalXAmount":"86462712639","totalYAmount":"1316159897","binRange":"-624--556","inRange":true,"activeBinId":-584,"activeBinCount":69,"responseTime":1753286648462}
07/24 00:04:10 INFO [business-monitoring] MONITORING: onchain-position-info-success | {"positionAddress":"HHaJ5kxi...","poolAddress":"5qP3PM7B...","totalXAmount":"0","totalYAmount":"6399999929","binRange":"-693--625","inRange":false,"activeBinId":-584,"activeBinCount":69,"responseTime":1753286650143}
07/24 00:04:21 INFO [business-monitoring] MONITORING: onchain-position-info-success | {"positionAddress":"GT6A5nwf...","poolAddress":"5qP3PM7B...","totalXAmount":"86462712639","totalYAmount":"1316159897","binRange":"-624--556","inRange":true,"activeBinId":-584,"activeBinCount":69,"responseTime":1753286661296}
07/24 00:04:22 INFO [business-monitoring] MONITORING: onchain-position-info-success | {"positionAddress":"HHaJ5kxi...","poolAddress":"5qP3PM7B...","totalXAmount":"0","totalYAmount":"6399999929","binRange":"-693--625","inRange":false,"activeBinId":-584,"activeBinCount":69,"responseTime":1753286662866}
07/24 00:04:33 INFO [business-monitoring] MONITORING: onchain-position-info-success | {"positionAddress":"GT6A5nwf...","poolAddress":"5qP3PM7B...","totalXAmount":"86462712639","totalYAmount":"1316159897","binRange":"-624--556","inRange":true,"activeBinId":-584,"activeBinCount":69,"responseTime":1753286673279}
07/24 00:04:34 INFO [business-monitoring] MONITORING: onchain-position-info-success | {"positionAddress":"HHaJ5kxi...","poolAddress":"5qP3PM7B...","totalXAmount":"0","totalYAmount":"6399999929","binRange":"-693--625","inRange":false,"activeBinId":-584,"activeBinCount":69,"responseTime":1753286674935}
07/24 00:04:45 INFO [business-monitoring] MONITORING: onchain-position-info-success | {"positionAddress":"GT6A5nwf...","poolAddress":"5qP3PM7B...","totalXAmount":"87930317886","totalYAmount":"1311766295","binRange":"-624--556","inRange":true,"activeBinId":-585,"activeBinCount":69,"responseTime":1753286685558}
07/24 00:04:47 INFO [business-monitoring] MONITORING: onchain-position-info-success | {"positionAddress":"HHaJ5kxi...","poolAddress":"5qP3PM7B...","totalXAmount":"0","totalYAmount":"6399999929","binRange":"-693--625","inRange":false,"activeBinId":-589,"activeBinCount":69,"responseTime":1753286687435}
07/24 00:05:07 INFO [business-monitoring] MONITORING: onchain-position-info-success | {"positionAddress":"HHaJ5kxi...","poolAddress":"5qP3PM7B...","totalXAmount":"0","totalYAmount":"6399999929","binRange":"-693--625","inRange":false,"activeBinId":-588,"activeBinCount":69,"responseTime":1753286707711}
07/24 00:05:08 INFO [business-monitoring] MONITORING: onchain-position-info-success | {"positionAddress":"GT6A5nwf...","poolAddress":"5qP3PM7B...","totalXAmount":"116506667981","totalYAmount":"1228336664","binRange":"-624--556","inRange":true,"activeBinId":-588,"activeBinCount":69,"responseTime":1753286708423}
07/24 00:05:11 INFO [business-monitoring] MONITORING: transaction-parameters | {"skipPreflight":false,"maxRetries":3,"priorityFee":100000}
07/24 00:05:14 INFO [business-monitoring] MONITORING: transaction-performance | {"responseTime":2567,"success":true,"endpoint":"https://mainnet.helius-rpc.com/?api-key=13d60095-6323-4ef5-bf9a-2a39f0ca7f62"}
07/24 00:05:19 INFO [business-monitoring] MONITORING: onchain-position-info-success | {"positionAddress":"HHaJ5kxi...","poolAddress":"5qP3PM7B...","totalXAmount":"0","totalYAmount":"6399999929","binRange":"-693--625","inRange":false,"activeBinId":-584,"activeBinCount":69,"responseTime":1753286719523}
07/24 00:05:22 INFO [business-monitoring] MONITORING: onchain-position-info-success | {"positionAddress":"GT6A5nwf...","poolAddress":"5qP3PM7B...","totalXAmount":"87857557252","totalYAmount":"1311983839","binRange":"-624--556","inRange":true,"activeBinId":-584,"activeBinCount":69,"responseTime":1753286722278}
07/24 00:05:31 INFO [business-monitoring] MONITORING: onchain-position-info-success | {"positionAddress":"HHaJ5kxi...","poolAddress":"5qP3PM7B...","totalXAmount":"0","totalYAmount":"6399999929","binRange":"-693--625","inRange":false,"activeBinId":-584,"activeBinCount":69,"responseTime":1753286731416}
07/24 00:05:44 INFO [business-monitoring] MONITORING: onchain-position-info-success | {"positionAddress":"HHaJ5kxi...","poolAddress":"5qP3PM7B...","totalXAmount":"0","totalYAmount":"6399999929","binRange":"-693--625","inRange":false,"activeBinId":-584,"activeBinCount":69,"responseTime":1753286744196}
07/24 00:05:44 INFO [business-monitoring] MONITORING: onchain-position-info-success | {"positionAddress":"GT6A5nwf...","poolAddress":"5qP3PM7B...","totalXAmount":"87857557252","totalYAmount":"1311983839","binRange":"-624--556","inRange":true,"activeBinId":-584,"activeBinCount":69,"responseTime":1753286744884}
07/24 00:06:07 INFO [business-monitoring] MONITORING: onchain-position-info-success | {"positionAddress":"HHaJ5kxi...","poolAddress":"5qP3PM7B...","totalXAmount":"0","totalYAmount":"6399999929","binRange":"-693--625","inRange":false,"activeBinId":-580,"activeBinCount":69,"responseTime":1753286767288}
07/24 00:06:07 INFO [business-monitoring] MONITORING: onchain-position-info-success | {"positionAddress":"GT6A5nwf...","poolAddress":"5qP3PM7B...","totalXAmount":"58612554077","totalYAmount":"1401245700","binRange":"-624--556","inRange":true,"activeBinId":-580,"activeBinCount":69,"responseTime":1753286767292}
07/24 00:06:19 INFO [business-monitoring] MONITORING: onchain-position-info-success | {"positionAddress":"HHaJ5kxi...","poolAddress":"5qP3PM7B...","totalXAmount":"0","totalYAmount":"6399999929","binRange":"-693--625","inRange":false,"activeBinId":-580,"activeBinCount":69,"responseTime":1753286779326}
07/24 00:06:19 INFO [business-monitoring] MONITORING: onchain-position-info-success | {"positionAddress":"GT6A5nwf...","poolAddress":"5qP3PM7B...","totalXAmount":"58612554077","totalYAmount":"1401245700","binRange":"-624--556","inRange":true,"activeBinId":-580,"activeBinCount":69,"responseTime":1753286779824}
07/24 00:06:31 INFO [business-monitoring] MONITORING: onchain-position-info-success | {"positionAddress":"HHaJ5kxi...","poolAddress":"5qP3PM7B...","totalXAmount":"0","totalYAmount":"6399999929","binRange":"-693--625","inRange":false,"activeBinId":-580,"activeBinCount":69,"responseTime":1753286791643}
07/24 00:06:31 INFO [business-monitoring] MONITORING: onchain-position-info-success | {"positionAddress":"GT6A5nwf...","poolAddress":"5qP3PM7B...","totalXAmount":"58612554077","totalYAmount":"1401245700","binRange":"-624--556","inRange":true,"activeBinId":-580,"activeBinCount":69,"responseTime":1753286791925}
07/24 00:06:43 INFO [business-monitoring] MONITORING: onchain-position-info-success | {"positionAddress":"HHaJ5kxi...","poolAddress":"5qP3PM7B...","totalXAmount":"0","totalYAmount":"6399999929","binRange":"-693--625","inRange":false,"activeBinId":-580,"activeBinCount":69,"responseTime":1753286803778}
07/24 00:06:43 INFO [business-monitoring] MONITORING: onchain-position-info-success | {"positionAddress":"GT6A5nwf...","poolAddress":"5qP3PM7B...","totalXAmount":"58612554078","totalYAmount":"1401245700","binRange":"-624--556","inRange":true,"activeBinId":-580,"activeBinCount":69,"responseTime":1753286803832}
