07/23 23:54:43 INFO [system] 🚀 日志系统已启动，所有旧日志已清理
07/23 23:54:43 INFO [system] 策略实例创建: APP
07/23 23:54:43 INFO [system] 🔧 [APP] 开始分阶段初始化系统服务...
07/23 23:54:43 INFO [system] 🔧 [阶段1] 初始化核心基础设施...
07/23 23:54:43 INFO [system] ⚙️ [阶段1] 加载配置文件...
07/23 23:54:43 INFO [system] ✅ [阶段1] 核心基础设施初始化完成
07/23 23:54:43 INFO [system] 🔧 [阶段2] 初始化区块链服务...
07/23 23:54:43 INFO [system] Solana连接初始化完成: https://mainnet.helius-rpc.com/?api-key=13d60095-6323-4ef5-bf9a-2a39f0ca7f62
07/23 23:54:43 INFO [system] Solana连接初始化完成: https://mainnet.helius-rpc.com/?api-key=13d60095-6323-4ef5-bf9a-2a39f0ca7f62
07/23 23:54:43 INFO [system] ✅ [阶段2] 区块链服务初始化完成
07/23 23:54:43 INFO [system] 🔧 [阶段3] 初始化外部服务...
07/23 23:54:43 INFO [system] JupiterService开始初始化...
07/23 23:54:43 INFO [system] 🚀 强制使用Jupiter Ultra API (lite-api.jup.ag/ultra/v1) - V6功能已注释
07/23 23:54:43 INFO [system] Jupiter API连接验证跳过 (惰性加载)
07/23 23:54:43 INFO [system] JupiterService初始化完成 v2.0.0 - API: https://quote-api.jup.ag/v6
07/23 23:54:43 INFO [system] ✅ [阶段3] JupiterService 初始化成功
07/23 23:54:43 INFO [system] DLMM SDK导入成功
07/23 23:54:43 INFO [system] MeteoraService初始化完成
07/23 23:54:43 INFO [system] ✅ [阶段3] MeteoraService 初始化成功
07/23 23:54:43 INFO [system] HeliusService开始初始化...
07/23 23:54:43 WARN [system] Helius API密钥未配置，服务将使用受限功能
07/23 23:54:43 WARN [system] 没有API密钥，跳过连接验证
07/23 23:54:43 INFO [system] HeliusService初始化完成 v2.0.0, API连接: 未配置
07/23 23:54:43 INFO [system] ✅ [阶段3] HeliusService 初始化成功
07/23 23:54:43 INFO [system] ✅ [阶段3] 外部服务初始化完成
07/23 23:54:43 INFO [system] 🔧 [阶段4] 初始化业务服务...
07/23 23:54:43 INFO [system] 🔧 [阶段4] 初始化策略管理器...
07/23 23:54:43 INFO [system] MeteoraService is successfully injected into YPositionManager.
07/23 23:54:43 INFO [system] [StrategyRegistry] 注册策略执行器: simple-y vv3.0.0-modular
07/23 23:54:43 INFO [system] ✅ SimpleYExecutor已注册
07/23 23:54:43 INFO [system] [StrategyRegistry] 注册策略执行器: chain_position vvv2.0.0-event-driven
07/23 23:54:43 INFO [system] ✅ ChainPositionExecutor已注册
07/23 23:54:43 INFO [system] [StrategyManager] 初始化策略管理器...
07/23 23:54:43 INFO [system] [StrategyStorage] 存储初始化完成: /Users/wwgg/Documents/sol_meteora_dlmm/dlmm-liquidity-manager/data/strategies
07/23 23:54:43 INFO [system] [StrategyStorage] 加载了 5 个策略实例
07/23 23:54:43 INFO [system] [StrategyScheduler] 事件驱动调度器启动成功 v2.0
07/23 23:54:43 INFO [system] [StrategyManager] 策略管理器初始化完成，加载 5 个实例
07/23 23:54:43 INFO [system] ✅ [策略] 策略管理器初始化完成
07/23 23:54:43 INFO [system] ✅ [阶段4] 业务服务初始化完成
07/23 23:54:43 INFO [system] 🔧 [APP] 分阶段服务初始化完成
07/23 23:54:43 INFO [system] 🔧 [APP] DLMM应用程序初始化完成
07/23 23:54:43 INFO [system] 🚀 [APP] 🎉 DLMM系统启动完成!
07/23 23:54:43 INFO [system] 🌐 [APP] API服务器将在端口 7000 启动
07/23 23:54:43 INFO [system] 池爬虫独立日志器已创建
07/23 23:54:43 INFO [system] 🔧 正在初始化依赖注入容器...
07/23 23:54:43 INFO [system] 🔧 正在初始化关键服务...
07/23 23:54:43 INFO [system] 开始初始化WalletService
07/23 23:54:43 INFO [system] WalletService初始化完成 (路径: /Users/wwgg/Documents/sol_meteora_dlmm/dlmm-liquidity-manager/data/wallet.enc)
07/23 23:54:43 INFO [system] Solana连接初始化完成: https://mainnet.helius-rpc.com/?api-key=13d60095-6323-4ef5-bf9a-2a39f0ca7f62
07/23 23:54:43 INFO [system] 🔄 已加载 0 条推送记录
07/23 23:54:43 INFO [system] 🔄 [PushStorage] 推送状态存储管理器初始化完成
07/23 23:54:43 INFO [system] MultiRPCService开始初始化...
07/23 23:54:43 INFO [system] MultiRPCService初始化完成 v2.0.0: 3个端点
07/23 23:54:43 INFO [system] GasService开始初始化...
07/23 23:54:43 INFO [system] GasService初始化完成 v2.0.0
07/23 23:54:43 INFO [system] JupiterService开始初始化...
07/23 23:54:43 INFO [system] 🚀 强制使用Jupiter Ultra API (lite-api.jup.ag/ultra/v1) - V6功能已注释
07/23 23:54:43 INFO [system] Jupiter API连接验证跳过 (惰性加载)
07/23 23:54:43 INFO [system] JupiterService初始化完成 v2.0.0 - API: https://quote-api.jup.ag/v6
07/23 23:54:43 INFO [system] DLMM SDK导入成功
07/23 23:54:43 INFO [system] MeteoraService初始化完成
07/23 23:54:43 INFO [system] HeliusService开始初始化...
07/23 23:54:43 WARN [system] Helius API密钥未配置，服务将使用受限功能
07/23 23:54:43 WARN [system] 没有API密钥，跳过连接验证
07/23 23:54:43 INFO [system] HeliusService初始化完成 v2.0.0, API连接: 未配置
07/23 23:54:43 INFO [system] ✅ 关键服务初始化完成
07/23 23:54:44 INFO [system] GasService启动完成 (已禁用定期轮询)
07/23 23:54:44 INFO [system] ✅ 所有服务初始化完成 (真实服务模式)
07/23 23:54:44 INFO [system] 🎯 初始化策略管理器...
07/23 23:54:44 WARN [system] [StrategyRegistry] 策略类型已存在，将覆盖: simple-y
07/23 23:54:44 INFO [system] [StrategyRegistry] 注册策略执行器: simple-y vv3.0.0-modular
07/23 23:54:44 INFO [system] ✅ SimpleYExecutor注册成功 (类型: simple-y)
07/23 23:54:44 WARN [system] [StrategyRegistry] 策略类型已存在，将覆盖: chain_position
07/23 23:54:44 INFO [system] [StrategyRegistry] 注册策略执行器: chain_position vvv2.0.0-event-driven
07/23 23:54:44 INFO [system] ✅ ChainPositionExecutor注册成功 (类型: chain_position)
07/23 23:54:44 WARN [system] [StrategyScheduler] 调度器已在运行
07/23 23:54:44 INFO [system] ✅ StrategyScheduler启动成功
07/23 23:54:44 INFO [system] ✅ StrategyManager初始化成功
07/23 23:54:44 INFO [system] [StrategyHealthChecker] 开始健康检查 - 检查 5 个策略实例
07/23 23:54:44 INFO [system] [StrategyHealthChecker] 健康检查完成 - 耗时: 3ms, 发现问题: 0 个
07/23 23:54:44 INFO [system] [StrategyHealthChecker] 健康检查已启动 - 检查间隔: 60秒, 自动修复: 启用
07/23 23:54:44 INFO [system] ✅ StrategyHealthChecker启动成功
07/23 23:54:44 INFO [system] 🎯 策略管理器初始化完成
07/23 23:54:44 INFO [system] 🚀 启动DLMM API服务器...
07/23 23:54:44 INFO [system] 🔧 配置Express中间件...
07/23 23:54:44 INFO [system] 📁 静态文件目录: /Users/wwgg/Documents/sol_meteora_dlmm/dlmm-liquidity-manager/web/public
07/23 23:54:44 INFO [system] 📁 目录存在: true
07/23 23:54:44 INFO [system] 📄 index.html存在: true
07/23 23:54:44 INFO [system] 📄 config.js存在: true
07/23 23:54:44 INFO [system] ✅ Express中间件配置完成
07/23 23:54:44 INFO [system] 🔧 配置API路由...
07/23 23:54:44 INFO [system] ✅ API路由配置完成
07/23 23:54:44 INFO [system] 🔌 Socket.IO服务已初始化（已清理旧实例）
07/23 23:54:44 INFO [system] ✅ [APP] API服务器启动成功在端口 7000
07/23 23:54:44 INFO [system] 🎉 DLMM服务器启动成功在端口 7000
07/23 23:54:44 INFO [system] 📡 API服务器: http://localhost:7000
07/23 23:54:44 INFO [system] 🔌 Socket.IO服务器: http://localhost:7000/socket.io/
07/23 23:54:44 INFO [system] 🔌 WebSocket协议: ws://localhost:7000
07/23 23:54:44 INFO [system] 📊 [APP] 监控服务器将在端口 7003 启动
07/23 23:54:44 INFO [system] 🌐 [APP] API服务器: http://localhost:7000
07/23 23:54:44 INFO [system] 📊 [APP] 监控端点: http://localhost:7003
07/23 23:54:52 INFO [system] 🔓 钱包已解锁: GRCpbYmhQXNuqwhFMPs9Q3i4rZ2rJHAh5MRoy73UoTYe
07/23 23:55:04 INFO [system] [StrategyManager] 策略实例旧状态已清理: chain_position_1753284004910_om4wiz
07/23 23:55:04 INFO [system] [StrategyManager] 策略实例配置已设置: chain_position_1753284004910_om4wiz
07/23 23:55:04 INFO [system] [StrategyScheduler] 启动策略: chain_position_1753284004910_om4wiz
07/23 23:55:04 INFO [system] 策略实例创建: chain_position_1753284004910_om4wiz
07/23 23:55:04 INFO [system] 策略交易前主动更新优先费用数据
07/23 23:55:05 INFO [system] 创建新池实例: 5qP3PM7B...
07/23 23:55:05 INFO [system] 池实例创建并缓存: 5qP3PM7B... (总数: 1)
07/23 23:55:06 INFO [system] 💰 活跃bin价格: 5qP3PM7B... bin=-556, 价格=0.00000396
07/23 23:55:07 INFO [system] 💰 活跃bin价格: 5qP3PM7B... bin=-556, 价格=0.00000396
07/23 23:55:07 INFO [system] 💰 活跃bin价格: 5qP3PM7B... bin=-556, 价格=0.00000396
07/23 23:55:11 INFO [system] ✅ 交易验证: 5SXGHfr7... (第1次尝试) confirmed
07/23 23:55:11 INFO [system] 💾 [State] 设置状态: position:HHaJ5kxi2xY4eDdVFsqSQDvXc2FCvEK6jHS9rdExb6gC
07/23 23:55:11 INFO [system] 成功添加头寸到缓存: HHaJ5kxi2xY4eDdVFsqSQDvXc2FCvEK6jHS9rdExb6gC
07/23 23:55:11 INFO [system] ✅ 交易验证: 54TZkdys... (第1次尝试) confirmed
07/23 23:55:11 INFO [system] 💾 [State] 设置状态: position:GT6A5nwf27sW4hKEXWzVukgYmu8vCcLygPW6XLMJWVUg
07/23 23:55:11 INFO [system] 成功添加头寸到缓存: GT6A5nwf27sW4hKEXWzVukgYmu8vCcLygPW6XLMJWVUg
07/23 23:55:15 INFO [system] ✅ 交易验证: 3RNEiLdT... (第1次尝试) confirmed
07/23 23:55:15 INFO [system] ✅ Curve策略（反向直角三角形分布）流动性添加成功! 交易签名: 3RNEiLdTM3BfQH32LyXyoTgmgfR88eLQ7ksexiH4b5SQJw2rgvvEpWvLaQt4x7iKRnhhhEF1k3h5ZxjiKRFxg4wV
07/23 23:55:15 INFO [system] ✅ 重试成功: liquidity.add (第1次尝试) 耗时:4.6s
07/23 23:55:15 INFO [system] ✅ 重试成功: chain.position.create (第1次尝试) 耗时:10.4s
07/23 23:55:16 INFO [system] 💰 活跃bin价格: 5qP3PM7B... bin=-556, 价格=0.00000396
07/23 23:55:16 INFO [system] 🏭 开始为实例 [chain_position_1753284004910_om4wiz] 创建独立的服务栈
07/23 23:55:16 INFO [system] 📋 加载 166 个收益追踪器
07/23 23:55:16 INFO [system] ✅ 累积收益追踪管理器初始化完成
07/23 23:55:16 INFO [system] ✅ 实例 [chain_position_1753284004910_om4wiz] 服务栈创建完成 (当前实例总数: 1)
07/23 23:55:16 INFO [system] [StrategyScheduler] ✅ 策略启动成功: chain_position_1753284004910_om4wiz (事件驱动模式)
07/23 23:55:16 INFO [system] [StrategyManager] 立即执行策略初始化: chain_position_1753284004910_om4wiz
07/23 23:55:16 INFO [system] [StrategyManager] 策略初始化执行成功: chain_position_1753284004910_om4wiz
07/23 23:55:29 INFO [system] 💰 活跃bin价格: 5qP3PM7B... bin=-556, 价格=0.00000396
07/23 23:55:31 INFO [system] 🔧 池连接成功: 代币精度 X=6, Y=9
07/23 23:55:31 INFO [system] 🔧 池连接成功: 代币精度 X=6, Y=9
07/23 23:55:31 INFO [system] 📊 头寸数据解析完成: 包含 69 个bin
07/23 23:55:31 INFO [system] 📊 头寸数据解析完成: 包含 69 个bin
07/23 23:55:31 INFO [system] 🎯 池活跃Bin: -556 (通过API获取)
07/23 23:55:31 INFO [system] 💰 代币总量: TokenX=2.525411, TokenY=1.599989201, bins=69/69, 在范围=true
07/23 23:55:31 INFO [system] ✅ 链上头寸信息获取成功: TokenX=2.525411, TokenY=1.599989201, 范围=[-624, -556], 在范围内=true
07/23 23:55:31 INFO [system] 🔍 获取头寸收益: GT6A5nwf...
07/23 23:55:32 INFO [system] 🎯 池活跃Bin: -556 (通过API获取)
07/23 23:55:32 INFO [system] 💰 代币总量: TokenX=0, TokenY=6.399999929, bins=69/69, 在范围=false
07/23 23:55:32 INFO [system] ✅ 链上头寸信息获取成功: TokenX=0, TokenY=6.399999929, 范围=[-693, -625], 在范围内=false
07/23 23:55:32 INFO [system] 🔍 获取头寸收益: HHaJ5kxi...
07/23 23:55:32 INFO [system] 💰 收益数据: X=0, Y=0, XExclude=0, YExclude=0
07/23 23:55:32 INFO [system] 💰 收益数据: X=0, Y=0, XExclude=0, YExclude=0
07/23 23:55:32 INFO [system] 🎯 连锁头寸整体范围(连锁头寸策略监控): [-693, -556], 包含2个头寸 (无额外RPC调用)
07/23 23:55:32 INFO [system] 🔧 智能止损bin数据(连锁头寸策略监控): activeBin=-556, range=[-693, -556], 基准收益率=未就绪 - 零额外RPC调用
07/23 23:55:32 INFO [system] 🎯 连锁头寸整体范围(内部分析报告生成): [-693, -556], 包含2个头寸 (无额外RPC调用)
07/23 23:55:32 INFO [system] 🔧 智能止损bin数据(内部分析报告生成): activeBin=-556, range=[-693, -556], 基准收益率=未就绪 - 零额外RPC调用
07/23 23:55:41 INFO [system] 💰 活跃bin价格: 5qP3PM7B... bin=-556, 价格=0.00000396
07/23 23:55:42 INFO [system] 🔧 池连接成功: 代币精度 X=6, Y=9
07/23 23:55:43 INFO [system] 📊 头寸数据解析完成: 包含 69 个bin
07/23 23:55:43 INFO [system] 🎯 池活跃Bin: -556 (通过API获取)
07/23 23:55:43 INFO [system] 💰 代币总量: TokenX=2.525411, TokenY=1.599989201, bins=69/69, 在范围=true
07/23 23:55:43 INFO [system] ✅ 链上头寸信息获取成功: TokenX=2.525411, TokenY=1.599989201, 范围=[-624, -556], 在范围内=true
07/23 23:55:43 INFO [system] 🔍 获取头寸收益: GT6A5nwf...
07/23 23:55:44 INFO [system] 💰 收益数据: X=0, Y=0, XExclude=0, YExclude=0
07/23 23:55:44 INFO [system] [StrategyHealthChecker] 开始健康检查 - 检查 5 个策略实例
07/23 23:55:44 INFO [system] [StrategyHealthChecker] 健康检查完成 - 耗时: 4ms, 发现问题: 0 个
07/23 23:55:45 INFO [system] 🔧 池连接成功: 代币精度 X=6, Y=9
07/23 23:55:45 INFO [system] 📊 头寸数据解析完成: 包含 69 个bin
07/23 23:55:45 INFO [system] 🎯 池活跃Bin: -556 (通过API获取)
07/23 23:55:45 INFO [system] 💰 代币总量: TokenX=0, TokenY=6.399999929, bins=69/69, 在范围=false
07/23 23:55:45 INFO [system] ✅ 链上头寸信息获取成功: TokenX=0, TokenY=6.399999929, 范围=[-693, -625], 在范围内=false
07/23 23:55:45 INFO [system] 🎯 连锁头寸整体范围(连锁头寸策略监控): [-693, -556], 包含2个头寸 (无额外RPC调用)
07/23 23:55:45 INFO [system] 🔧 智能止损bin数据(连锁头寸策略监控): activeBin=-556, range=[-693, -556], 基准收益率=未就绪 - 零额外RPC调用
07/23 23:55:45 INFO [system] 🎯 连锁头寸整体范围(内部分析报告生成): [-693, -556], 包含2个头寸 (无额外RPC调用)
07/23 23:55:45 INFO [system] 🔧 智能止损bin数据(内部分析报告生成): activeBin=-556, range=[-693, -556], 基准收益率=未就绪 - 零额外RPC调用
07/23 23:55:53 INFO [system] 💰 活跃bin价格: 5qP3PM7B... bin=-557, 价格=0.00000392
07/23 23:55:53 INFO [system] 🔍 获取头寸收益: HHaJ5kxi...
07/23 23:55:53 INFO [system] 💰 收益数据: X=0, Y=0, XExclude=0, YExclude=0
07/23 23:55:54 INFO [system] 🔧 池连接成功: 代币精度 X=6, Y=9
07/23 23:55:54 INFO [system] 📊 头寸数据解析完成: 包含 69 个bin
07/23 23:55:55 INFO [system] 🎯 池活跃Bin: -561 (通过API获取)
07/23 23:55:55 INFO [system] 💰 代币总量: TokenX=3083.741781, TokenY=1.588163151, bins=69/69, 在范围=true
07/23 23:55:55 INFO [system] ✅ 链上头寸信息获取成功: TokenX=3083.741781, TokenY=1.588163151, 范围=[-624, -556], 在范围内=true
07/23 23:55:55 INFO [system] 🎯 连锁头寸整体范围(连锁头寸策略监控): [-693, -556], 包含2个头寸 (无额外RPC调用)
07/23 23:55:55 INFO [system] 🔧 智能止损bin数据(连锁头寸策略监控): activeBin=-557, range=[-693, -556], 基准收益率=未就绪 - 零额外RPC调用
07/23 23:55:55 INFO [system] 🎯 连锁头寸整体范围(内部分析报告生成): [-693, -556], 包含2个头寸 (无额外RPC调用)
07/23 23:55:55 INFO [system] 🔧 智能止损bin数据(内部分析报告生成): activeBin=-557, range=[-693, -556], 基准收益率=未就绪 - 零额外RPC调用
07/23 23:56:05 INFO [system] 💰 活跃bin价格: 5qP3PM7B... bin=-561, 价格=0.00000376
07/23 23:56:06 INFO [system] 🔧 池连接成功: 代币精度 X=6, Y=9
07/23 23:56:06 INFO [system] 📊 头寸数据解析完成: 包含 69 个bin
07/23 23:56:06 INFO [system] 🔧 池连接成功: 代币精度 X=6, Y=9
07/23 23:56:06 INFO [system] 🎯 池活跃Bin: -561 (通过API获取)
07/23 23:56:06 INFO [system] 💰 代币总量: TokenX=0, TokenY=6.399999929, bins=69/69, 在范围=false
07/23 23:56:06 INFO [system] ✅ 链上头寸信息获取成功: TokenX=0, TokenY=6.399999929, 范围=[-693, -625], 在范围内=false
07/23 23:56:06 INFO [system] 🔍 获取头寸收益: HHaJ5kxi...
07/23 23:56:07 INFO [system] 📊 头寸数据解析完成: 包含 69 个bin
07/23 23:56:07 INFO [system] 🎯 池活跃Bin: -561 (通过API获取)
07/23 23:56:07 INFO [system] 💰 代币总量: TokenX=3083.741781, TokenY=1.588163151, bins=69/69, 在范围=true
07/23 23:56:07 INFO [system] ✅ 链上头寸信息获取成功: TokenX=3083.741781, TokenY=1.588163151, 范围=[-624, -556], 在范围内=true
07/23 23:56:07 INFO [system] 🔍 获取头寸收益: GT6A5nwf...
07/23 23:56:07 INFO [system] 💰 收益数据: X=0, Y=0, XExclude=0, YExclude=0
07/23 23:56:08 INFO [system] 💰 收益数据: X=209782692, Y=0, XExclude=209782692, YExclude=0
07/23 23:56:08 INFO [system] 🎯 连锁头寸整体范围(连锁头寸策略监控): [-693, -556], 包含2个头寸 (无额外RPC调用)
07/23 23:56:08 INFO [system] 🔧 智能止损bin数据(连锁头寸策略监控): activeBin=-561, range=[-693, -556], 基准收益率=未就绪 - 零额外RPC调用
07/23 23:56:08 INFO [system] 🎯 连锁头寸整体范围(内部分析报告生成): [-693, -556], 包含2个头寸 (无额外RPC调用)
07/23 23:56:08 INFO [system] 🔧 智能止损bin数据(内部分析报告生成): activeBin=-561, range=[-693, -556], 基准收益率=未就绪 - 零额外RPC调用
07/23 23:56:17 INFO [system] 💰 活跃bin价格: 5qP3PM7B... bin=-561, 价格=0.00000376
07/23 23:56:18 INFO [system] 🔧 池连接成功: 代币精度 X=6, Y=9
07/23 23:56:19 INFO [system] 📊 头寸数据解析完成: 包含 69 个bin
07/23 23:56:19 INFO [system] 🔧 池连接成功: 代币精度 X=6, Y=9
07/23 23:56:19 INFO [system] 🎯 池活跃Bin: -561 (通过API获取)
07/23 23:56:19 INFO [system] 💰 代币总量: TokenX=0, TokenY=6.399999929, bins=69/69, 在范围=false
07/23 23:56:19 INFO [system] ✅ 链上头寸信息获取成功: TokenX=0, TokenY=6.399999929, 范围=[-693, -625], 在范围内=false
07/23 23:56:19 INFO [system] 🔍 获取头寸收益: HHaJ5kxi...
07/23 23:56:19 INFO [system] 📊 头寸数据解析完成: 包含 69 个bin
07/23 23:56:20 INFO [system] 💰 收益数据: X=0, Y=0, XExclude=0, YExclude=0
07/23 23:56:20 INFO [system] 🎯 池活跃Bin: -561 (通过API获取)
07/23 23:56:20 INFO [system] 💰 代币总量: TokenX=3101.84004, TokenY=1.588099495, bins=69/69, 在范围=true
07/23 23:56:20 INFO [system] ✅ 链上头寸信息获取成功: TokenX=3101.84004, TokenY=1.588099495, 范围=[-624, -556], 在范围内=true
07/23 23:56:20 INFO [system] 🔍 获取头寸收益: GT6A5nwf...
07/23 23:56:21 INFO [system] 💰 收益数据: X=209782692, Y=0, XExclude=209782692, YExclude=0
07/23 23:56:21 INFO [system] 🎯 连锁头寸整体范围(连锁头寸策略监控): [-693, -556], 包含2个头寸 (无额外RPC调用)
07/23 23:56:21 INFO [system] 🔧 智能止损bin数据(连锁头寸策略监控): activeBin=-561, range=[-693, -556], 基准收益率=未就绪 - 零额外RPC调用
07/23 23:56:21 INFO [system] 🎯 连锁头寸整体范围(内部分析报告生成): [-693, -556], 包含2个头寸 (无额外RPC调用)
07/23 23:56:21 INFO [system] 🔧 智能止损bin数据(内部分析报告生成): activeBin=-561, range=[-693, -556], 基准收益率=未就绪 - 零额外RPC调用
07/23 23:56:29 INFO [system] 💰 活跃bin价格: 5qP3PM7B... bin=-561, 价格=0.00000376
07/23 23:56:30 INFO [system] 🔧 池连接成功: 代币精度 X=6, Y=9
07/23 23:56:31 INFO [system] 📊 头寸数据解析完成: 包含 69 个bin
07/23 23:56:31 INFO [system] 🎯 池活跃Bin: -561 (通过API获取)
07/23 23:56:31 INFO [system] 💰 代币总量: TokenX=0, TokenY=6.399999929, bins=69/69, 在范围=false
07/23 23:56:31 INFO [system] ✅ 链上头寸信息获取成功: TokenX=0, TokenY=6.399999929, 范围=[-693, -625], 在范围内=false
07/23 23:56:31 INFO [system] 🔍 获取头寸收益: HHaJ5kxi...
07/23 23:56:32 INFO [system] 💰 收益数据: X=0, Y=0, XExclude=0, YExclude=0
07/23 23:56:33 INFO [system] 🔧 池连接成功: 代币精度 X=6, Y=9
07/23 23:56:34 INFO [system] 📊 头寸数据解析完成: 包含 69 个bin
07/23 23:56:34 INFO [system] 🎯 池活跃Bin: -561 (通过API获取)
07/23 23:56:34 INFO [system] 💰 代币总量: TokenX=3101.84004, TokenY=1.588099495, bins=69/69, 在范围=true
07/23 23:56:34 INFO [system] ✅ 链上头寸信息获取成功: TokenX=3101.84004, TokenY=1.588099495, 范围=[-624, -556], 在范围内=true
07/23 23:56:34 INFO [system] 🎯 连锁头寸整体范围(连锁头寸策略监控): [-693, -556], 包含2个头寸 (无额外RPC调用)
07/23 23:56:34 INFO [system] 🔧 智能止损bin数据(连锁头寸策略监控): activeBin=-561, range=[-693, -556], 基准收益率=未就绪 - 零额外RPC调用
07/23 23:56:34 INFO [system] 🎯 连锁头寸整体范围(内部分析报告生成): [-693, -556], 包含2个头寸 (无额外RPC调用)
07/23 23:56:34 INFO [system] 🔧 智能止损bin数据(内部分析报告生成): activeBin=-561, range=[-693, -556], 基准收益率=未就绪 - 零额外RPC调用
07/23 23:56:41 INFO [system] 💰 活跃bin价格: 5qP3PM7B... bin=-561, 价格=0.00000376
07/23 23:56:41 INFO [system] 🔍 获取头寸收益: GT6A5nwf...
07/23 23:56:42 INFO [system] 💰 收益数据: X=209782692, Y=0, XExclude=209782692, YExclude=0
07/23 23:56:42 INFO [system] 🔧 池连接成功: 代币精度 X=6, Y=9
07/23 23:56:43 INFO [system] 📊 头寸数据解析完成: 包含 69 个bin
07/23 23:56:43 INFO [system] 🎯 池活跃Bin: -558 (通过API获取)
07/23 23:56:43 INFO [system] 💰 代币总量: TokenX=0, TokenY=6.399999929, bins=69/69, 在范围=false
07/23 23:56:43 INFO [system] ✅ 链上头寸信息获取成功: TokenX=0, TokenY=6.399999929, 范围=[-693, -625], 在范围内=false
07/23 23:56:43 INFO [system] 🔍 获取头寸收益: HHaJ5kxi...
07/23 23:56:44 INFO [system] [StrategyHealthChecker] 开始健康检查 - 检查 5 个策略实例
07/23 23:56:44 INFO [system] [StrategyHealthChecker] 健康检查完成 - 耗时: 3ms, 发现问题: 0 个
07/23 23:56:44 INFO [system] 💰 收益数据: X=0, Y=0, XExclude=0, YExclude=0
07/23 23:56:45 INFO [system] 🔧 池连接成功: 代币精度 X=6, Y=9
07/23 23:56:46 INFO [system] 📊 头寸数据解析完成: 包含 69 个bin
07/23 23:56:46 INFO [system] 🎯 池活跃Bin: -558 (通过API获取)
07/23 23:56:46 INFO [system] 💰 代币总量: TokenX=505.518428, TokenY=1.598017967, bins=69/69, 在范围=true
07/23 23:56:46 INFO [system] ✅ 链上头寸信息获取成功: TokenX=505.518428, TokenY=1.598017967, 范围=[-624, -556], 在范围内=true
07/23 23:56:46 INFO [system] 🎯 连锁头寸整体范围(连锁头寸策略监控): [-693, -556], 包含2个头寸 (无额外RPC调用)
07/23 23:56:46 INFO [system] 🔧 智能止损bin数据(连锁头寸策略监控): activeBin=-561, range=[-693, -556], 基准收益率=未就绪 - 零额外RPC调用
07/23 23:56:46 INFO [system] 🎯 连锁头寸整体范围(内部分析报告生成): [-693, -556], 包含2个头寸 (无额外RPC调用)
07/23 23:56:46 INFO [system] 🔧 智能止损bin数据(内部分析报告生成): activeBin=-561, range=[-693, -556], 基准收益率=未就绪 - 零额外RPC调用
07/23 23:56:53 INFO [system] 💰 活跃bin价格: 5qP3PM7B... bin=-558, 价格=0.00000388
07/23 23:56:53 INFO [system] 🔍 获取头寸收益: GT6A5nwf...
07/23 23:56:54 INFO [system] 💰 收益数据: X=209782692, Y=674146, XExclude=209782692, YExclude=674146
07/23 23:56:55 INFO [system] 🔧 池连接成功: 代币精度 X=6, Y=9
07/23 23:56:56 INFO [system] 📊 头寸数据解析完成: 包含 69 个bin
07/23 23:56:56 INFO [system] 🎯 池活跃Bin: -558 (通过API获取)
07/23 23:56:56 INFO [system] 💰 代币总量: TokenX=0, TokenY=6.399999929, bins=69/69, 在范围=false
07/23 23:56:56 INFO [system] ✅ 链上头寸信息获取成功: TokenX=0, TokenY=6.399999929, 范围=[-693, -625], 在范围内=false
07/23 23:56:56 INFO [system] 🎯 连锁头寸整体范围(连锁头寸策略监控): [-693, -556], 包含2个头寸 (无额外RPC调用)
07/23 23:56:56 INFO [system] 🔧 智能止损bin数据(连锁头寸策略监控): activeBin=-558, range=[-693, -556], 基准收益率=未就绪 - 零额外RPC调用
07/23 23:56:57 INFO [system] 🔧 池连接成功: 代币精度 X=6, Y=9
07/23 23:56:57 INFO [system] 📊 头寸数据解析完成: 包含 69 个bin
07/23 23:56:58 INFO [system] 🎯 池活跃Bin: -558 (通过API获取)
07/23 23:56:58 INFO [system] 💰 代币总量: TokenX=505.518428, TokenY=1.598017967, bins=69/69, 在范围=true
07/23 23:56:58 INFO [system] ✅ 链上头寸信息获取成功: TokenX=505.518428, TokenY=1.598017967, 范围=[-624, -556], 在范围内=true
07/23 23:56:58 INFO [system] 🎯 连锁头寸整体范围(内部分析报告生成): [-693, -556], 包含2个头寸 (无额外RPC调用)
07/23 23:56:58 INFO [system] 🔧 智能止损bin数据(内部分析报告生成): activeBin=-558, range=[-693, -556], 基准收益率=未就绪 - 零额外RPC调用
07/23 23:57:05 INFO [system] 💰 活跃bin价格: 5qP3PM7B... bin=-558, 价格=0.00000388
07/23 23:57:05 INFO [system] 🔍 获取头寸收益: GT6A5nwf...
07/23 23:57:05 INFO [system] 🔍 获取头寸收益: HHaJ5kxi...
07/23 23:57:07 INFO [system] 💰 收益数据: X=209782692, Y=674146, XExclude=209782692, YExclude=674146
07/23 23:57:07 INFO [system] 💰 收益数据: X=0, Y=0, XExclude=0, YExclude=0
07/23 23:57:08 INFO [system] 🔧 池连接成功: 代币精度 X=6, Y=9
07/23 23:57:08 INFO [system] 📊 头寸数据解析完成: 包含 69 个bin
07/23 23:57:09 INFO [system] 🎯 池活跃Bin: -558 (通过API获取)
07/23 23:57:09 INFO [system] 💰 代币总量: TokenX=0, TokenY=6.399999929, bins=69/69, 在范围=false
07/23 23:57:09 INFO [system] ✅ 链上头寸信息获取成功: TokenX=0, TokenY=6.399999929, 范围=[-693, -625], 在范围内=false
07/23 23:57:09 INFO [system] 🎯 连锁头寸整体范围(连锁头寸策略监控): [-693, -556], 包含2个头寸 (无额外RPC调用)
07/23 23:57:09 INFO [system] 🔧 智能止损bin数据(连锁头寸策略监控): activeBin=-558, range=[-693, -556], 基准收益率=未就绪 - 零额外RPC调用
07/23 23:57:10 INFO [system] 🔧 池连接成功: 代币精度 X=6, Y=9
07/23 23:57:10 INFO [system] 📊 头寸数据解析完成: 包含 69 个bin
07/23 23:57:11 INFO [system] 🎯 池活跃Bin: -558 (通过API获取)
07/23 23:57:11 INFO [system] 💰 代币总量: TokenX=505.518428, TokenY=1.598017967, bins=69/69, 在范围=true
07/23 23:57:11 INFO [system] ✅ 链上头寸信息获取成功: TokenX=505.518428, TokenY=1.598017967, 范围=[-624, -556], 在范围内=true
07/23 23:57:11 INFO [system] 🎯 连锁头寸整体范围(内部分析报告生成): [-693, -556], 包含2个头寸 (无额外RPC调用)
07/23 23:57:11 INFO [system] 🔧 智能止损bin数据(内部分析报告生成): activeBin=-558, range=[-693, -556], 基准收益率=未就绪 - 零额外RPC调用
07/23 23:57:17 INFO [system] 💰 活跃bin价格: 5qP3PM7B... bin=-558, 价格=0.00000388
07/23 23:57:17 INFO [system] 🔍 获取头寸收益: GT6A5nwf...
07/23 23:57:17 INFO [system] 🔍 获取头寸收益: HHaJ5kxi...
07/23 23:57:18 INFO [system] 💰 收益数据: X=0, Y=0, XExclude=0, YExclude=0
07/23 23:57:18 INFO [system] 💰 收益数据: X=209782692, Y=674146, XExclude=209782692, YExclude=674146
07/23 23:57:18 INFO [system] 🎯 连锁头寸整体范围(连锁头寸策略监控): [-693, -556], 包含2个头寸 (无额外RPC调用)
07/23 23:57:18 INFO [system] 🔧 智能止损bin数据(连锁头寸策略监控): activeBin=-558, range=[-693, -556], 基准收益率=未就绪 - 零额外RPC调用
07/23 23:57:18 INFO [system] 🎯 连锁头寸整体范围(内部分析报告生成): [-693, -556], 包含2个头寸 (无额外RPC调用)
07/23 23:57:18 INFO [system] 🔧 智能止损bin数据(内部分析报告生成): activeBin=-558, range=[-693, -556], 基准收益率=未就绪 - 零额外RPC调用
07/23 23:57:29 INFO [system] 💰 活跃bin价格: 5qP3PM7B... bin=-558, 价格=0.00000388
07/23 23:57:30 INFO [system] 🔧 池连接成功: 代币精度 X=6, Y=9
07/23 23:57:30 INFO [system] 📊 头寸数据解析完成: 包含 69 个bin
07/23 23:57:31 INFO [system] 🎯 池活跃Bin: -558 (通过API获取)
07/23 23:57:31 INFO [system] 💰 代币总量: TokenX=0, TokenY=6.399999929, bins=69/69, 在范围=false
07/23 23:57:31 INFO [system] ✅ 链上头寸信息获取成功: TokenX=0, TokenY=6.399999929, 范围=[-693, -625], 在范围内=false
07/23 23:57:31 INFO [system] 🔍 获取头寸收益: HHaJ5kxi...
07/23 23:57:31 INFO [system] 🔧 池连接成功: 代币精度 X=6, Y=9
07/23 23:57:31 INFO [system] 📊 头寸数据解析完成: 包含 69 个bin
07/23 23:57:31 INFO [system] 💰 收益数据: X=0, Y=0, XExclude=0, YExclude=0
07/23 23:57:32 INFO [system] 🎯 池活跃Bin: -558 (通过API获取)
07/23 23:57:32 INFO [system] 💰 代币总量: TokenX=505.518428, TokenY=1.598017967, bins=69/69, 在范围=true
07/23 23:57:32 INFO [system] ✅ 链上头寸信息获取成功: TokenX=505.518428, TokenY=1.598017967, 范围=[-624, -556], 在范围内=true
07/23 23:57:32 INFO [system] 🔍 获取头寸收益: GT6A5nwf...
07/23 23:57:33 INFO [system] 💰 收益数据: X=209782692, Y=674146, XExclude=209782692, YExclude=674146
07/23 23:57:33 INFO [system] 🎯 连锁头寸整体范围(连锁头寸策略监控): [-693, -556], 包含2个头寸 (无额外RPC调用)
07/23 23:57:33 INFO [system] 🔧 智能止损bin数据(连锁头寸策略监控): activeBin=-558, range=[-693, -556], 基准收益率=未就绪 - 零额外RPC调用
07/23 23:57:33 INFO [system] 🎯 连锁头寸整体范围(内部分析报告生成): [-693, -556], 包含2个头寸 (无额外RPC调用)
07/23 23:57:33 INFO [system] 🔧 智能止损bin数据(内部分析报告生成): activeBin=-558, range=[-693, -556], 基准收益率=未就绪 - 零额外RPC调用
07/23 23:57:41 INFO [system] 💰 活跃bin价格: 5qP3PM7B... bin=-558, 价格=0.00000388
07/23 23:57:42 INFO [system] 🔧 池连接成功: 代币精度 X=6, Y=9
07/23 23:57:42 INFO [system] 📊 头寸数据解析完成: 包含 69 个bin
07/23 23:57:42 INFO [system] 🎯 池活跃Bin: -558 (通过API获取)
07/23 23:57:42 INFO [system] 💰 代币总量: TokenX=0, TokenY=6.399999929, bins=69/69, 在范围=false
07/23 23:57:42 INFO [system] ✅ 链上头寸信息获取成功: TokenX=0, TokenY=6.399999929, 范围=[-693, -625], 在范围内=false
07/23 23:57:42 INFO [system] 🔍 获取头寸收益: HHaJ5kxi...
07/23 23:57:43 INFO [system] 💰 收益数据: X=0, Y=0, XExclude=0, YExclude=0
07/23 23:57:44 INFO [system] 🔧 池连接成功: 代币精度 X=6, Y=9
07/23 23:57:44 INFO [system] [StrategyHealthChecker] 开始健康检查 - 检查 5 个策略实例
07/23 23:57:44 INFO [system] [StrategyHealthChecker] 健康检查完成 - 耗时: 3ms, 发现问题: 0 个
07/23 23:57:44 INFO [system] 📊 头寸数据解析完成: 包含 69 个bin
07/23 23:57:44 INFO [system] 🎯 池活跃Bin: -558 (通过API获取)
07/23 23:57:44 INFO [system] 💰 代币总量: TokenX=505.518428, TokenY=1.598017967, bins=69/69, 在范围=true
07/23 23:57:44 INFO [system] ✅ 链上头寸信息获取成功: TokenX=505.518428, TokenY=1.598017967, 范围=[-624, -556], 在范围内=true
07/23 23:57:44 INFO [system] 🎯 连锁头寸整体范围(连锁头寸策略监控): [-693, -556], 包含2个头寸 (无额外RPC调用)
07/23 23:57:44 INFO [system] 🔧 智能止损bin数据(连锁头寸策略监控): activeBin=-558, range=[-693, -556], 基准收益率=未就绪 - 零额外RPC调用
07/23 23:57:44 INFO [system] 🎯 连锁头寸整体范围(内部分析报告生成): [-693, -556], 包含2个头寸 (无额外RPC调用)
07/23 23:57:44 INFO [system] 🔧 智能止损bin数据(内部分析报告生成): activeBin=-558, range=[-693, -556], 基准收益率=未就绪 - 零额外RPC调用
07/23 23:57:53 INFO [system] 💰 活跃bin价格: 5qP3PM7B... bin=-558, 价格=0.00000388
07/23 23:57:53 INFO [system] 🔍 获取头寸收益: GT6A5nwf...
07/23 23:57:54 INFO [system] 💰 收益数据: X=209782692, Y=674146, XExclude=209782692, YExclude=674146
07/23 23:57:55 INFO [system] 🔧 池连接成功: 代币精度 X=6, Y=9
07/23 23:57:55 INFO [system] 📊 头寸数据解析完成: 包含 69 个bin
07/23 23:57:55 INFO [system] 🎯 池活跃Bin: -558 (通过API获取)
07/23 23:57:55 INFO [system] 💰 代币总量: TokenX=0, TokenY=6.399999929, bins=69/69, 在范围=false
07/23 23:57:55 INFO [system] ✅ 链上头寸信息获取成功: TokenX=0, TokenY=6.399999929, 范围=[-693, -625], 在范围内=false
07/23 23:57:55 INFO [system] 🔍 获取头寸收益: HHaJ5kxi...
07/23 23:57:56 INFO [system] 💰 收益数据: X=0, Y=0, XExclude=0, YExclude=0
07/23 23:57:57 INFO [system] 🔧 池连接成功: 代币精度 X=6, Y=9
07/23 23:57:57 INFO [system] 📊 头寸数据解析完成: 包含 69 个bin
07/23 23:57:58 INFO [system] 🎯 池活跃Bin: -558 (通过API获取)
07/23 23:57:58 INFO [system] 💰 代币总量: TokenX=505.518428, TokenY=1.598017967, bins=69/69, 在范围=true
07/23 23:57:58 INFO [system] ✅ 链上头寸信息获取成功: TokenX=505.518428, TokenY=1.598017967, 范围=[-624, -556], 在范围内=true
07/23 23:57:58 INFO [system] 🎯 连锁头寸整体范围(连锁头寸策略监控): [-693, -556], 包含2个头寸 (无额外RPC调用)
07/23 23:57:58 INFO [system] 🔧 智能止损bin数据(连锁头寸策略监控): activeBin=-558, range=[-693, -556], 基准收益率=未就绪 - 零额外RPC调用
07/23 23:57:58 INFO [system] 🎯 连锁头寸整体范围(内部分析报告生成): [-693, -556], 包含2个头寸 (无额外RPC调用)
07/23 23:57:58 INFO [system] 🔧 智能止损bin数据(内部分析报告生成): activeBin=-558, range=[-693, -556], 基准收益率=未就绪 - 零额外RPC调用
07/23 23:58:05 INFO [system] 💰 活跃bin价格: 5qP3PM7B... bin=-558, 价格=0.00000388
07/23 23:58:06 INFO [system] 🔍 获取头寸收益: GT6A5nwf...
07/23 23:58:06 INFO [system] 💰 收益数据: X=209782692, Y=674146, XExclude=209782692, YExclude=674146
07/23 23:58:07 INFO [system] 🔧 池连接成功: 代币精度 X=6, Y=9
07/23 23:58:08 INFO [system] 📊 头寸数据解析完成: 包含 69 个bin
07/23 23:58:08 INFO [system] 🎯 池活跃Bin: -558 (通过API获取)
07/23 23:58:08 INFO [system] 💰 代币总量: TokenX=0, TokenY=6.399999929, bins=69/69, 在范围=false
07/23 23:58:08 INFO [system] ✅ 链上头寸信息获取成功: TokenX=0, TokenY=6.399999929, 范围=[-693, -625], 在范围内=false
07/23 23:58:08 INFO [system] 🔍 获取头寸收益: HHaJ5kxi...
07/23 23:58:09 INFO [system] 💰 收益数据: X=0, Y=0, XExclude=0, YExclude=0
07/23 23:58:10 INFO [system] 🔧 池连接成功: 代币精度 X=6, Y=9
07/23 23:58:10 INFO [system] 📊 头寸数据解析完成: 包含 69 个bin
07/23 23:58:10 INFO [system] 🎯 池活跃Bin: -558 (通过API获取)
07/23 23:58:10 INFO [system] 💰 代币总量: TokenX=505.518428, TokenY=1.598017967, bins=69/69, 在范围=true
07/23 23:58:10 INFO [system] ✅ 链上头寸信息获取成功: TokenX=505.518428, TokenY=1.598017967, 范围=[-624, -556], 在范围内=true
07/23 23:58:10 INFO [system] 🎯 连锁头寸整体范围(连锁头寸策略监控): [-693, -556], 包含2个头寸 (无额外RPC调用)
07/23 23:58:10 INFO [system] 🔧 智能止损bin数据(连锁头寸策略监控): activeBin=-558, range=[-693, -556], 基准收益率=未就绪 - 零额外RPC调用
07/23 23:58:10 INFO [system] 🎯 连锁头寸整体范围(内部分析报告生成): [-693, -556], 包含2个头寸 (无额外RPC调用)
07/23 23:58:10 INFO [system] 🔧 智能止损bin数据(内部分析报告生成): activeBin=-558, range=[-693, -556], 基准收益率=未就绪 - 零额外RPC调用
07/23 23:58:17 INFO [system] 💰 活跃bin价格: 5qP3PM7B... bin=-558, 价格=0.00000388
07/23 23:58:18 INFO [system] 🔍 获取头寸收益: GT6A5nwf...
07/23 23:58:19 INFO [system] 💰 收益数据: X=209782692, Y=674146, XExclude=209782692, YExclude=674146
07/23 23:58:19 INFO [system] 🔧 池连接成功: 代币精度 X=6, Y=9
07/23 23:58:20 INFO [system] 📊 头寸数据解析完成: 包含 69 个bin
07/23 23:58:20 INFO [system] 🎯 池活跃Bin: -558 (通过API获取)
07/23 23:58:20 INFO [system] 💰 代币总量: TokenX=0, TokenY=6.399999929, bins=69/69, 在范围=false
07/23 23:58:20 INFO [system] ✅ 链上头寸信息获取成功: TokenX=0, TokenY=6.399999929, 范围=[-693, -625], 在范围内=false
07/23 23:58:20 INFO [system] 🎯 连锁头寸整体范围(连锁头寸策略监控): [-693, -556], 包含2个头寸 (无额外RPC调用)
07/23 23:58:20 INFO [system] 🔧 智能止损bin数据(连锁头寸策略监控): activeBin=-558, range=[-693, -556], 基准收益率=未就绪 - 零额外RPC调用
07/23 23:58:21 INFO [system] 🔧 池连接成功: 代币精度 X=6, Y=9
07/23 23:58:22 INFO [system] 📊 头寸数据解析完成: 包含 69 个bin
07/23 23:58:22 INFO [system] 🎯 池活跃Bin: -558 (通过API获取)
07/23 23:58:22 INFO [system] 💰 代币总量: TokenX=505.518428, TokenY=1.598017967, bins=69/69, 在范围=true
07/23 23:58:22 INFO [system] ✅ 链上头寸信息获取成功: TokenX=505.518428, TokenY=1.598017967, 范围=[-624, -556], 在范围内=true
07/23 23:58:22 INFO [system] 🎯 连锁头寸整体范围(内部分析报告生成): [-693, -556], 包含2个头寸 (无额外RPC调用)
07/23 23:58:22 INFO [system] 🔧 智能止损bin数据(内部分析报告生成): activeBin=-558, range=[-693, -556], 基准收益率=未就绪 - 零额外RPC调用
07/23 23:58:29 INFO [system] 💰 活跃bin价格: 5qP3PM7B... bin=-558, 价格=0.00000388
07/23 23:58:29 INFO [system] 🔍 获取头寸收益: GT6A5nwf...
07/23 23:58:29 INFO [system] 🔍 获取头寸收益: HHaJ5kxi...
07/23 23:58:30 INFO [system] 💰 收益数据: X=0, Y=0, XExclude=0, YExclude=0
07/23 23:58:30 INFO [system] 💰 收益数据: X=209782692, Y=674146, XExclude=209782692, YExclude=674146
07/23 23:58:31 INFO [system] 🔧 池连接成功: 代币精度 X=6, Y=9
07/23 23:58:32 INFO [system] 📊 头寸数据解析完成: 包含 69 个bin
07/23 23:58:32 INFO [system] 🎯 池活跃Bin: -558 (通过API获取)
07/23 23:58:32 INFO [system] 💰 代币总量: TokenX=0, TokenY=6.399999929, bins=69/69, 在范围=false
07/23 23:58:32 INFO [system] ✅ 链上头寸信息获取成功: TokenX=0, TokenY=6.399999929, 范围=[-693, -625], 在范围内=false
07/23 23:58:32 INFO [system] 🎯 连锁头寸整体范围(连锁头寸策略监控): [-693, -556], 包含2个头寸 (无额外RPC调用)
07/23 23:58:32 INFO [system] 🔧 智能止损bin数据(连锁头寸策略监控): activeBin=-558, range=[-693, -556], 基准收益率=未就绪 - 零额外RPC调用
07/23 23:58:32 INFO [system] 🎯 连锁头寸整体范围(内部分析报告生成): [-693, -556], 包含2个头寸 (无额外RPC调用)
07/23 23:58:32 INFO [system] 🔧 智能止损bin数据(内部分析报告生成): activeBin=-558, range=[-693, -556], 基准收益率=未就绪 - 零额外RPC调用
07/23 23:58:41 INFO [system] 💰 活跃bin价格: 5qP3PM7B... bin=-559, 价格=0.00000384
07/23 23:58:41 INFO [system] 🔍 获取头寸收益: HHaJ5kxi...
07/23 23:58:42 INFO [system] 💰 收益数据: X=0, Y=0, XExclude=0, YExclude=0
07/23 23:58:42 INFO [system] 🔧 池连接成功: 代币精度 X=6, Y=9
07/23 23:58:43 INFO [system] 📊 头寸数据解析完成: 包含 69 个bin
07/23 23:58:43 INFO [system] 🎯 池活跃Bin: -560 (通过API获取)
07/23 23:58:43 INFO [system] 💰 代币总量: TokenX=1715.587452, TokenY=1.593351686, bins=69/69, 在范围=true
07/23 23:58:43 INFO [system] ✅ 链上头寸信息获取成功: TokenX=1715.587452, TokenY=1.593351686, 范围=[-624, -556], 在范围内=true
07/23 23:58:43 INFO [system] 🔍 获取头寸收益: GT6A5nwf...
07/23 23:58:44 INFO [system] 💰 收益数据: X=292169491, Y=674146, XExclude=292169491, YExclude=674146
07/23 23:58:44 INFO [system] [StrategyHealthChecker] 开始健康检查 - 检查 5 个策略实例
07/23 23:58:44 INFO [system] [StrategyHealthChecker] 健康检查完成 - 耗时: 3ms, 发现问题: 0 个
07/23 23:58:45 INFO [system] 🔧 池连接成功: 代币精度 X=6, Y=9
07/23 23:58:45 INFO [system] 📊 头寸数据解析完成: 包含 69 个bin
07/23 23:58:45 INFO [system] 🎯 池活跃Bin: -560 (通过API获取)
07/23 23:58:45 INFO [system] 💰 代币总量: TokenX=0, TokenY=6.399999929, bins=69/69, 在范围=false
07/23 23:58:45 INFO [system] ✅ 链上头寸信息获取成功: TokenX=0, TokenY=6.399999929, 范围=[-693, -625], 在范围内=false
07/23 23:58:45 INFO [system] 🎯 连锁头寸整体范围(连锁头寸策略监控): [-693, -556], 包含2个头寸 (无额外RPC调用)
07/23 23:58:45 INFO [system] 🔧 智能止损bin数据(连锁头寸策略监控): activeBin=-560, range=[-693, -556], 基准收益率=未就绪 - 零额外RPC调用
07/23 23:58:45 INFO [system] 🎯 连锁头寸整体范围(内部分析报告生成): [-693, -556], 包含2个头寸 (无额外RPC调用)
07/23 23:58:45 INFO [system] 🔧 智能止损bin数据(内部分析报告生成): activeBin=-560, range=[-693, -556], 基准收益率=未就绪 - 零额外RPC调用
07/23 23:58:53 INFO [system] 💰 活跃bin价格: 5qP3PM7B... bin=-560, 价格=0.00000380
07/23 23:58:53 INFO [system] 🔍 获取头寸收益: HHaJ5kxi...
07/23 23:58:54 INFO [system] 💰 收益数据: X=0, Y=0, XExclude=0, YExclude=0
07/23 23:58:54 INFO [system] 🔧 池连接成功: 代币精度 X=6, Y=9
07/23 23:58:55 INFO [system] 📊 头寸数据解析完成: 包含 69 个bin
07/23 23:58:55 INFO [system] 🎯 池活跃Bin: -560 (通过API获取)
07/23 23:58:55 INFO [system] 💰 代币总量: TokenX=1715.587452, TokenY=1.593351686, bins=69/69, 在范围=true
07/23 23:58:55 INFO [system] ✅ 链上头寸信息获取成功: TokenX=1715.587452, TokenY=1.593351686, 范围=[-624, -556], 在范围内=true
07/23 23:58:55 INFO [system] 🔍 获取头寸收益: GT6A5nwf...
07/23 23:58:56 INFO [system] 💰 收益数据: X=292169491, Y=674146, XExclude=292169491, YExclude=674146
07/23 23:58:57 INFO [system] 🔧 池连接成功: 代币精度 X=6, Y=9
07/23 23:58:57 INFO [system] 📊 头寸数据解析完成: 包含 69 个bin
07/23 23:58:57 INFO [system] 🎯 池活跃Bin: -560 (通过API获取)
07/23 23:58:57 INFO [system] 💰 代币总量: TokenX=0, TokenY=6.399999929, bins=69/69, 在范围=false
07/23 23:58:57 INFO [system] ✅ 链上头寸信息获取成功: TokenX=0, TokenY=6.399999929, 范围=[-693, -625], 在范围内=false
07/23 23:58:57 INFO [system] 🎯 连锁头寸整体范围(连锁头寸策略监控): [-693, -556], 包含2个头寸 (无额外RPC调用)
07/23 23:58:57 INFO [system] 🔧 智能止损bin数据(连锁头寸策略监控): activeBin=-560, range=[-693, -556], 基准收益率=未就绪 - 零额外RPC调用
07/23 23:58:57 INFO [system] 🎯 连锁头寸整体范围(内部分析报告生成): [-693, -556], 包含2个头寸 (无额外RPC调用)
07/23 23:58:57 INFO [system] 🔧 智能止损bin数据(内部分析报告生成): activeBin=-560, range=[-693, -556], 基准收益率=未就绪 - 零额外RPC调用
07/23 23:59:05 INFO [system] 💰 活跃bin价格: 5qP3PM7B... bin=-560, 价格=0.00000380
07/23 23:59:06 INFO [system] 🔍 获取头寸收益: HHaJ5kxi...
07/23 23:59:06 INFO [system] 💰 收益数据: X=0, Y=0, XExclude=0, YExclude=0
07/23 23:59:07 INFO [system] 🔧 池连接成功: 代币精度 X=6, Y=9
07/23 23:59:07 INFO [system] 📊 头寸数据解析完成: 包含 69 个bin
07/23 23:59:07 INFO [system] 🎯 池活跃Bin: -560 (通过API获取)
07/23 23:59:07 INFO [system] 💰 代币总量: TokenX=1715.587452, TokenY=1.593351686, bins=69/69, 在范围=true
07/23 23:59:07 INFO [system] ✅ 链上头寸信息获取成功: TokenX=1715.587452, TokenY=1.593351686, 范围=[-624, -556], 在范围内=true
07/23 23:59:07 INFO [system] 🔍 获取头寸收益: GT6A5nwf...
07/23 23:59:08 INFO [system] 💰 收益数据: X=292169491, Y=674146, XExclude=292169491, YExclude=674146
07/23 23:59:09 INFO [system] 🔧 池连接成功: 代币精度 X=6, Y=9
07/23 23:59:09 INFO [system] 📊 头寸数据解析完成: 包含 69 个bin
07/23 23:59:09 INFO [system] 🎯 池活跃Bin: -560 (通过API获取)
07/23 23:59:09 INFO [system] 💰 代币总量: TokenX=0, TokenY=6.399999929, bins=69/69, 在范围=false
07/23 23:59:09 INFO [system] ✅ 链上头寸信息获取成功: TokenX=0, TokenY=6.399999929, 范围=[-693, -625], 在范围内=false
07/23 23:59:09 INFO [system] 🎯 连锁头寸整体范围(连锁头寸策略监控): [-693, -556], 包含2个头寸 (无额外RPC调用)
07/23 23:59:09 INFO [system] 🔧 智能止损bin数据(连锁头寸策略监控): activeBin=-560, range=[-693, -556], 基准收益率=未就绪 - 零额外RPC调用
07/23 23:59:09 INFO [system] 🎯 连锁头寸整体范围(内部分析报告生成): [-693, -556], 包含2个头寸 (无额外RPC调用)
07/23 23:59:09 INFO [system] 🔧 智能止损bin数据(内部分析报告生成): activeBin=-560, range=[-693, -556], 基准收益率=未就绪 - 零额外RPC调用
07/23 23:59:17 INFO [system] 💰 活跃bin价格: 5qP3PM7B... bin=-560, 价格=0.00000380
07/23 23:59:17 INFO [system] 🔍 获取头寸收益: HHaJ5kxi...
07/23 23:59:18 INFO [system] 💰 收益数据: X=0, Y=0, XExclude=0, YExclude=0
07/23 23:59:19 INFO [system] 🔧 池连接成功: 代币精度 X=6, Y=9
07/23 23:59:20 INFO [system] 📊 头寸数据解析完成: 包含 69 个bin
07/23 23:59:20 INFO [system] 🎯 池活跃Bin: -560 (通过API获取)
07/23 23:59:20 INFO [system] 💰 代币总量: TokenX=2579.321162, TokenY=1.590067658, bins=69/69, 在范围=true
07/23 23:59:20 INFO [system] ✅ 链上头寸信息获取成功: TokenX=2579.321162, TokenY=1.590067658, 范围=[-624, -556], 在范围内=true
07/23 23:59:20 INFO [system] 🎯 连锁头寸整体范围(连锁头寸策略监控): [-693, -556], 包含2个头寸 (无额外RPC调用)
07/23 23:59:20 INFO [system] 🔧 智能止损bin数据(连锁头寸策略监控): activeBin=-560, range=[-693, -556], 基准收益率=未就绪 - 零额外RPC调用
07/23 23:59:21 INFO [system] 🔧 池连接成功: 代币精度 X=6, Y=9
07/23 23:59:22 INFO [system] 📊 头寸数据解析完成: 包含 69 个bin
07/23 23:59:22 INFO [system] 🎯 池活跃Bin: -565 (通过API获取)
07/23 23:59:22 INFO [system] 💰 代币总量: TokenX=0, TokenY=6.399999929, bins=69/69, 在范围=false
07/23 23:59:22 INFO [system] ✅ 链上头寸信息获取成功: TokenX=0, TokenY=6.399999929, 范围=[-693, -625], 在范围内=false
07/23 23:59:22 INFO [system] 🎯 连锁头寸整体范围(内部分析报告生成): [-693, -556], 包含2个头寸 (无额外RPC调用)
07/23 23:59:22 INFO [system] 🔧 智能止损bin数据(内部分析报告生成): activeBin=-560, range=[-693, -556], 基准收益率=未就绪 - 零额外RPC调用
07/23 23:59:29 INFO [system] 💰 活跃bin价格: 5qP3PM7B... bin=-569, 价格=0.00000348
07/23 23:59:29 INFO [system] 🔍 获取头寸收益: GT6A5nwf...
07/23 23:59:29 INFO [system] 🔍 获取头寸收益: HHaJ5kxi...
07/23 23:59:30 INFO [system] 💰 收益数据: X=0, Y=0, XExclude=0, YExclude=0
07/23 23:59:30 INFO [system] 💰 收益数据: X=1366316389, Y=674146, XExclude=1366316389, YExclude=674146
07/23 23:59:31 INFO [system] 🔧 池连接成功: 代币精度 X=6, Y=9
07/23 23:59:31 INFO [system] 📊 头寸数据解析完成: 包含 69 个bin
07/23 23:59:32 INFO [system] 🎯 池活跃Bin: -569 (通过API获取)
07/23 23:59:32 INFO [system] 💰 代币总量: TokenX=17527.562348, TokenY=1.536172595, bins=69/69, 在范围=true
07/23 23:59:32 INFO [system] ✅ 链上头寸信息获取成功: TokenX=17527.562348, TokenY=1.536172595, 范围=[-624, -556], 在范围内=true
07/23 23:59:32 INFO [system] 🎯 连锁头寸整体范围(连锁头寸策略监控): [-693, -556], 包含2个头寸 (无额外RPC调用)
07/23 23:59:32 INFO [system] 🔧 智能止损bin数据(连锁头寸策略监控): activeBin=-569, range=[-693, -556], 基准收益率=未就绪 - 零额外RPC调用
07/23 23:59:32 INFO [system] 🎯 连锁头寸整体范围(内部分析报告生成): [-693, -556], 包含2个头寸 (无额外RPC调用)
07/23 23:59:32 INFO [system] 🔧 智能止损bin数据(内部分析报告生成): activeBin=-569, range=[-693, -556], 基准收益率=未就绪 - 零额外RPC调用
07/23 23:59:41 INFO [system] 💰 活跃bin价格: 5qP3PM7B... bin=-569, 价格=0.00000348
07/23 23:59:42 INFO [system] 🔍 获取头寸收益: GT6A5nwf...
07/23 23:59:42 INFO [system] 💰 收益数据: X=1366316389, Y=674146, XExclude=1366316389, YExclude=674146
07/23 23:59:43 INFO [system] 🔧 池连接成功: 代币精度 X=6, Y=9
07/23 23:59:43 INFO [system] 📊 头寸数据解析完成: 包含 69 个bin
07/23 23:59:43 INFO [system] 🎯 池活跃Bin: -569 (通过API获取)
07/23 23:59:43 INFO [system] 💰 代币总量: TokenX=0, TokenY=6.399999929, bins=69/69, 在范围=false
07/23 23:59:43 INFO [system] ✅ 链上头寸信息获取成功: TokenX=0, TokenY=6.399999929, 范围=[-693, -625], 在范围内=false
07/23 23:59:43 INFO [system] 🔍 获取头寸收益: HHaJ5kxi...
07/23 23:59:44 INFO [system] [StrategyHealthChecker] 开始健康检查 - 检查 5 个策略实例
07/23 23:59:44 INFO [system] [StrategyHealthChecker] 健康检查完成 - 耗时: 4ms, 发现问题: 0 个
07/23 23:59:44 INFO [system] 💰 收益数据: X=0, Y=0, XExclude=0, YExclude=0
07/23 23:59:45 INFO [system] 🔧 池连接成功: 代币精度 X=6, Y=9
07/23 23:59:45 INFO [system] 📊 头寸数据解析完成: 包含 69 个bin
07/23 23:59:45 INFO [system] 🎯 池活跃Bin: -568 (通过API获取)
07/23 23:59:45 INFO [system] 💰 代币总量: TokenX=16508.349599, TokenY=1.539715914, bins=69/69, 在范围=true
07/23 23:59:45 INFO [system] ✅ 链上头寸信息获取成功: TokenX=16508.349599, TokenY=1.539715914, 范围=[-624, -556], 在范围内=true
07/23 23:59:45 INFO [system] 🎯 连锁头寸整体范围(连锁头寸策略监控): [-693, -556], 包含2个头寸 (无额外RPC调用)
07/23 23:59:45 INFO [system] 🔧 智能止损bin数据(连锁头寸策略监控): activeBin=-569, range=[-693, -556], 基准收益率=未就绪 - 零额外RPC调用
07/23 23:59:45 INFO [system] 🎯 连锁头寸整体范围(内部分析报告生成): [-693, -556], 包含2个头寸 (无额外RPC调用)
07/23 23:59:45 INFO [system] 🔧 智能止损bin数据(内部分析报告生成): activeBin=-569, range=[-693, -556], 基准收益率=未就绪 - 零额外RPC调用
07/23 23:59:53 INFO [system] 💰 活跃bin价格: 5qP3PM7B... bin=-568, 价格=0.00000351
07/23 23:59:54 INFO [system] 🔍 获取头寸收益: GT6A5nwf...
07/23 23:59:55 INFO [system] 💰 收益数据: X=1366316389, Y=907014, XExclude=1366316389, YExclude=907014
07/23 23:59:55 INFO [system] 🔧 池连接成功: 代币精度 X=6, Y=9
07/23 23:59:55 INFO [system] 📊 头寸数据解析完成: 包含 69 个bin
07/23 23:59:56 INFO [system] 🎯 池活跃Bin: -568 (通过API获取)
07/23 23:59:56 INFO [system] 💰 代币总量: TokenX=0, TokenY=6.399999929, bins=69/69, 在范围=false
07/23 23:59:56 INFO [system] ✅ 链上头寸信息获取成功: TokenX=0, TokenY=6.399999929, 范围=[-693, -625], 在范围内=false
07/23 23:59:56 INFO [system] 🔍 获取头寸收益: HHaJ5kxi...
07/23 23:59:57 INFO [system] 💰 收益数据: X=0, Y=0, XExclude=0, YExclude=0
07/23 23:59:58 INFO [system] 🔧 池连接成功: 代币精度 X=6, Y=9
07/23 23:59:59 INFO [system] 📊 头寸数据解析完成: 包含 69 个bin
07/23 23:59:59 INFO [system] 🎯 池活跃Bin: -568 (通过API获取)
07/23 23:59:59 INFO [system] 💰 代币总量: TokenX=16508.383246, TokenY=1.539715803, bins=69/69, 在范围=true
07/23 23:59:59 INFO [system] ✅ 链上头寸信息获取成功: TokenX=16508.383246, TokenY=1.539715803, 范围=[-624, -556], 在范围内=true
07/23 23:59:59 INFO [system] 🎯 连锁头寸整体范围(连锁头寸策略监控): [-693, -556], 包含2个头寸 (无额外RPC调用)
07/23 23:59:59 INFO [system] 🔧 智能止损bin数据(连锁头寸策略监控): activeBin=-568, range=[-693, -556], 基准收益率=未就绪 - 零额外RPC调用
07/23 23:59:59 INFO [system] 🎯 连锁头寸整体范围(内部分析报告生成): [-693, -556], 包含2个头寸 (无额外RPC调用)
07/23 23:59:59 INFO [system] 🔧 智能止损bin数据(内部分析报告生成): activeBin=-568, range=[-693, -556], 基准收益率=未就绪 - 零额外RPC调用
07/24 00:00:05 INFO [system] 💰 活跃bin价格: 5qP3PM7B... bin=-568, 价格=0.00000351
07/24 00:00:06 INFO [system] 🔍 获取头寸收益: GT6A5nwf...
07/24 00:00:07 INFO [system] 💰 收益数据: X=1366316389, Y=907014, XExclude=1366316389, YExclude=907014
07/24 00:00:07 INFO [system] 🔧 池连接成功: 代币精度 X=6, Y=9
07/24 00:00:08 INFO [system] 📊 头寸数据解析完成: 包含 69 个bin
07/24 00:00:08 INFO [system] 🎯 池活跃Bin: -568 (通过API获取)
07/24 00:00:08 INFO [system] 💰 代币总量: TokenX=0, TokenY=6.399999929, bins=69/69, 在范围=false
07/24 00:00:08 INFO [system] ✅ 链上头寸信息获取成功: TokenX=0, TokenY=6.399999929, 范围=[-693, -625], 在范围内=false
07/24 00:00:08 INFO [system] 🎯 连锁头寸整体范围(连锁头寸策略监控): [-693, -556], 包含2个头寸 (无额外RPC调用)
07/24 00:00:08 INFO [system] 🔧 智能止损bin数据(连锁头寸策略监控): activeBin=-568, range=[-693, -556], 基准收益率=未就绪 - 零额外RPC调用
07/24 00:00:08 INFO [system] 🎯 连锁头寸整体范围(内部分析报告生成): [-693, -556], 包含2个头寸 (无额外RPC调用)
07/24 00:00:08 INFO [system] 🔧 智能止损bin数据(内部分析报告生成): activeBin=-568, range=[-693, -556], 基准收益率=未就绪 - 零额外RPC调用
07/24 00:00:17 INFO [system] 💰 活跃bin价格: 5qP3PM7B... bin=-568, 价格=0.00000351
07/24 00:00:17 INFO [system] 🔍 获取头寸收益: HHaJ5kxi...
07/24 00:00:18 INFO [system] 💰 收益数据: X=0, Y=0, XExclude=0, YExclude=0
07/24 00:00:18 INFO [system] 🔧 池连接成功: 代币精度 X=6, Y=9
07/24 00:00:19 INFO [system] 📊 头寸数据解析完成: 包含 69 个bin
07/24 00:00:19 INFO [system] 🎯 池活跃Bin: -568 (通过API获取)
07/24 00:00:19 INFO [system] 💰 代币总量: TokenX=14861.621508, TokenY=1.545498777, bins=69/69, 在范围=true
07/24 00:00:19 INFO [system] ✅ 链上头寸信息获取成功: TokenX=14861.621508, TokenY=1.545498777, 范围=[-624, -556], 在范围内=true
07/24 00:00:19 INFO [system] 🔍 获取头寸收益: GT6A5nwf...
07/24 00:00:20 INFO [system] 💰 收益数据: X=1366316389, Y=1299935, XExclude=1366316389, YExclude=1299935
07/24 00:00:21 INFO [system] 🔧 池连接成功: 代币精度 X=6, Y=9
07/24 00:00:22 INFO [system] 📊 头寸数据解析完成: 包含 69 个bin
07/24 00:00:22 INFO [system] 🎯 池活跃Bin: -568 (通过API获取)
07/24 00:00:22 INFO [system] 💰 代币总量: TokenX=0, TokenY=6.399999929, bins=69/69, 在范围=false
07/24 00:00:22 INFO [system] ✅ 链上头寸信息获取成功: TokenX=0, TokenY=6.399999929, 范围=[-693, -625], 在范围内=false
07/24 00:00:22 INFO [system] 🎯 连锁头寸整体范围(连锁头寸策略监控): [-693, -556], 包含2个头寸 (无额外RPC调用)
07/24 00:00:22 INFO [system] 🔧 智能止损bin数据(连锁头寸策略监控): activeBin=-568, range=[-693, -556], 基准收益率=已计算 - 零额外RPC调用
07/24 00:00:22 INFO [system] 🎯 连锁头寸整体范围(内部分析报告生成): [-693, -556], 包含2个头寸 (无额外RPC调用)
07/24 00:00:22 INFO [system] 🔧 智能止损bin数据(内部分析报告生成): activeBin=-568, range=[-693, -556], 基准收益率=已计算 - 零额外RPC调用
07/24 00:00:29 INFO [system] 💰 活跃bin价格: 5qP3PM7B... bin=-568, 价格=0.00000351
07/24 00:00:29 INFO [system] 🔍 获取头寸收益: HHaJ5kxi...
07/24 00:00:30 INFO [system] 💰 收益数据: X=0, Y=0, XExclude=0, YExclude=0
07/24 00:00:31 INFO [system] 🔧 池连接成功: 代币精度 X=6, Y=9
07/24 00:00:31 INFO [system] 📊 头寸数据解析完成: 包含 69 个bin
07/24 00:00:31 INFO [system] 🎯 池活跃Bin: -568 (通过API获取)
07/24 00:00:31 INFO [system] 💰 代币总量: TokenX=14854.121229, TokenY=1.54552694, bins=69/69, 在范围=true
07/24 00:00:31 INFO [system] ✅ 链上头寸信息获取成功: TokenX=14854.121229, TokenY=1.54552694, 范围=[-624, -556], 在范围内=true
07/24 00:00:31 INFO [system] 🔍 获取头寸收益: GT6A5nwf...
07/24 00:00:32 INFO [system] 💰 收益数据: X=1366316389, Y=1299935, XExclude=1366316389, YExclude=1299935
07/24 00:00:32 INFO [system] 🎯 连锁头寸整体范围(连锁头寸策略监控): [-693, -556], 包含2个头寸 (无额外RPC调用)
07/24 00:00:32 INFO [system] 🔧 智能止损bin数据(连锁头寸策略监控): activeBin=-568, range=[-693, -556], 基准收益率=已计算 - 零额外RPC调用
07/24 00:00:32 INFO [system] 🎯 连锁头寸整体范围(内部分析报告生成): [-693, -556], 包含2个头寸 (无额外RPC调用)
07/24 00:00:32 INFO [system] 🔧 智能止损bin数据(内部分析报告生成): activeBin=-568, range=[-693, -556], 基准收益率=已计算 - 零额外RPC调用
07/24 00:00:41 INFO [system] 💰 活跃bin价格: 5qP3PM7B... bin=-568, 价格=0.00000351
07/24 00:00:42 INFO [system] 🔧 池连接成功: 代币精度 X=6, Y=9
07/24 00:00:42 INFO [system] 📊 头寸数据解析完成: 包含 69 个bin
07/24 00:00:43 INFO [system] 🎯 池活跃Bin: -568 (通过API获取)
07/24 00:00:43 INFO [system] 💰 代币总量: TokenX=0, TokenY=6.399999929, bins=69/69, 在范围=false
07/24 00:00:43 INFO [system] ✅ 链上头寸信息获取成功: TokenX=0, TokenY=6.399999929, 范围=[-693, -625], 在范围内=false
07/24 00:00:43 INFO [system] 🔍 获取头寸收益: HHaJ5kxi...
07/24 00:00:43 INFO [system] 💰 收益数据: X=0, Y=0, XExclude=0, YExclude=0
07/24 00:00:44 INFO [system] [StrategyHealthChecker] 开始健康检查 - 检查 5 个策略实例
07/24 00:00:44 INFO [system] [StrategyHealthChecker] 健康检查完成 - 耗时: 4ms, 发现问题: 0 个
07/24 00:00:44 INFO [system] 🔧 池连接成功: 代币精度 X=6, Y=9
07/24 00:00:44 INFO [system] 📊 头寸数据解析完成: 包含 69 个bin
07/24 00:00:45 INFO [system] 🎯 池活跃Bin: -568 (通过API获取)
07/24 00:00:45 INFO [system] 💰 代币总量: TokenX=14854.121229, TokenY=1.54552694, bins=69/69, 在范围=true
07/24 00:00:45 INFO [system] ✅ 链上头寸信息获取成功: TokenX=14854.121229, TokenY=1.54552694, 范围=[-624, -556], 在范围内=true
07/24 00:00:45 INFO [system] 🎯 连锁头寸整体范围(连锁头寸策略监控): [-693, -556], 包含2个头寸 (无额外RPC调用)
07/24 00:00:45 INFO [system] 🔧 智能止损bin数据(连锁头寸策略监控): activeBin=-568, range=[-693, -556], 基准收益率=已计算 - 零额外RPC调用
07/24 00:00:45 INFO [system] 🎯 连锁头寸整体范围(内部分析报告生成): [-693, -556], 包含2个头寸 (无额外RPC调用)
07/24 00:00:45 INFO [system] 🔧 智能止损bin数据(内部分析报告生成): activeBin=-568, range=[-693, -556], 基准收益率=已计算 - 零额外RPC调用
07/24 00:00:53 INFO [system] 💰 活跃bin价格: 5qP3PM7B... bin=-568, 价格=0.00000351
07/24 00:00:53 INFO [system] 🔍 获取头寸收益: GT6A5nwf...
07/24 00:00:54 INFO [system] 💰 收益数据: X=1366316389, Y=1299935, XExclude=1366316389, YExclude=1299935
07/24 00:00:54 INFO [system] 🔧 池连接成功: 代币精度 X=6, Y=9
07/24 00:00:55 INFO [system] 📊 头寸数据解析完成: 包含 69 个bin
07/24 00:00:55 INFO [system] 🎯 池活跃Bin: -568 (通过API获取)
07/24 00:00:55 INFO [system] 💰 代币总量: TokenX=0, TokenY=6.399999929, bins=69/69, 在范围=false
07/24 00:00:55 INFO [system] ✅ 链上头寸信息获取成功: TokenX=0, TokenY=6.399999929, 范围=[-693, -625], 在范围内=false
07/24 00:00:55 INFO [system] 🔍 获取头寸收益: HHaJ5kxi...
07/24 00:00:56 INFO [system] 💰 收益数据: X=0, Y=0, XExclude=0, YExclude=0
07/24 00:00:56 INFO [system] 🔧 池连接成功: 代币精度 X=6, Y=9
07/24 00:00:57 INFO [system] 📊 头寸数据解析完成: 包含 69 个bin
07/24 00:00:57 INFO [system] 🎯 池活跃Bin: -568 (通过API获取)
07/24 00:00:57 INFO [system] 💰 代币总量: TokenX=14854.121229, TokenY=1.54552694, bins=69/69, 在范围=true
07/24 00:00:57 INFO [system] ✅ 链上头寸信息获取成功: TokenX=14854.121229, TokenY=1.54552694, 范围=[-624, -556], 在范围内=true
07/24 00:00:57 INFO [system] 🎯 连锁头寸整体范围(连锁头寸策略监控): [-693, -556], 包含2个头寸 (无额外RPC调用)
07/24 00:00:57 INFO [system] 🔧 智能止损bin数据(连锁头寸策略监控): activeBin=-568, range=[-693, -556], 基准收益率=已计算 - 零额外RPC调用
07/24 00:00:57 INFO [system] 🎯 连锁头寸整体范围(内部分析报告生成): [-693, -556], 包含2个头寸 (无额外RPC调用)
07/24 00:00:57 INFO [system] 🔧 智能止损bin数据(内部分析报告生成): activeBin=-568, range=[-693, -556], 基准收益率=已计算 - 零额外RPC调用
07/24 00:01:05 INFO [system] 💰 活跃bin价格: 5qP3PM7B... bin=-568, 价格=0.00000351
07/24 00:01:05 INFO [system] 🔍 获取头寸收益: GT6A5nwf...
07/24 00:01:06 INFO [system] 💰 收益数据: X=1366316389, Y=1490479, XExclude=1366316389, YExclude=1490479
07/24 00:01:07 INFO [system] 🔧 池连接成功: 代币精度 X=6, Y=9
07/24 00:01:07 INFO [system] 📊 头寸数据解析完成: 包含 69 个bin
07/24 00:01:07 INFO [system] 🎯 池活跃Bin: -568 (通过API获取)
07/24 00:01:07 INFO [system] 💰 代币总量: TokenX=0, TokenY=6.399999929, bins=69/69, 在范围=false
07/24 00:01:07 INFO [system] ✅ 链上头寸信息获取成功: TokenX=0, TokenY=6.399999929, 范围=[-693, -625], 在范围内=false
07/24 00:01:07 INFO [system] 🔍 获取头寸收益: HHaJ5kxi...
07/24 00:01:08 INFO [system] 💰 收益数据: X=0, Y=0, XExclude=0, YExclude=0
07/24 00:01:09 INFO [system] 🔧 池连接成功: 代币精度 X=6, Y=9
07/24 00:01:10 INFO [system] 📊 头寸数据解析完成: 包含 69 个bin
07/24 00:01:10 INFO [system] 🎯 池活跃Bin: -568 (通过API获取)
07/24 00:01:10 INFO [system] 💰 代币总量: TokenX=14057.063457, TokenY=1.548325595, bins=69/69, 在范围=true
07/24 00:01:10 INFO [system] ✅ 链上头寸信息获取成功: TokenX=14057.063457, TokenY=1.548325595, 范围=[-624, -556], 在范围内=true
07/24 00:01:10 INFO [system] 🎯 连锁头寸整体范围(连锁头寸策略监控): [-693, -556], 包含2个头寸 (无额外RPC调用)
07/24 00:01:10 INFO [system] 🔧 智能止损bin数据(连锁头寸策略监控): activeBin=-568, range=[-693, -556], 基准收益率=已计算 - 零额外RPC调用
07/24 00:01:10 INFO [system] 🎯 连锁头寸整体范围(内部分析报告生成): [-693, -556], 包含2个头寸 (无额外RPC调用)
07/24 00:01:10 INFO [system] 🔧 智能止损bin数据(内部分析报告生成): activeBin=-568, range=[-693, -556], 基准收益率=已计算 - 零额外RPC调用
07/24 00:01:17 INFO [system] 💰 活跃bin价格: 5qP3PM7B... bin=-568, 价格=0.00000351
07/24 00:01:17 INFO [system] 🔍 获取头寸收益: GT6A5nwf...
07/24 00:01:18 INFO [system] 💰 收益数据: X=1366316389, Y=2031771, XExclude=1366316389, YExclude=2031771
07/24 00:01:19 INFO [system] 🔧 池连接成功: 代币精度 X=6, Y=9
07/24 00:01:19 INFO [system] 📊 头寸数据解析完成: 包含 69 个bin
07/24 00:01:19 INFO [system] 🎯 池活跃Bin: -567 (通过API获取)
07/24 00:01:19 INFO [system] 💰 代币总量: TokenX=0, TokenY=6.399999929, bins=69/69, 在范围=false
07/24 00:01:19 INFO [system] ✅ 链上头寸信息获取成功: TokenX=0, TokenY=6.399999929, 范围=[-693, -625], 在范围内=false
07/24 00:01:19 INFO [system] 🔍 获取头寸收益: HHaJ5kxi...
07/24 00:01:20 INFO [system] 💰 收益数据: X=0, Y=0, XExclude=0, YExclude=0
07/24 00:01:21 INFO [system] 🔧 池连接成功: 代币精度 X=6, Y=9
07/24 00:01:21 INFO [system] 📊 头寸数据解析完成: 包含 69 个bin
07/24 00:01:22 INFO [system] 🎯 池活跃Bin: -567 (通过API获取)
07/24 00:01:22 INFO [system] 💰 代币总量: TokenX=11815.231776, TokenY=1.556275905, bins=69/69, 在范围=true
07/24 00:01:22 INFO [system] ✅ 链上头寸信息获取成功: TokenX=11815.231776, TokenY=1.556275905, 范围=[-624, -556], 在范围内=true
07/24 00:01:22 INFO [system] 🎯 连锁头寸整体范围(连锁头寸策略监控): [-693, -556], 包含2个头寸 (无额外RPC调用)
07/24 00:01:22 INFO [system] 🔧 智能止损bin数据(连锁头寸策略监控): activeBin=-568, range=[-693, -556], 基准收益率=已计算 - 零额外RPC调用
07/24 00:01:22 INFO [system] 🎯 连锁头寸整体范围(内部分析报告生成): [-693, -556], 包含2个头寸 (无额外RPC调用)
07/24 00:01:22 INFO [system] 🔧 智能止损bin数据(内部分析报告生成): activeBin=-568, range=[-693, -556], 基准收益率=已计算 - 零额外RPC调用
07/24 00:01:29 INFO [system] 💰 活跃bin价格: 5qP3PM7B... bin=-567, 价格=0.00000355
07/24 00:01:30 INFO [system] 🔍 获取头寸收益: GT6A5nwf...
07/24 00:01:31 INFO [system] 💰 收益数据: X=1366316389, Y=2031771, XExclude=1366316389, YExclude=2031771
07/24 00:01:31 INFO [system] 🔧 池连接成功: 代币精度 X=6, Y=9
07/24 00:01:31 INFO [system] 📊 头寸数据解析完成: 包含 69 个bin
07/24 00:01:32 INFO [system] 🎯 池活跃Bin: -567 (通过API获取)
07/24 00:01:32 INFO [system] 💰 代币总量: TokenX=0, TokenY=6.399999929, bins=69/69, 在范围=false
07/24 00:01:32 INFO [system] ✅ 链上头寸信息获取成功: TokenX=0, TokenY=6.399999929, 范围=[-693, -625], 在范围内=false
07/24 00:01:32 INFO [system] 🔍 获取头寸收益: HHaJ5kxi...
07/24 00:01:33 INFO [system] 💰 收益数据: X=0, Y=0, XExclude=0, YExclude=0
07/24 00:01:34 INFO [system] 🔧 池连接成功: 代币精度 X=6, Y=9
07/24 00:01:34 INFO [system] 📊 头寸数据解析完成: 包含 69 个bin
07/24 00:01:35 INFO [system] 🎯 池活跃Bin: -567 (通过API获取)
07/24 00:01:35 INFO [system] 💰 代币总量: TokenX=11815.231776, TokenY=1.556275905, bins=69/69, 在范围=true
07/24 00:01:35 INFO [system] ✅ 链上头寸信息获取成功: TokenX=11815.231776, TokenY=1.556275905, 范围=[-624, -556], 在范围内=true
07/24 00:01:35 INFO [system] 🎯 连锁头寸整体范围(连锁头寸策略监控): [-693, -556], 包含2个头寸 (无额外RPC调用)
07/24 00:01:35 INFO [system] 🔧 智能止损bin数据(连锁头寸策略监控): activeBin=-567, range=[-693, -556], 基准收益率=已计算 - 零额外RPC调用
07/24 00:01:35 INFO [system] 🎯 连锁头寸整体范围(内部分析报告生成): [-693, -556], 包含2个头寸 (无额外RPC调用)
07/24 00:01:35 INFO [system] 🔧 智能止损bin数据(内部分析报告生成): activeBin=-567, range=[-693, -556], 基准收益率=已计算 - 零额外RPC调用
07/24 00:01:41 INFO [system] 💰 活跃bin价格: 5qP3PM7B... bin=-567, 价格=0.00000355
07/24 00:01:41 INFO [system] 🔍 获取头寸收益: GT6A5nwf...
07/24 00:01:42 INFO [system] 💰 收益数据: X=1366316389, Y=2031771, XExclude=1366316389, YExclude=2031771
07/24 00:01:43 INFO [system] 🔧 池连接成功: 代币精度 X=6, Y=9
07/24 00:01:44 INFO [system] 📊 头寸数据解析完成: 包含 69 个bin
07/24 00:01:44 INFO [system] [StrategyHealthChecker] 开始健康检查 - 检查 5 个策略实例
07/24 00:01:44 INFO [system] [StrategyHealthChecker] 健康检查完成 - 耗时: 4ms, 发现问题: 0 个
07/24 00:01:44 INFO [system] 🎯 池活跃Bin: -567 (通过API获取)
07/24 00:01:44 INFO [system] 💰 代币总量: TokenX=0, TokenY=6.399999929, bins=69/69, 在范围=false
07/24 00:01:44 INFO [system] ✅ 链上头寸信息获取成功: TokenX=0, TokenY=6.399999929, 范围=[-693, -625], 在范围内=false
07/24 00:01:44 INFO [system] 🎯 连锁头寸整体范围(连锁头寸策略监控): [-693, -556], 包含2个头寸 (无额外RPC调用)
07/24 00:01:44 INFO [system] 🔧 智能止损bin数据(连锁头寸策略监控): activeBin=-567, range=[-693, -556], 基准收益率=已计算 - 零额外RPC调用
07/24 00:01:44 INFO [system] 🎯 连锁头寸整体范围(内部分析报告生成): [-693, -556], 包含2个头寸 (无额外RPC调用)
07/24 00:01:44 INFO [system] 🔧 智能止损bin数据(内部分析报告生成): activeBin=-567, range=[-693, -556], 基准收益率=已计算 - 零额外RPC调用
07/24 00:01:53 INFO [system] 💰 活跃bin价格: 5qP3PM7B... bin=-567, 价格=0.00000355
07/24 00:01:54 INFO [system] 🔍 获取头寸收益: HHaJ5kxi...
07/24 00:01:55 INFO [system] 💰 收益数据: X=0, Y=0, XExclude=0, YExclude=0
07/24 00:01:55 INFO [system] 🔧 池连接成功: 代币精度 X=6, Y=9
07/24 00:01:55 INFO [system] 📊 头寸数据解析完成: 包含 69 个bin
07/24 00:01:55 INFO [system] 🎯 池活跃Bin: -567 (通过API获取)
07/24 00:01:55 INFO [system] 💰 代币总量: TokenX=11815.231776, TokenY=1.556275905, bins=69/69, 在范围=true
07/24 00:01:55 INFO [system] ✅ 链上头寸信息获取成功: TokenX=11815.231776, TokenY=1.556275905, 范围=[-624, -556], 在范围内=true
07/24 00:01:55 INFO [system] 🔍 获取头寸收益: GT6A5nwf...
07/24 00:01:56 INFO [system] 💰 收益数据: X=1366316389, Y=2031771, XExclude=1366316389, YExclude=2031771
07/24 00:01:58 INFO [system] 🔧 池连接成功: 代币精度 X=6, Y=9
07/24 00:01:58 INFO [system] 📊 头寸数据解析完成: 包含 69 个bin
07/24 00:01:58 INFO [system] 🎯 池活跃Bin: -567 (通过API获取)
07/24 00:01:58 INFO [system] 💰 代币总量: TokenX=0, TokenY=6.399999929, bins=69/69, 在范围=false
07/24 00:01:58 INFO [system] ✅ 链上头寸信息获取成功: TokenX=0, TokenY=6.399999929, 范围=[-693, -625], 在范围内=false
07/24 00:01:58 INFO [system] 🎯 连锁头寸整体范围(连锁头寸策略监控): [-693, -556], 包含2个头寸 (无额外RPC调用)
07/24 00:01:58 INFO [system] 🔧 智能止损bin数据(连锁头寸策略监控): activeBin=-567, range=[-693, -556], 基准收益率=已计算 - 零额外RPC调用
07/24 00:01:58 INFO [system] 🎯 连锁头寸整体范围(内部分析报告生成): [-693, -556], 包含2个头寸 (无额外RPC调用)
07/24 00:01:58 INFO [system] 🔧 智能止损bin数据(内部分析报告生成): activeBin=-567, range=[-693, -556], 基准收益率=已计算 - 零额外RPC调用
07/24 00:02:05 INFO [system] 💰 活跃bin价格: 5qP3PM7B... bin=-567, 价格=0.00000355
07/24 00:02:05 INFO [system] 🔍 获取头寸收益: HHaJ5kxi...
07/24 00:02:06 INFO [system] 💰 收益数据: X=0, Y=0, XExclude=0, YExclude=0
07/24 00:02:07 INFO [system] 🔧 池连接成功: 代币精度 X=6, Y=9
07/24 00:02:07 INFO [system] 📊 头寸数据解析完成: 包含 69 个bin
07/24 00:02:07 INFO [system] 🎯 池活跃Bin: -587 (通过API获取)
07/24 00:02:07 INFO [system] 💰 代币总量: TokenX=108912.484202, TokenY=1.250186316, bins=69/69, 在范围=true
07/24 00:02:07 INFO [system] ✅ 链上头寸信息获取成功: TokenX=108912.484202, TokenY=1.250186316, 范围=[-624, -556], 在范围内=true
07/24 00:02:07 INFO [system] 🎯 连锁头寸整体范围(连锁头寸策略监控): [-693, -556], 包含2个头寸 (无额外RPC调用)
07/24 00:02:07 INFO [system] 🔧 智能止损bin数据(连锁头寸策略监控): activeBin=-567, range=[-693, -556], 基准收益率=已计算 - 零额外RPC调用
07/24 00:02:07 INFO [system] 🎯 连锁头寸整体范围(内部分析报告生成): [-693, -556], 包含2个头寸 (无额外RPC调用)
07/24 00:02:07 INFO [system] 🔧 智能止损bin数据(内部分析报告生成): activeBin=-567, range=[-693, -556], 基准收益率=已计算 - 零额外RPC调用
07/24 00:02:17 INFO [system] 💰 活跃bin价格: 5qP3PM7B... bin=-587, 价格=0.00000291
07/24 00:02:17 INFO [system] 🔍 获取头寸收益: GT6A5nwf...
07/24 00:02:18 INFO [system] 🔧 池连接成功: 代币精度 X=6, Y=9
07/24 00:02:18 INFO [system] 📊 头寸数据解析完成: 包含 69 个bin
07/24 00:02:19 INFO [system] 🎯 池活跃Bin: -587 (通过API获取)
07/24 00:02:19 INFO [system] 💰 代币总量: TokenX=0, TokenY=6.399999929, bins=69/69, 在范围=false
07/24 00:02:19 INFO [system] ✅ 链上头寸信息获取成功: TokenX=0, TokenY=6.399999929, 范围=[-693, -625], 在范围内=false
07/24 00:02:19 INFO [system] 🔍 获取头寸收益: HHaJ5kxi...
07/24 00:02:19 INFO [system] 💰 收益数据: X=6596779731, Y=2031771, XExclude=6596779731, YExclude=2031771
07/24 00:02:19 INFO [system] 💰 收益数据: X=0, Y=0, XExclude=0, YExclude=0
07/24 00:02:20 INFO [system] 🔧 池连接成功: 代币精度 X=6, Y=9
07/24 00:02:20 INFO [system] 📊 头寸数据解析完成: 包含 69 个bin
07/24 00:02:21 INFO [system] 🎯 池活跃Bin: -590 (通过API获取)
07/24 00:02:21 INFO [system] 💰 代币总量: TokenX=128347.007225, TokenY=1.194709423, bins=69/69, 在范围=true
07/24 00:02:21 INFO [system] ✅ 链上头寸信息获取成功: TokenX=128347.007225, TokenY=1.194709423, 范围=[-624, -556], 在范围内=true
07/24 00:02:21 INFO [system] 🎯 连锁头寸整体范围(连锁头寸策略监控): [-693, -556], 包含2个头寸 (无额外RPC调用)
07/24 00:02:21 INFO [system] 🔧 智能止损bin数据(连锁头寸策略监控): activeBin=-587, range=[-693, -556], 基准收益率=已计算 - 零额外RPC调用
07/24 00:02:21 INFO [system] 🎯 连锁头寸整体范围(内部分析报告生成): [-693, -556], 包含2个头寸 (无额外RPC调用)
07/24 00:02:21 INFO [system] 🔧 智能止损bin数据(内部分析报告生成): activeBin=-587, range=[-693, -556], 基准收益率=已计算 - 零额外RPC调用
07/24 00:02:21 INFO [system] 🎯 开始智能批量提取收益 - 阈值: 0.02
07/24 00:02:21 INFO [system] 🔍 开始分组 2 个头寸...
07/24 00:02:21 INFO [system] 📋 池子 5qP3PM7B... 包含 2 个头寸
07/24 00:02:21 INFO [system] 📊 头寸分组完成 - 共 1 个池子，2 个头寸，待提取收益: 0.021204571354401305
07/24 00:02:21 INFO [system] 🏊 开始处理池子: 5qP3PM7B... (2个头寸)
07/24 00:02:21 INFO [system] 🏊 开始池子级别批量提取: 5qP3PM7B... (2个头寸)
07/24 00:02:21 INFO [system] 🔐 使用钱包签名交易: GRCpbYmh...
07/24 00:02:21 INFO [system] 🧮 计算Y代币等价值: X=6596779731, Y=2031771
07/24 00:02:21 INFO [system] ✅ Y代币等价值计算: X=6596779731 (价格=0.0027929817276861222) -> Y=0.018424685250253172, 原Y=0.002031771, 总计=0.02045645625025317
07/24 00:02:21 INFO [system] 🔨 构建池子批量提取交易: 5qP3PM7B... (2个头寸)
07/24 00:02:21 INFO [system] 👤 使用钱包地址: GRCpbYmh...
07/24 00:02:21 INFO [system] 📦 DLMM SDK加载成功
07/24 00:02:22 INFO [system] 🏊 DLMM池连接成功: 5qP3PM7B...
07/24 00:02:22 INFO [system] 📋 获取用户在池子中的所有头寸...
07/24 00:02:23 INFO [system] ✅ 找到 2/2 个目标头寸，开始构建claimAllSwapFee交易...
07/24 00:02:23 INFO [system] ✅ 池子批量收集交易构建成功，共 1 个交易
07/24 00:02:23 INFO [system] 🔧 交易指令数量: 4
07/24 00:02:23 WARN [system] 优先费用缓存过期，使用默认值: 100000
07/24 00:02:29 INFO [system] 💰 活跃bin价格: 5qP3PM7B... bin=-591, 价格=0.00000279
07/24 00:02:29 INFO [system] 🔍 获取头寸收益: GT6A5nwf...
07/24 00:02:30 INFO [system] 💰 收益数据: X=8150874726, Y=2031771, XExclude=8150874726, YExclude=2031771
07/24 00:02:30 INFO [system] 🔧 池连接成功: 代币精度 X=6, Y=9
07/24 00:02:31 INFO [system] 📊 头寸数据解析完成: 包含 69 个bin
07/24 00:02:31 INFO [system] 🎯 池活跃Bin: -591 (通过API获取)
07/24 00:02:31 INFO [system] 💰 代币总量: TokenX=0, TokenY=6.399999929, bins=69/69, 在范围=false
07/24 00:02:31 INFO [system] ✅ 链上头寸信息获取成功: TokenX=0, TokenY=6.399999929, 范围=[-693, -625], 在范围内=false
07/24 00:02:31 INFO [system] 🔍 获取头寸收益: HHaJ5kxi...
07/24 00:02:32 INFO [system] 💰 收益数据: X=0, Y=0, XExclude=0, YExclude=0
07/24 00:02:32 INFO [system] 🔧 池连接成功: 代币精度 X=6, Y=9
07/24 00:02:33 INFO [system] 📊 头寸数据解析完成: 包含 69 个bin
07/24 00:02:33 INFO [system] 🎯 池活跃Bin: -591 (通过API获取)
07/24 00:02:33 INFO [system] 💰 代币总量: TokenX=138047.998729, TokenY=1.167495952, bins=69/69, 在范围=true
07/24 00:02:33 INFO [system] ✅ 链上头寸信息获取成功: TokenX=138047.998729, TokenY=1.167495952, 范围=[-624, -556], 在范围内=true
07/24 00:02:33 INFO [system] 🎯 连锁头寸整体范围(连锁头寸策略监控): [-693, -556], 包含2个头寸 (无额外RPC调用)
07/24 00:02:33 INFO [system] 🔧 智能止损bin数据(连锁头寸策略监控): activeBin=-591, range=[-693, -556], 基准收益率=已计算 - 零额外RPC调用
07/24 00:02:33 INFO [system] 🎯 连锁头寸整体范围(内部分析报告生成): [-693, -556], 包含2个头寸 (无额外RPC调用)
07/24 00:02:33 INFO [system] 🔧 智能止损bin数据(内部分析报告生成): activeBin=-591, range=[-693, -556], 基准收益率=已计算 - 零额外RPC调用
07/24 00:02:33 INFO [system] 🎯 开始智能批量提取收益 - 阈值: 0.02
07/24 00:02:33 INFO [system] 🔍 开始分组 2 个头寸...
07/24 00:02:33 INFO [system] 📋 池子 5qP3PM7B... 包含 2 个头寸
07/24 00:02:33 INFO [system] 📊 头寸分组完成 - 共 1 个池子，2 个头寸，待提取收益: 0.024797014174376627
07/24 00:02:33 INFO [system] 🏊 开始处理池子: 5qP3PM7B... (2个头寸)
07/24 00:02:33 INFO [system] 🏊 开始池子级别批量提取: 5qP3PM7B... (2个头寸)
07/24 00:02:33 INFO [system] 🔐 使用钱包签名交易: GRCpbYmh...
07/24 00:02:33 INFO [system] 🧮 计算Y代币等价值: X=8150874726, Y=2031771
07/24 00:02:33 INFO [system] ✅ Y代币等价值计算: X=8150874726 (价格=0.0027929817276861222) -> Y=0.022765244174376628, 原Y=0.002031771, 总计=0.02479701517437663
07/24 00:02:33 INFO [system] 🔨 构建池子批量提取交易: 5qP3PM7B... (2个头寸)
07/24 00:02:33 INFO [system] 👤 使用钱包地址: GRCpbYmh...
07/24 00:02:33 INFO [system] 📦 DLMM SDK加载成功
07/24 00:02:34 INFO [system] 🏊 DLMM池连接成功: 5qP3PM7B...
07/24 00:02:34 INFO [system] 📋 获取用户在池子中的所有头寸...
07/24 00:02:34 INFO [system] ✅ 找到 2/2 个目标头寸，开始构建claimAllSwapFee交易...
07/24 00:02:35 INFO [system] ✅ 池子批量收集交易构建成功，共 1 个交易
07/24 00:02:35 INFO [system] 🔧 交易指令数量: 4
07/24 00:02:35 WARN [system] 优先费用缓存过期，使用默认值: 100000
07/24 00:02:37 INFO [system] ✅ 交易验证: 3eroqh6C... (第1次尝试) confirmed
07/24 00:02:37 INFO [system] 🎉 池子批量提取交易发送成功: 3eroqh6Ccxc6Trc34W6WJGdVEAf34TLBGPX93pZZ5NvvpYpL1tYDau4kRDPGaMSLTQaRbQ5YdLu1v3d55B6cEQkz
07/24 00:02:37 INFO [system] ⛽ Gas费用: 0 lamports
07/24 00:02:37 INFO [system] ✅ 池子批量提取成功: 3eroqh6Ccxc6Trc34W6WJGdVEAf34TLBGPX93pZZ5NvvpYpL1tYDau4kRDPGaMSLTQaRbQ5YdLu1v3d55B6cEQkz - X:8150874726, Y:2031771, 价值:0.02479701517437663
07/24 00:02:37 INFO [system] 🔍 开始验证提取交易: 3eroqh6C...
07/24 00:02:39 INFO [system] ✅ 交易验证: 3eroqh6C... (第1次尝试) confirmed
07/24 00:02:39 INFO [system] ✅ 提取交易验证成功: 状态=confirmed, 插槽=355242335
07/24 00:02:39 INFO [system] ✅ 记录收益提取: 0.024797014174376627Y, 累积: 0.024797014174376627Y
07/24 00:02:39 INFO [system] ✅ 池子 5qP3PM7B... 收益提取验证成功并已记录 - 提取收益: 0.024797014174376627
07/24 00:02:40 INFO [system] 💰 开始X代币交换: 8150.874726 (池子: 5qP3PM7B...)
07/24 00:02:41 INFO [system] 💰 活跃bin价格: 5qP3PM7B... bin=-590, 价格=0.00000282
07/24 00:02:41 INFO [system] 🔄 开始执行收益提取X代币交换 - inputMint: D9JXMRovgX9hyCAqkQZTvj5Pr3rgZkNCFw8vfhxabonk, outputMint: So11111111111111111111111111111111111111112, humanReadableAmount: 8150.874726, atomicAmount: 8150874726, decimals: 6, slippageBps: 2000
07/24 00:02:42 INFO [system] 🔍 获取头寸收益: GT6A5nwf...
07/24 00:02:43 INFO [system] 🔧 池连接成功: 代币精度 X=6, Y=9
07/24 00:02:43 INFO [system] 💰 收益数据: X=0, Y=1451235, XExclude=0, YExclude=1451235
07/24 00:02:43 INFO [system] 📊 头寸数据解析完成: 包含 69 个bin
07/24 00:02:44 INFO [system] 🎯 池活跃Bin: -590 (通过API获取)
07/24 00:02:44 INFO [system] 💰 代币总量: TokenX=0, TokenY=6.399999929, bins=69/69, 在范围=false
07/24 00:02:44 INFO [system] ✅ 链上头寸信息获取成功: TokenX=0, TokenY=6.399999929, 范围=[-693, -625], 在范围内=false
07/24 00:02:44 INFO [system] 🔍 获取头寸收益: HHaJ5kxi...
07/24 00:02:44 INFO [system] [StrategyHealthChecker] 开始健康检查 - 检查 5 个策略实例
07/24 00:02:44 INFO [system] [StrategyHealthChecker] 健康检查完成 - 耗时: 3ms, 发现问题: 0 个
07/24 00:02:44 INFO [system] ✅ 收益提取X代币交换成功 - 输入: 8150.874726, 输出: 23627358, 签名: 2biGDi5tX6eMEXBnktKmNdaRFM9P9E8yPPHHu4QH2Hm4bBGvczJvX6tHC9iwWkces3HC2eYwAw3GbXkNVhpJGbR
07/24 00:02:44 INFO [system] ✅ 代币交换基础验证通过 - 签名存在: 2biGDi5t..., 预期输出: 23627358
07/24 00:02:44 INFO [system] ✅ 重试成功: token.swap (第1次尝试) 耗时:4.0s
07/24 00:02:44 INFO [system] 🔍 开始对代币交换进行4次验证 - 签名: 2biGDi5t...
07/24 00:02:44 INFO [system] 💰 收益数据: X=0, Y=0, XExclude=0, YExclude=0
07/24 00:02:45 INFO [system] 🔧 池连接成功: 代币精度 X=6, Y=9
07/24 00:02:46 INFO [system] 📊 头寸数据解析完成: 包含 69 个bin
07/24 00:02:46 INFO [system] 🎯 池活跃Bin: -590 (通过API获取)
07/24 00:02:46 INFO [system] 💰 代币总量: TokenX=128561.489359, TokenY=1.194106072, bins=69/69, 在范围=true
07/24 00:02:46 INFO [system] ✅ 链上头寸信息获取成功: TokenX=128561.489359, TokenY=1.194106072, 范围=[-624, -556], 在范围内=true
07/24 00:02:46 INFO [system] 🎯 连锁头寸整体范围(连锁头寸策略监控): [-693, -556], 包含2个头寸 (无额外RPC调用)
07/24 00:02:46 INFO [system] 🔧 智能止损bin数据(连锁头寸策略监控): activeBin=-590, range=[-693, -556], 基准收益率=已计算 - 零额外RPC调用
07/24 00:02:46 INFO [system] 🎯 连锁头寸整体范围(内部分析报告生成): [-693, -556], 包含2个头寸 (无额外RPC调用)
07/24 00:02:46 INFO [system] 🔧 智能止损bin数据(内部分析报告生成): activeBin=-590, range=[-693, -556], 基准收益率=已计算 - 零额外RPC调用
07/24 00:02:46 INFO [system] ✅ 交易验证: 2biGDi5t... (第1次尝试) confirmed
07/24 00:02:46 INFO [system] ✅ 代币交换4次验证成功 - 状态: confirmed, 插槽: 355242356
07/24 00:02:48 INFO [system] ✅ 余额验证通过 - X代币已基本清空，Y代币余额: 0
07/24 00:02:48 WARN [system] ⚠️ 无法确定实际输出金额，使用原始值: 23627358
07/24 00:02:48 INFO [system] ✅ X代币交换成功: 8150.874726 → 23627358 Y代币
07/24 00:02:48 INFO [system] 🎉 智能批量提取完成 - 实际提取收益: 0.024797014174376627, 成功头寸: 2/2, 处理池子: 1/1
07/24 00:02:48 INFO [system] 🔒 收益提取时间锁已激活，1分钟内不再检查收益提取
07/24 00:02:48 INFO [system] 🎯 连锁头寸整体范围(连锁头寸策略监控): [-693, -556], 包含2个头寸 (无额外RPC调用)
07/24 00:02:48 INFO [system] 🔧 智能止损bin数据(连锁头寸策略监控): activeBin=-590, range=[-693, -556], 基准收益率=已计算 - 零额外RPC调用
07/24 00:02:48 INFO [system] 🎯 连锁头寸整体范围(内部分析报告生成): [-693, -556], 包含2个头寸 (无额外RPC调用)
07/24 00:02:48 INFO [system] 🔧 智能止损bin数据(内部分析报告生成): activeBin=-590, range=[-693, -556], 基准收益率=已计算 - 零额外RPC调用
07/24 00:02:53 INFO [system] 💰 活跃bin价格: 5qP3PM7B... bin=-588, 价格=0.00000288
07/24 00:02:53 INFO [system] 🔍 获取头寸收益: GT6A5nwf...
07/24 00:02:54 INFO [system] 💰 收益数据: X=0, Y=4408179, XExclude=0, YExclude=4408179
07/24 00:02:55 INFO [system] 🔧 池连接成功: 代币精度 X=6, Y=9
07/24 00:02:55 INFO [system] 📊 头寸数据解析完成: 包含 69 个bin
07/24 00:02:55 INFO [system] 🎯 池活跃Bin: -588 (通过API获取)
07/24 00:02:55 INFO [system] 💰 代币总量: TokenX=0, TokenY=6.399999929, bins=69/69, 在范围=false
07/24 00:02:55 INFO [system] ✅ 链上头寸信息获取成功: TokenX=0, TokenY=6.399999929, 范围=[-693, -625], 在范围内=false
07/24 00:02:55 INFO [system] 🎯 连锁头寸整体范围(连锁头寸策略监控): [-693, -556], 包含2个头寸 (无额外RPC调用)
07/24 00:02:55 INFO [system] 🔧 智能止损bin数据(连锁头寸策略监控): activeBin=-588, range=[-693, -556], 基准收益率=已计算 - 零额外RPC调用
07/24 00:02:55 INFO [system] 🎯 连锁头寸整体范围(内部分析报告生成): [-693, -556], 包含2个头寸 (无额外RPC调用)
07/24 00:02:55 INFO [system] 🔧 智能止损bin数据(内部分析报告生成): activeBin=-588, range=[-693, -556], 基准收益率=已计算 - 零额外RPC调用
07/24 00:03:04 WARN [system] ⏳ 交易验证超时: 59Y2AZDU... (5次尝试后未确认)
07/24 00:03:04 WARN [system] ⚠️ 池子 5qP3PM7B... 提取失败，未记录收益，等待下次轮询重试: 交易发送失败: 交易失败: 交易验证超时
07/24 00:03:04 INFO [system] 🎉 智能批量提取完成 - 实际提取收益: 0, 成功头寸: 0/2, 处理池子: 0/1
07/24 00:03:04 INFO [system] 🔒 收益提取时间锁已激活，1分钟内不再检查收益提取
07/24 00:03:04 INFO [system] 🔧 池连接成功: 代币精度 X=6, Y=9
07/24 00:03:05 INFO [system] 📊 头寸数据解析完成: 包含 69 个bin
07/24 00:03:05 INFO [system] 💰 活跃bin价格: 5qP3PM7B... bin=-588, 价格=0.00000288
07/24 00:03:05 INFO [system] 🔍 获取头寸收益: HHaJ5kxi...
07/24 00:03:05 INFO [system] 🎯 池活跃Bin: -588 (通过API获取)
07/24 00:03:05 INFO [system] 💰 代币总量: TokenX=108919.54932, TokenY=1.250168727, bins=69/69, 在范围=true
07/24 00:03:05 INFO [system] ✅ 链上头寸信息获取成功: TokenX=108919.54932, TokenY=1.250168727, 范围=[-624, -556], 在范围内=true
07/24 00:03:05 INFO [system] 🎯 连锁头寸整体范围(连锁头寸策略监控): [-693, -556], 包含2个头寸 (无额外RPC调用)
07/24 00:03:05 INFO [system] 🔧 智能止损bin数据(连锁头寸策略监控): activeBin=-588, range=[-693, -556], 基准收益率=已计算 - 零额外RPC调用
07/24 00:03:06 INFO [system] 🔍 获取头寸收益: GT6A5nwf...
07/24 00:03:06 INFO [system] 💰 收益数据: X=0, Y=0, XExclude=0, YExclude=0
07/24 00:03:06 INFO [system] 💰 收益数据: X=0, Y=4408179, XExclude=0, YExclude=4408179
07/24 00:03:06 INFO [system] 🔧 池连接成功: 代币精度 X=6, Y=9
07/24 00:03:07 INFO [system] 🔧 池连接成功: 代币精度 X=6, Y=9
07/24 00:03:07 INFO [system] 📊 头寸数据解析完成: 包含 69 个bin
07/24 00:03:07 INFO [system] 📊 头寸数据解析完成: 包含 69 个bin
07/24 00:03:07 INFO [system] 🎯 池活跃Bin: -588 (通过API获取)
07/24 00:03:07 INFO [system] 💰 代币总量: TokenX=108919.54932, TokenY=1.250168727, bins=69/69, 在范围=true
07/24 00:03:07 INFO [system] ✅ 链上头寸信息获取成功: TokenX=108919.54932, TokenY=1.250168727, 范围=[-624, -556], 在范围内=true
07/24 00:03:07 INFO [system] 🎯 池活跃Bin: -588 (通过API获取)
07/24 00:03:07 INFO [system] 💰 代币总量: TokenX=0, TokenY=6.399999929, bins=69/69, 在范围=false
07/24 00:03:07 INFO [system] ✅ 链上头寸信息获取成功: TokenX=0, TokenY=6.399999929, 范围=[-693, -625], 在范围内=false
07/24 00:03:07 INFO [system] 🎯 连锁头寸整体范围(内部分析报告生成): [-693, -556], 包含2个头寸 (无额外RPC调用)
07/24 00:03:07 INFO [system] 🔧 智能止损bin数据(内部分析报告生成): activeBin=-588, range=[-693, -556], 基准收益率=已计算 - 零额外RPC调用
07/24 00:03:07 INFO [system] 🎯 连锁头寸整体范围(连锁头寸策略监控): [-693, -556], 包含2个头寸 (无额外RPC调用)
07/24 00:03:07 INFO [system] 🔧 智能止损bin数据(连锁头寸策略监控): activeBin=-588, range=[-693, -556], 基准收益率=已计算 - 零额外RPC调用
07/24 00:03:07 INFO [system] 🎯 连锁头寸整体范围(内部分析报告生成): [-693, -556], 包含2个头寸 (无额外RPC调用)
07/24 00:03:07 INFO [system] 🔧 智能止损bin数据(内部分析报告生成): activeBin=-588, range=[-693, -556], 基准收益率=已计算 - 零额外RPC调用
07/24 00:03:08 INFO [system] 🔧 池连接成功: 代币精度 X=6, Y=9
07/24 00:03:08 INFO [system] 📊 头寸数据解析完成: 包含 69 个bin
07/24 00:03:08 INFO [system] 🎯 池活跃Bin: -588 (通过API获取)
07/24 00:03:08 INFO [system] 💰 代币总量: TokenX=0, TokenY=6.399999929, bins=69/69, 在范围=false
07/24 00:03:08 INFO [system] ✅ 链上头寸信息获取成功: TokenX=0, TokenY=6.399999929, 范围=[-693, -625], 在范围内=false
07/24 00:03:08 INFO [system] 🎯 连锁头寸整体范围(连锁头寸策略监控): [-693, -556], 包含2个头寸 (无额外RPC调用)
07/24 00:03:08 INFO [system] 🔧 智能止损bin数据(连锁头寸策略监控): activeBin=-588, range=[-693, -556], 基准收益率=已计算 - 零额外RPC调用
07/24 00:03:08 INFO [system] 🎯 连锁头寸整体范围(内部分析报告生成): [-693, -556], 包含2个头寸 (无额外RPC调用)
07/24 00:03:08 INFO [system] 🔧 智能止损bin数据(内部分析报告生成): activeBin=-588, range=[-693, -556], 基准收益率=已计算 - 零额外RPC调用
07/24 00:03:17 INFO [system] 💰 活跃bin价格: 5qP3PM7B... bin=-588, 价格=0.00000288
07/24 00:03:17 INFO [system] 🔍 获取头寸收益: HHaJ5kxi...
07/24 00:03:19 INFO [system] 💰 收益数据: X=0, Y=0, XExclude=0, YExclude=0
07/24 00:03:19 INFO [system] 🔧 池连接成功: 代币精度 X=6, Y=9
07/24 00:03:19 INFO [system] 📊 头寸数据解析完成: 包含 69 个bin
07/24 00:03:19 INFO [system] 🎯 池活跃Bin: -588 (通过API获取)
07/24 00:03:19 INFO [system] 💰 代币总量: TokenX=108919.509858, TokenY=1.250168846, bins=69/69, 在范围=true
07/24 00:03:19 INFO [system] ✅ 链上头寸信息获取成功: TokenX=108919.509858, TokenY=1.250168846, 范围=[-624, -556], 在范围内=true
07/24 00:03:19 INFO [system] 🔍 获取头寸收益: GT6A5nwf...
07/24 00:03:20 INFO [system] 💰 收益数据: X=0, Y=4408179, XExclude=0, YExclude=4408179
07/24 00:03:21 INFO [system] 🔧 池连接成功: 代币精度 X=6, Y=9
07/24 00:03:21 INFO [system] 📊 头寸数据解析完成: 包含 69 个bin
07/24 00:03:22 INFO [system] 🎯 池活跃Bin: -588 (通过API获取)
07/24 00:03:22 INFO [system] 💰 代币总量: TokenX=0, TokenY=6.399999929, bins=69/69, 在范围=false
07/24 00:03:22 INFO [system] ✅ 链上头寸信息获取成功: TokenX=0, TokenY=6.399999929, 范围=[-693, -625], 在范围内=false
07/24 00:03:22 INFO [system] 🎯 连锁头寸整体范围(连锁头寸策略监控): [-693, -556], 包含2个头寸 (无额外RPC调用)
07/24 00:03:22 INFO [system] 🔧 智能止损bin数据(连锁头寸策略监控): activeBin=-588, range=[-693, -556], 基准收益率=已计算 - 零额外RPC调用
07/24 00:03:22 INFO [system] 🎯 连锁头寸整体范围(内部分析报告生成): [-693, -556], 包含2个头寸 (无额外RPC调用)
07/24 00:03:22 INFO [system] 🔧 智能止损bin数据(内部分析报告生成): activeBin=-588, range=[-693, -556], 基准收益率=已计算 - 零额外RPC调用
07/24 00:03:29 INFO [system] 💰 活跃bin价格: 5qP3PM7B... bin=-586, 价格=0.00000294
07/24 00:03:29 INFO [system] 🔍 获取头寸收益: HHaJ5kxi...
07/24 00:03:30 INFO [system] 💰 收益数据: X=0, Y=0, XExclude=0, YExclude=0
07/24 00:03:31 INFO [system] 🔧 池连接成功: 代币精度 X=6, Y=9
07/24 00:03:32 INFO [system] 📊 头寸数据解析完成: 包含 69 个bin
07/24 00:03:32 INFO [system] 🎯 池活跃Bin: -586 (通过API获取)
07/24 00:03:32 INFO [system] 💰 代币总量: TokenX=94621.281207, TokenY=1.291928193, bins=69/69, 在范围=true
07/24 00:03:32 INFO [system] ✅ 链上头寸信息获取成功: TokenX=94621.281207, TokenY=1.291928193, 范围=[-624, -556], 在范围内=true
07/24 00:03:32 INFO [system] 🎯 连锁头寸整体范围(连锁头寸策略监控): [-693, -556], 包含2个头寸 (无额外RPC调用)
07/24 00:03:32 INFO [system] 🔧 智能止损bin数据(连锁头寸策略监控): activeBin=-586, range=[-693, -556], 基准收益率=已计算 - 零额外RPC调用
07/24 00:03:33 INFO [system] 🔧 池连接成功: 代币精度 X=6, Y=9
07/24 00:03:33 INFO [system] 📊 头寸数据解析完成: 包含 69 个bin
07/24 00:03:33 INFO [system] 🎯 池活跃Bin: -586 (通过API获取)
07/24 00:03:33 INFO [system] 💰 代币总量: TokenX=0, TokenY=6.399999929, bins=69/69, 在范围=false
07/24 00:03:33 INFO [system] ✅ 链上头寸信息获取成功: TokenX=0, TokenY=6.399999929, 范围=[-693, -625], 在范围内=false
07/24 00:03:33 INFO [system] 🎯 连锁头寸整体范围(内部分析报告生成): [-693, -556], 包含2个头寸 (无额外RPC调用)
07/24 00:03:33 INFO [system] 🔧 智能止损bin数据(内部分析报告生成): activeBin=-586, range=[-693, -556], 基准收益率=已计算 - 零额外RPC调用
07/24 00:03:41 INFO [system] 💰 活跃bin价格: 5qP3PM7B... bin=-586, 价格=0.00000294
07/24 00:03:41 INFO [system] 🔍 获取头寸收益: GT6A5nwf...
07/24 00:03:41 INFO [system] 🔍 获取头寸收益: HHaJ5kxi...
07/24 00:03:42 INFO [system] 💰 收益数据: X=0, Y=0, XExclude=0, YExclude=0
07/24 00:03:42 INFO [system] 💰 收益数据: X=0, Y=6537603, XExclude=0, YExclude=6537603
07/24 00:03:43 INFO [system] 🔧 池连接成功: 代币精度 X=6, Y=9
07/24 00:03:43 INFO [system] 📊 头寸数据解析完成: 包含 69 个bin
07/24 00:03:44 INFO [system] 🎯 池活跃Bin: -586 (通过API获取)
07/24 00:03:44 INFO [system] 💰 代币总量: TokenX=94621.281207, TokenY=1.291928193, bins=69/69, 在范围=true
07/24 00:03:44 INFO [system] ✅ 链上头寸信息获取成功: TokenX=94621.281207, TokenY=1.291928193, 范围=[-624, -556], 在范围内=true
07/24 00:03:44 INFO [system] 🎯 连锁头寸整体范围(连锁头寸策略监控): [-693, -556], 包含2个头寸 (无额外RPC调用)
07/24 00:03:44 INFO [system] 🔧 智能止损bin数据(连锁头寸策略监控): activeBin=-586, range=[-693, -556], 基准收益率=已计算 - 零额外RPC调用
07/24 00:03:44 INFO [system] [StrategyHealthChecker] 开始健康检查 - 检查 5 个策略实例
07/24 00:03:44 INFO [system] [StrategyHealthChecker] 健康检查完成 - 耗时: 2ms, 发现问题: 0 个
07/24 00:03:45 INFO [system] 🔧 池连接成功: 代币精度 X=6, Y=9
07/24 00:03:45 INFO [system] 📊 头寸数据解析完成: 包含 69 个bin
07/24 00:03:46 INFO [system] 🎯 池活跃Bin: -586 (通过API获取)
07/24 00:03:46 INFO [system] 💰 代币总量: TokenX=0, TokenY=6.399999929, bins=69/69, 在范围=false
07/24 00:03:46 INFO [system] ✅ 链上头寸信息获取成功: TokenX=0, TokenY=6.399999929, 范围=[-693, -625], 在范围内=false
07/24 00:03:46 INFO [system] 🎯 连锁头寸整体范围(内部分析报告生成): [-693, -556], 包含2个头寸 (无额外RPC调用)
07/24 00:03:46 INFO [system] 🔧 智能止损bin数据(内部分析报告生成): activeBin=-586, range=[-693, -556], 基准收益率=已计算 - 零额外RPC调用
07/24 00:03:53 INFO [system] 💰 活跃bin价格: 5qP3PM7B... bin=-585, 价格=0.00000296
07/24 00:03:53 INFO [system] 🔍 获取头寸收益: GT6A5nwf...
07/24 00:03:53 INFO [system] 🔍 获取头寸收益: HHaJ5kxi...
07/24 00:03:54 INFO [system] 💰 收益数据: X=0, Y=0, XExclude=0, YExclude=0
07/24 00:03:55 INFO [system] 💰 收益数据: X=0, Y=7755810, XExclude=0, YExclude=7755810
07/24 00:03:56 INFO [system] 🔧 池连接成功: 代币精度 X=6, Y=9
07/24 00:03:56 INFO [system] 📊 头寸数据解析完成: 包含 69 个bin
07/24 00:03:56 INFO [system] 🎯 池活跃Bin: -584 (通过API获取)
07/24 00:03:56 INFO [system] 💰 代币总量: TokenX=86462.712639, TokenY=1.316159897, bins=69/69, 在范围=true
07/24 00:03:56 INFO [system] ✅ 链上头寸信息获取成功: TokenX=86462.712639, TokenY=1.316159897, 范围=[-624, -556], 在范围内=true
07/24 00:03:56 INFO [system] 🎯 连锁头寸整体范围(连锁头寸策略监控): [-693, -556], 包含2个头寸 (无额外RPC调用)
07/24 00:03:56 INFO [system] 🔧 智能止损bin数据(连锁头寸策略监控): activeBin=-585, range=[-693, -556], 基准收益率=已计算 - 零额外RPC调用
07/24 00:03:57 INFO [system] 🔧 池连接成功: 代币精度 X=6, Y=9
07/24 00:03:58 INFO [system] 📊 头寸数据解析完成: 包含 69 个bin
07/24 00:03:58 INFO [system] 🎯 池活跃Bin: -584 (通过API获取)
07/24 00:03:58 INFO [system] 💰 代币总量: TokenX=0, TokenY=6.399999929, bins=69/69, 在范围=false
07/24 00:03:58 INFO [system] ✅ 链上头寸信息获取成功: TokenX=0, TokenY=6.399999929, 范围=[-693, -625], 在范围内=false
07/24 00:03:58 INFO [system] 🎯 连锁头寸整体范围(内部分析报告生成): [-693, -556], 包含2个头寸 (无额外RPC调用)
07/24 00:03:58 INFO [system] 🔧 智能止损bin数据(内部分析报告生成): activeBin=-585, range=[-693, -556], 基准收益率=已计算 - 零额外RPC调用
07/24 00:04:05 INFO [system] 💰 活跃bin价格: 5qP3PM7B... bin=-584, 价格=0.00000299
07/24 00:04:05 INFO [system] 🔍 获取头寸收益: GT6A5nwf...
07/24 00:04:05 INFO [system] 🔍 获取头寸收益: HHaJ5kxi...
07/24 00:04:06 INFO [system] 💰 收益数据: X=0, Y=0, XExclude=0, YExclude=0
07/24 00:04:06 INFO [system] 💰 收益数据: X=0, Y=7755810, XExclude=0, YExclude=7755810
07/24 00:04:07 INFO [system] 🔧 池连接成功: 代币精度 X=6, Y=9
07/24 00:04:08 INFO [system] 📊 头寸数据解析完成: 包含 69 个bin
07/24 00:04:08 INFO [system] 🎯 池活跃Bin: -584 (通过API获取)
07/24 00:04:08 INFO [system] 💰 代币总量: TokenX=86462.712639, TokenY=1.316159897, bins=69/69, 在范围=true
07/24 00:04:08 INFO [system] ✅ 链上头寸信息获取成功: TokenX=86462.712639, TokenY=1.316159897, 范围=[-624, -556], 在范围内=true
07/24 00:04:08 INFO [system] 🎯 连锁头寸整体范围(连锁头寸策略监控): [-693, -556], 包含2个头寸 (无额外RPC调用)
07/24 00:04:08 INFO [system] 🔧 智能止损bin数据(连锁头寸策略监控): activeBin=-584, range=[-693, -556], 基准收益率=已计算 - 零额外RPC调用
07/24 00:04:09 INFO [system] 🔧 池连接成功: 代币精度 X=6, Y=9
07/24 00:04:09 INFO [system] 📊 头寸数据解析完成: 包含 69 个bin
07/24 00:04:10 INFO [system] 🎯 池活跃Bin: -584 (通过API获取)
07/24 00:04:10 INFO [system] 💰 代币总量: TokenX=0, TokenY=6.399999929, bins=69/69, 在范围=false
07/24 00:04:10 INFO [system] ✅ 链上头寸信息获取成功: TokenX=0, TokenY=6.399999929, 范围=[-693, -625], 在范围内=false
07/24 00:04:10 INFO [system] 🎯 连锁头寸整体范围(内部分析报告生成): [-693, -556], 包含2个头寸 (无额外RPC调用)
07/24 00:04:10 INFO [system] 🔧 智能止损bin数据(内部分析报告生成): activeBin=-584, range=[-693, -556], 基准收益率=已计算 - 零额外RPC调用
07/24 00:04:17 INFO [system] 💰 活跃bin价格: 5qP3PM7B... bin=-584, 价格=0.00000299
07/24 00:04:17 INFO [system] 🔍 获取头寸收益: GT6A5nwf...
07/24 00:04:17 INFO [system] 🔍 获取头寸收益: HHaJ5kxi...
07/24 00:04:18 INFO [system] 💰 收益数据: X=0, Y=7755810, XExclude=0, YExclude=7755810
07/24 00:04:19 INFO [system] 💰 收益数据: X=0, Y=0, XExclude=0, YExclude=0
07/24 00:04:20 INFO [system] 🔧 池连接成功: 代币精度 X=6, Y=9
07/24 00:04:20 INFO [system] 📊 头寸数据解析完成: 包含 69 个bin
07/24 00:04:21 INFO [system] 🎯 池活跃Bin: -584 (通过API获取)
07/24 00:04:21 INFO [system] 💰 代币总量: TokenX=86462.712639, TokenY=1.316159897, bins=69/69, 在范围=true
07/24 00:04:21 INFO [system] ✅ 链上头寸信息获取成功: TokenX=86462.712639, TokenY=1.316159897, 范围=[-624, -556], 在范围内=true
07/24 00:04:21 INFO [system] 🎯 连锁头寸整体范围(连锁头寸策略监控): [-693, -556], 包含2个头寸 (无额外RPC调用)
07/24 00:04:21 INFO [system] 🔧 智能止损bin数据(连锁头寸策略监控): activeBin=-584, range=[-693, -556], 基准收益率=已计算 - 零额外RPC调用
07/24 00:04:22 INFO [system] 🔧 池连接成功: 代币精度 X=6, Y=9
07/24 00:04:22 INFO [system] 📊 头寸数据解析完成: 包含 69 个bin
07/24 00:04:22 INFO [system] 🎯 池活跃Bin: -584 (通过API获取)
07/24 00:04:22 INFO [system] 💰 代币总量: TokenX=0, TokenY=6.399999929, bins=69/69, 在范围=false
07/24 00:04:22 INFO [system] ✅ 链上头寸信息获取成功: TokenX=0, TokenY=6.399999929, 范围=[-693, -625], 在范围内=false
07/24 00:04:22 INFO [system] 🎯 连锁头寸整体范围(内部分析报告生成): [-693, -556], 包含2个头寸 (无额外RPC调用)
07/24 00:04:22 INFO [system] 🔧 智能止损bin数据(内部分析报告生成): activeBin=-584, range=[-693, -556], 基准收益率=已计算 - 零额外RPC调用
07/24 00:04:29 INFO [system] 💰 活跃bin价格: 5qP3PM7B... bin=-584, 价格=0.00000299
07/24 00:04:30 INFO [system] 🔍 获取头寸收益: GT6A5nwf...
07/24 00:04:30 INFO [system] 🔍 获取头寸收益: HHaJ5kxi...
07/24 00:04:31 INFO [system] 💰 收益数据: X=0, Y=7755810, XExclude=0, YExclude=7755810
07/24 00:04:31 INFO [system] 💰 收益数据: X=0, Y=0, XExclude=0, YExclude=0
07/24 00:04:32 INFO [system] 🔧 池连接成功: 代币精度 X=6, Y=9
07/24 00:04:32 INFO [system] 📊 头寸数据解析完成: 包含 69 个bin
07/24 00:04:33 INFO [system] 🎯 池活跃Bin: -584 (通过API获取)
07/24 00:04:33 INFO [system] 💰 代币总量: TokenX=86462.712639, TokenY=1.316159897, bins=69/69, 在范围=true
07/24 00:04:33 INFO [system] ✅ 链上头寸信息获取成功: TokenX=86462.712639, TokenY=1.316159897, 范围=[-624, -556], 在范围内=true
07/24 00:04:33 INFO [system] 🎯 连锁头寸整体范围(连锁头寸策略监控): [-693, -556], 包含2个头寸 (无额外RPC调用)
07/24 00:04:33 INFO [system] 🔧 智能止损bin数据(连锁头寸策略监控): activeBin=-584, range=[-693, -556], 基准收益率=已计算 - 零额外RPC调用
07/24 00:04:34 INFO [system] 🔧 池连接成功: 代币精度 X=6, Y=9
07/24 00:04:34 INFO [system] 📊 头寸数据解析完成: 包含 69 个bin
07/24 00:04:34 INFO [system] 🎯 池活跃Bin: -584 (通过API获取)
07/24 00:04:34 INFO [system] 💰 代币总量: TokenX=0, TokenY=6.399999929, bins=69/69, 在范围=false
07/24 00:04:34 INFO [system] ✅ 链上头寸信息获取成功: TokenX=0, TokenY=6.399999929, 范围=[-693, -625], 在范围内=false
07/24 00:04:34 INFO [system] 🎯 连锁头寸整体范围(内部分析报告生成): [-693, -556], 包含2个头寸 (无额外RPC调用)
07/24 00:04:34 INFO [system] 🔧 智能止损bin数据(内部分析报告生成): activeBin=-584, range=[-693, -556], 基准收益率=已计算 - 零额外RPC调用
07/24 00:04:41 INFO [system] 💰 活跃bin价格: 5qP3PM7B... bin=-585, 价格=0.00000296
07/24 00:04:42 INFO [system] 🔍 获取头寸收益: GT6A5nwf...
07/24 00:04:42 INFO [system] 🔍 获取头寸收益: HHaJ5kxi...
07/24 00:04:43 INFO [system] 💰 收益数据: X=73723388, Y=7755810, XExclude=73723388, YExclude=7755810
07/24 00:04:43 INFO [system] 💰 收益数据: X=0, Y=0, XExclude=0, YExclude=0
07/24 00:04:44 INFO [system] [StrategyHealthChecker] 开始健康检查 - 检查 5 个策略实例
07/24 00:04:44 INFO [system] [StrategyHealthChecker] 健康检查完成 - 耗时: 3ms, 发现问题: 0 个
07/24 00:04:44 INFO [system] 🔧 池连接成功: 代币精度 X=6, Y=9
07/24 00:04:45 INFO [system] 📊 头寸数据解析完成: 包含 69 个bin
07/24 00:04:45 INFO [system] 🎯 池活跃Bin: -585 (通过API获取)
07/24 00:04:45 INFO [system] 💰 代币总量: TokenX=87930.317886, TokenY=1.311766295, bins=69/69, 在范围=true
07/24 00:04:45 INFO [system] ✅ 链上头寸信息获取成功: TokenX=87930.317886, TokenY=1.311766295, 范围=[-624, -556], 在范围内=true
07/24 00:04:45 INFO [system] 🎯 连锁头寸整体范围(连锁头寸策略监控): [-693, -556], 包含2个头寸 (无额外RPC调用)
07/24 00:04:45 INFO [system] 🔧 智能止损bin数据(连锁头寸策略监控): activeBin=-585, range=[-693, -556], 基准收益率=已计算 - 零额外RPC调用
07/24 00:04:46 INFO [system] 🔧 池连接成功: 代币精度 X=6, Y=9
07/24 00:04:47 INFO [system] 📊 头寸数据解析完成: 包含 69 个bin
07/24 00:04:47 INFO [system] 🎯 池活跃Bin: -589 (通过API获取)
07/24 00:04:47 INFO [system] 💰 代币总量: TokenX=0, TokenY=6.399999929, bins=69/69, 在范围=false
07/24 00:04:47 INFO [system] ✅ 链上头寸信息获取成功: TokenX=0, TokenY=6.399999929, 范围=[-693, -625], 在范围内=false
07/24 00:04:47 INFO [system] 🎯 连锁头寸整体范围(内部分析报告生成): [-693, -556], 包含2个头寸 (无额外RPC调用)
07/24 00:04:47 INFO [system] 🔧 智能止损bin数据(内部分析报告生成): activeBin=-585, range=[-693, -556], 基准收益率=已计算 - 零额外RPC调用
07/24 00:04:53 INFO [system] 💰 活跃bin价格: 5qP3PM7B... bin=-591, 价格=0.00000279
07/24 00:04:54 INFO [system] 🔍 获取头寸收益: GT6A5nwf...
07/24 00:04:54 INFO [system] 🔍 获取头寸收益: HHaJ5kxi...
07/24 00:04:55 INFO [system] 💰 收益数据: X=0, Y=0, XExclude=0, YExclude=0
07/24 00:04:55 INFO [system] 💰 收益数据: X=2410969303, Y=7755810, XExclude=2410969303, YExclude=7755810
07/24 00:04:55 INFO [system] 🎯 连锁头寸整体范围(连锁头寸策略监控): [-693, -556], 包含2个头寸 (无额外RPC调用)
07/24 00:04:55 INFO [system] 🔧 智能止损bin数据(连锁头寸策略监控): activeBin=-591, range=[-693, -556], 基准收益率=已计算 - 零额外RPC调用
07/24 00:04:55 INFO [system] 🎯 连锁头寸整体范围(内部分析报告生成): [-693, -556], 包含2个头寸 (无额外RPC调用)
07/24 00:04:55 INFO [system] 🔧 智能止损bin数据(内部分析报告生成): activeBin=-591, range=[-693, -556], 基准收益率=已计算 - 零额外RPC调用
07/24 00:05:06 INFO [system] 💰 活跃bin价格: 5qP3PM7B... bin=-591, 价格=0.00000279
07/24 00:05:06 INFO [system] 🔧 池连接成功: 代币精度 X=6, Y=9
07/24 00:05:07 INFO [system] 📊 头寸数据解析完成: 包含 69 个bin
07/24 00:05:07 INFO [system] 🔧 池连接成功: 代币精度 X=6, Y=9
07/24 00:05:07 INFO [system] 🎯 池活跃Bin: -588 (通过API获取)
07/24 00:05:07 INFO [system] 💰 代币总量: TokenX=0, TokenY=6.399999929, bins=69/69, 在范围=false
07/24 00:05:07 INFO [system] ✅ 链上头寸信息获取成功: TokenX=0, TokenY=6.399999929, 范围=[-693, -625], 在范围内=false
07/24 00:05:07 INFO [system] 🔍 获取头寸收益: HHaJ5kxi...
07/24 00:05:08 INFO [system] 📊 头寸数据解析完成: 包含 69 个bin
07/24 00:05:08 INFO [system] 🎯 池活跃Bin: -588 (通过API获取)
07/24 00:05:08 INFO [system] 💰 代币总量: TokenX=116506.667981, TokenY=1.228336664, bins=69/69, 在范围=true
07/24 00:05:08 INFO [system] ✅ 链上头寸信息获取成功: TokenX=116506.667981, TokenY=1.228336664, 范围=[-624, -556], 在范围内=true
07/24 00:05:08 INFO [system] 🔍 获取头寸收益: GT6A5nwf...
07/24 00:05:08 INFO [system] 💰 收益数据: X=0, Y=0, XExclude=0, YExclude=0
07/24 00:05:09 INFO [system] 💰 收益数据: X=2410969303, Y=13277000, XExclude=2410969303, YExclude=13277000
07/24 00:05:09 INFO [system] 🎯 连锁头寸整体范围(连锁头寸策略监控): [-693, -556], 包含2个头寸 (无额外RPC调用)
07/24 00:05:09 INFO [system] 🔧 智能止损bin数据(连锁头寸策略监控): activeBin=-591, range=[-693, -556], 基准收益率=已计算 - 零额外RPC调用
07/24 00:05:09 INFO [system] 🎯 连锁头寸整体范围(内部分析报告生成): [-693, -556], 包含2个头寸 (无额外RPC调用)
07/24 00:05:09 INFO [system] 🔧 智能止损bin数据(内部分析报告生成): activeBin=-591, range=[-693, -556], 基准收益率=已计算 - 零额外RPC调用
07/24 00:05:09 INFO [system] 🎯 开始智能批量提取收益 - 阈值: 0.02
07/24 00:05:09 INFO [system] 🔍 开始分组 2 个头寸...
07/24 00:05:09 INFO [system] 📋 池子 5qP3PM7B... 包含 2 个头寸
07/24 00:05:09 INFO [system] 📊 头寸分组完成 - 共 1 个池子，2 个头寸，待提取收益: 0.020010793209291146
07/24 00:05:09 INFO [system] 🏊 开始处理池子: 5qP3PM7B... (2个头寸)
07/24 00:05:09 INFO [system] 🏊 开始池子级别批量提取: 5qP3PM7B... (2个头寸)
07/24 00:05:09 INFO [system] 🔐 使用钱包签名交易: GRCpbYmh...
07/24 00:05:09 INFO [system] 🧮 计算Y代币等价值: X=2410969303, Y=13277000
07/24 00:05:10 INFO [system] ✅ Y代币等价值计算: X=2410969303 (价格=0.002935451865543776) -> Y=0.007077284338260127, 原Y=0.013277, 总计=0.02035428433826013
07/24 00:05:10 INFO [system] 🔨 构建池子批量提取交易: 5qP3PM7B... (2个头寸)
07/24 00:05:10 INFO [system] 👤 使用钱包地址: GRCpbYmh...
07/24 00:05:10 INFO [system] 📦 DLMM SDK加载成功
07/24 00:05:10 INFO [system] 🏊 DLMM池连接成功: 5qP3PM7B...
07/24 00:05:10 INFO [system] 📋 获取用户在池子中的所有头寸...
07/24 00:05:11 INFO [system] ✅ 找到 2/2 个目标头寸，开始构建claimAllSwapFee交易...
07/24 00:05:11 INFO [system] ✅ 池子批量收集交易构建成功，共 1 个交易
07/24 00:05:11 INFO [system] 🔧 交易指令数量: 4
07/24 00:05:11 WARN [system] 优先费用缓存过期，使用默认值: 100000
07/24 00:05:14 INFO [system] ✅ 交易验证: 2bP3Pg81... (第1次尝试) confirmed
07/24 00:05:14 INFO [system] 🎉 池子批量提取交易发送成功: 2bP3Pg81XubGfvp4xuqNrMK65HkSWAtn9uQxTNBWDCdyRKGaAedFmZz6mMiLbXbGCeKoGn4xBJUK3BeHFwL5ruwq
07/24 00:05:14 INFO [system] ⛽ Gas费用: 0 lamports
07/24 00:05:14 INFO [system] ✅ 池子批量提取成功: 2bP3Pg81XubGfvp4xuqNrMK65HkSWAtn9uQxTNBWDCdyRKGaAedFmZz6mMiLbXbGCeKoGn4xBJUK3BeHFwL5ruwq - X:2410969303, Y:13277000, 价值:0.02035428433826013
07/24 00:05:14 INFO [system] 🔍 开始验证提取交易: 2bP3Pg81...
07/24 00:05:16 INFO [system] ✅ 交易验证: 2bP3Pg81... (第1次尝试) confirmed
07/24 00:05:16 INFO [system] ✅ 提取交易验证成功: 状态=confirmed, 插槽=355242733
07/24 00:05:16 INFO [system] ✅ 记录收益提取: 0.020010793209291146Y, 累积: 0.04480780738366777Y
07/24 00:05:16 INFO [system] ✅ 池子 5qP3PM7B... 收益提取验证成功并已记录 - 提取收益: 0.020010793209291146
07/24 00:05:16 INFO [system] 💰 开始X代币交换: 2410.969303 (池子: 5qP3PM7B...)
07/24 00:05:17 INFO [system] 💰 活跃bin价格: 5qP3PM7B... bin=-584, 价格=0.00000299
07/24 00:05:18 INFO [system] 🔄 开始执行收益提取X代币交换 - inputMint: D9JXMRovgX9hyCAqkQZTvj5Pr3rgZkNCFw8vfhxabonk, outputMint: So11111111111111111111111111111111111111112, humanReadableAmount: 2410.969303, atomicAmount: 2410969303, decimals: 6, slippageBps: 2000
07/24 00:05:18 INFO [system] 🔧 池连接成功: 代币精度 X=6, Y=9
07/24 00:05:19 INFO [system] 📊 头寸数据解析完成: 包含 69 个bin
07/24 00:05:19 INFO [system] 🎯 池活跃Bin: -584 (通过API获取)
07/24 00:05:19 INFO [system] 💰 代币总量: TokenX=0, TokenY=6.399999929, bins=69/69, 在范围=false
07/24 00:05:19 INFO [system] ✅ 链上头寸信息获取成功: TokenX=0, TokenY=6.399999929, 范围=[-693, -625], 在范围内=false
07/24 00:05:19 INFO [system] 🔍 获取头寸收益: HHaJ5kxi...
07/24 00:05:20 INFO [system] 💰 收益数据: X=0, Y=0, XExclude=0, YExclude=0
07/24 00:05:20 INFO [system] ✅ 收益提取X代币交换成功 - 输入: 2410.969303, 输出: 7222989, 签名: 2gELBJdTsRoVVsKV7Y46q421CQozBAgjQoM5TTrHAdmL5RZudUzrY3xcNbWVLxh8A9ZT5tNwfGYYKTSAexyUHG3G
07/24 00:05:20 INFO [system] ✅ 代币交换基础验证通过 - 签名存在: 2gELBJdT..., 预期输出: 7222989
07/24 00:05:20 INFO [system] ✅ 重试成功: token.swap (第1次尝试) 耗时:3.9s
07/24 00:05:20 INFO [system] 🔍 开始对代币交换进行4次验证 - 签名: 2gELBJdT...
07/24 00:05:21 INFO [system] 🔧 池连接成功: 代币精度 X=6, Y=9
07/24 00:05:22 INFO [system] 📊 头寸数据解析完成: 包含 69 个bin
07/24 00:05:22 INFO [system] 🎯 池活跃Bin: -584 (通过API获取)
07/24 00:05:22 INFO [system] 💰 代币总量: TokenX=87857.557252, TokenY=1.311983839, bins=69/69, 在范围=true
07/24 00:05:22 INFO [system] ✅ 链上头寸信息获取成功: TokenX=87857.557252, TokenY=1.311983839, 范围=[-624, -556], 在范围内=true
07/24 00:05:22 INFO [system] 🎯 连锁头寸整体范围(连锁头寸策略监控): [-693, -556], 包含2个头寸 (无额外RPC调用)
07/24 00:05:22 INFO [system] 🔧 智能止损bin数据(连锁头寸策略监控): activeBin=-584, range=[-693, -556], 基准收益率=已计算 - 零额外RPC调用
07/24 00:05:22 INFO [system] 🎯 连锁头寸整体范围(内部分析报告生成): [-693, -556], 包含2个头寸 (无额外RPC调用)
07/24 00:05:22 INFO [system] 🔧 智能止损bin数据(内部分析报告生成): activeBin=-584, range=[-693, -556], 基准收益率=已计算 - 零额外RPC调用
07/24 00:05:22 INFO [system] 🎯 开始智能批量提取收益 - 阈值: 0.02
07/24 00:05:22 INFO [system] 🔍 开始分组 2 个头寸...
07/24 00:05:22 INFO [system] 🔍 获取头寸收益: GT6A5nwf...
07/24 00:05:23 INFO [system] 💰 收益数据: X=0, Y=0, XExclude=0, YExclude=0
07/24 00:05:23 INFO [system] 📋 池子 5qP3PM7B... 包含 2 个头寸
07/24 00:05:23 INFO [system] 📊 头寸分组完成 - 共 1 个池子，2 个头寸，待提取收益: 0.020496537753459155
07/24 00:05:23 INFO [system] 🏊 开始处理池子: 5qP3PM7B... (2个头寸)
07/24 00:05:23 INFO [system] 🏊 开始池子级别批量提取: 5qP3PM7B... (2个头寸)
07/24 00:05:23 INFO [system] 🔐 使用钱包签名交易: GRCpbYmh...
07/24 00:05:23 INFO [system] 🧮 计算Y代币等价值: X=0, Y=0
07/24 00:05:23 INFO [system] ✅ Y代币等价值: 0 (无X代币)
07/24 00:05:23 WARN [system] 池子 5qP3PM7B... 无可提取的手续费
07/24 00:05:23 WARN [system] ⚠️ 池子 5qP3PM7B... 提取成功但无交易签名，未记录收益
07/24 00:05:23 INFO [system] ✅ 交易验证: 2gELBJdT... (第1次尝试) confirmed
07/24 00:05:23 INFO [system] ✅ 代币交换4次验证成功 - 状态: confirmed, 插槽: 355242752
07/24 00:05:23 INFO [system] ℹ️ 无X代币余额，跳过交换 (池子: 5qP3PM7B...)
07/24 00:05:23 INFO [system] 🎉 智能批量提取完成 - 实际提取收益: 0, 成功头寸: 0/2, 处理池子: 0/1
07/24 00:05:23 INFO [system] 🔒 收益提取时间锁已激活，1分钟内不再检查收益提取
07/24 00:05:24 INFO [system] ✅ 余额验证通过 - X代币已基本清空，Y代币余额: 0
07/24 00:05:24 WARN [system] ⚠️ 无法确定实际输出金额，使用原始值: 7222989
07/24 00:05:24 INFO [system] ✅ X代币交换成功: 2410.969303 → 7222989 Y代币
07/24 00:05:24 INFO [system] 🎉 智能批量提取完成 - 实际提取收益: 0.020010793209291146, 成功头寸: 2/2, 处理池子: 1/1
07/24 00:05:24 INFO [system] 🔒 收益提取时间锁已激活，1分钟内不再检查收益提取
07/24 00:05:24 INFO [system] 🎯 连锁头寸整体范围(连锁头寸策略监控): [-693, -556], 包含2个头寸 (无额外RPC调用)
07/24 00:05:24 INFO [system] 🔧 智能止损bin数据(连锁头寸策略监控): activeBin=-584, range=[-693, -556], 基准收益率=已计算 - 零额外RPC调用
07/24 00:05:24 INFO [system] 🎯 连锁头寸整体范围(内部分析报告生成): [-693, -556], 包含2个头寸 (无额外RPC调用)
07/24 00:05:24 INFO [system] 🔧 智能止损bin数据(内部分析报告生成): activeBin=-584, range=[-693, -556], 基准收益率=已计算 - 零额外RPC调用
07/24 00:05:24 INFO [system] 🔒 收益提取时间锁生效，还需等待 1 分钟 (配置: 1分钟) - 当前收益: 0.020496537753459155, 阈值: 0.02
07/24 00:05:29 INFO [system] 💰 活跃bin价格: 5qP3PM7B... bin=-584, 价格=0.00000299
07/24 00:05:30 INFO [system] 🔧 池连接成功: 代币精度 X=6, Y=9
07/24 00:05:31 INFO [system] 📊 头寸数据解析完成: 包含 69 个bin
07/24 00:05:31 INFO [system] 🎯 池活跃Bin: -584 (通过API获取)
07/24 00:05:31 INFO [system] 💰 代币总量: TokenX=0, TokenY=6.399999929, bins=69/69, 在范围=false
07/24 00:05:31 INFO [system] ✅ 链上头寸信息获取成功: TokenX=0, TokenY=6.399999929, 范围=[-693, -625], 在范围内=false
07/24 00:05:31 INFO [system] 🔍 获取头寸收益: HHaJ5kxi...
07/24 00:05:32 INFO [system] 💰 收益数据: X=0, Y=0, XExclude=0, YExclude=0
07/24 00:05:32 INFO [system] 🎯 连锁头寸整体范围(连锁头寸策略监控): [-693, -556], 包含2个头寸 (无额外RPC调用)
07/24 00:05:32 INFO [system] 🔧 智能止损bin数据(连锁头寸策略监控): activeBin=-584, range=[-693, -556], 基准收益率=已计算 - 零额外RPC调用
07/24 00:05:32 INFO [system] 🎯 连锁头寸整体范围(内部分析报告生成): [-693, -556], 包含2个头寸 (无额外RPC调用)
07/24 00:05:32 INFO [system] 🔧 智能止损bin数据(内部分析报告生成): activeBin=-584, range=[-693, -556], 基准收益率=已计算 - 零额外RPC调用
07/24 00:05:41 INFO [system] 💰 活跃bin价格: 5qP3PM7B... bin=-584, 价格=0.00000299
07/24 00:05:43 INFO [system] 🔧 池连接成功: 代币精度 X=6, Y=9
07/24 00:05:43 INFO [system] 📊 头寸数据解析完成: 包含 69 个bin
07/24 00:05:44 INFO [system] 🔧 池连接成功: 代币精度 X=6, Y=9
07/24 00:05:44 INFO [system] 🎯 池活跃Bin: -584 (通过API获取)
07/24 00:05:44 INFO [system] 💰 代币总量: TokenX=0, TokenY=6.399999929, bins=69/69, 在范围=false
07/24 00:05:44 INFO [system] ✅ 链上头寸信息获取成功: TokenX=0, TokenY=6.399999929, 范围=[-693, -625], 在范围内=false
07/24 00:05:44 INFO [system] 🔍 获取头寸收益: HHaJ5kxi...
07/24 00:05:44 INFO [system] [StrategyHealthChecker] 开始健康检查 - 检查 5 个策略实例
07/24 00:05:44 INFO [system] [StrategyHealthChecker] 健康检查完成 - 耗时: 4ms, 发现问题: 0 个
07/24 00:05:44 INFO [system] 📊 头寸数据解析完成: 包含 69 个bin
07/24 00:05:44 INFO [system] 🎯 池活跃Bin: -584 (通过API获取)
07/24 00:05:44 INFO [system] 💰 代币总量: TokenX=87857.557252, TokenY=1.311983839, bins=69/69, 在范围=true
07/24 00:05:44 INFO [system] ✅ 链上头寸信息获取成功: TokenX=87857.557252, TokenY=1.311983839, 范围=[-624, -556], 在范围内=true
07/24 00:05:44 INFO [system] 🔍 获取头寸收益: GT6A5nwf...
07/24 00:05:45 INFO [system] 💰 收益数据: X=0, Y=0, XExclude=0, YExclude=0
07/24 00:05:46 INFO [system] 💰 收益数据: X=0, Y=1721451, XExclude=0, YExclude=1721451
07/24 00:05:46 INFO [system] 🎯 连锁头寸整体范围(连锁头寸策略监控): [-693, -556], 包含2个头寸 (无额外RPC调用)
07/24 00:05:46 INFO [system] 🔧 智能止损bin数据(连锁头寸策略监控): activeBin=-584, range=[-693, -556], 基准收益率=已计算 - 零额外RPC调用
07/24 00:05:46 INFO [system] 🎯 连锁头寸整体范围(内部分析报告生成): [-693, -556], 包含2个头寸 (无额外RPC调用)
07/24 00:05:46 INFO [system] 🔧 智能止损bin数据(内部分析报告生成): activeBin=-584, range=[-693, -556], 基准收益率=已计算 - 零额外RPC调用
07/24 00:05:53 INFO [system] 💰 活跃bin价格: 5qP3PM7B... bin=-583, 价格=0.00000302
07/24 00:05:54 INFO [system] 🎯 连锁头寸整体范围(连锁头寸策略监控): [-693, -556], 包含2个头寸 (无额外RPC调用)
07/24 00:05:54 INFO [system] 🔧 智能止损bin数据(连锁头寸策略监控): activeBin=-583, range=[-693, -556], 基准收益率=已计算 - 零额外RPC调用
07/24 00:05:54 INFO [system] 🎯 连锁头寸整体范围(内部分析报告生成): [-693, -556], 包含2个头寸 (无额外RPC调用)
07/24 00:05:54 INFO [system] 🔧 智能止损bin数据(内部分析报告生成): activeBin=-583, range=[-693, -556], 基准收益率=已计算 - 零额外RPC调用
07/24 00:06:05 INFO [system] 💰 活跃bin价格: 5qP3PM7B... bin=-580, 价格=0.00000312
07/24 00:06:06 INFO [system] 🔧 池连接成功: 代币精度 X=6, Y=9
07/24 00:06:06 INFO [system] 🔧 池连接成功: 代币精度 X=6, Y=9
07/24 00:06:07 INFO [system] 📊 头寸数据解析完成: 包含 69 个bin
07/24 00:06:07 INFO [system] 📊 头寸数据解析完成: 包含 69 个bin
07/24 00:06:07 INFO [system] 🎯 池活跃Bin: -580 (通过API获取)
07/24 00:06:07 INFO [system] 🎯 池活跃Bin: -580 (通过API获取)
07/24 00:06:07 INFO [system] 💰 代币总量: TokenX=0, TokenY=6.399999929, bins=69/69, 在范围=false
07/24 00:06:07 INFO [system] ✅ 链上头寸信息获取成功: TokenX=0, TokenY=6.399999929, 范围=[-693, -625], 在范围内=false
07/24 00:06:07 INFO [system] 💰 代币总量: TokenX=58612.554077, TokenY=1.4012457, bins=69/69, 在范围=true
07/24 00:06:07 INFO [system] 🔍 获取头寸收益: HHaJ5kxi...
07/24 00:06:07 INFO [system] ✅ 链上头寸信息获取成功: TokenX=58612.554077, TokenY=1.4012457, 范围=[-624, -556], 在范围内=true
07/24 00:06:07 INFO [system] 🔍 获取头寸收益: GT6A5nwf...
07/24 00:06:08 INFO [system] 💰 收益数据: X=0, Y=4483225, XExclude=0, YExclude=4483225
07/24 00:06:08 INFO [system] 💰 收益数据: X=0, Y=0, XExclude=0, YExclude=0
07/24 00:06:08 INFO [system] 🎯 连锁头寸整体范围(连锁头寸策略监控): [-693, -556], 包含2个头寸 (无额外RPC调用)
07/24 00:06:08 INFO [system] 🔧 智能止损bin数据(连锁头寸策略监控): activeBin=-580, range=[-693, -556], 基准收益率=已计算 - 零额外RPC调用
07/24 00:06:08 INFO [system] 🎯 连锁头寸整体范围(内部分析报告生成): [-693, -556], 包含2个头寸 (无额外RPC调用)
07/24 00:06:08 INFO [system] 🔧 智能止损bin数据(内部分析报告生成): activeBin=-580, range=[-693, -556], 基准收益率=已计算 - 零额外RPC调用
07/24 00:06:17 INFO [system] 💰 活跃bin价格: 5qP3PM7B... bin=-580, 价格=0.00000312
07/24 00:06:18 INFO [system] 🔧 池连接成功: 代币精度 X=6, Y=9
07/24 00:06:18 INFO [system] 📊 头寸数据解析完成: 包含 69 个bin
07/24 00:06:19 INFO [system] 🔧 池连接成功: 代币精度 X=6, Y=9
07/24 00:06:19 INFO [system] 🎯 池活跃Bin: -580 (通过API获取)
07/24 00:06:19 INFO [system] 💰 代币总量: TokenX=0, TokenY=6.399999929, bins=69/69, 在范围=false
07/24 00:06:19 INFO [system] ✅ 链上头寸信息获取成功: TokenX=0, TokenY=6.399999929, 范围=[-693, -625], 在范围内=false
07/24 00:06:19 INFO [system] 🔍 获取头寸收益: HHaJ5kxi...
07/24 00:06:19 INFO [system] 📊 头寸数据解析完成: 包含 69 个bin
07/24 00:06:19 INFO [system] 🎯 池活跃Bin: -580 (通过API获取)
07/24 00:06:19 INFO [system] 💰 代币总量: TokenX=58612.554077, TokenY=1.4012457, bins=69/69, 在范围=true
07/24 00:06:19 INFO [system] ✅ 链上头寸信息获取成功: TokenX=58612.554077, TokenY=1.4012457, 范围=[-624, -556], 在范围内=true
07/24 00:06:19 INFO [system] 🔍 获取头寸收益: GT6A5nwf...
07/24 00:06:20 INFO [system] 💰 收益数据: X=0, Y=0, XExclude=0, YExclude=0
07/24 00:06:20 INFO [system] 💰 收益数据: X=0, Y=4483225, XExclude=0, YExclude=4483225
07/24 00:06:20 INFO [system] 🎯 连锁头寸整体范围(连锁头寸策略监控): [-693, -556], 包含2个头寸 (无额外RPC调用)
07/24 00:06:20 INFO [system] 🔧 智能止损bin数据(连锁头寸策略监控): activeBin=-580, range=[-693, -556], 基准收益率=已计算 - 零额外RPC调用
07/24 00:06:20 INFO [system] 🎯 连锁头寸整体范围(内部分析报告生成): [-693, -556], 包含2个头寸 (无额外RPC调用)
07/24 00:06:20 INFO [system] 🔧 智能止损bin数据(内部分析报告生成): activeBin=-580, range=[-693, -556], 基准收益率=已计算 - 零额外RPC调用
07/24 00:06:29 INFO [system] 💰 活跃bin价格: 5qP3PM7B... bin=-580, 价格=0.00000312
07/24 00:06:30 INFO [system] 🔧 池连接成功: 代币精度 X=6, Y=9
07/24 00:06:31 INFO [system] 🔧 池连接成功: 代币精度 X=6, Y=9
07/24 00:06:31 INFO [system] 📊 头寸数据解析完成: 包含 69 个bin
07/24 00:06:31 INFO [system] 📊 头寸数据解析完成: 包含 69 个bin
07/24 00:06:31 INFO [system] 🎯 池活跃Bin: -580 (通过API获取)
07/24 00:06:31 INFO [system] 💰 代币总量: TokenX=0, TokenY=6.399999929, bins=69/69, 在范围=false
07/24 00:06:31 INFO [system] ✅ 链上头寸信息获取成功: TokenX=0, TokenY=6.399999929, 范围=[-693, -625], 在范围内=false
07/24 00:06:31 INFO [system] 🔍 获取头寸收益: HHaJ5kxi...
07/24 00:06:31 INFO [system] 🎯 池活跃Bin: -580 (通过API获取)
07/24 00:06:31 INFO [system] 💰 代币总量: TokenX=58612.554077, TokenY=1.4012457, bins=69/69, 在范围=true
07/24 00:06:31 INFO [system] ✅ 链上头寸信息获取成功: TokenX=58612.554077, TokenY=1.4012457, 范围=[-624, -556], 在范围内=true
07/24 00:06:31 INFO [system] 🔍 获取头寸收益: GT6A5nwf...
07/24 00:06:32 INFO [system] 💰 收益数据: X=0, Y=0, XExclude=0, YExclude=0
07/24 00:06:32 INFO [system] 💰 收益数据: X=0, Y=4483225, XExclude=0, YExclude=4483225
07/24 00:06:32 INFO [system] 🎯 连锁头寸整体范围(连锁头寸策略监控): [-693, -556], 包含2个头寸 (无额外RPC调用)
07/24 00:06:32 INFO [system] 🔧 智能止损bin数据(连锁头寸策略监控): activeBin=-580, range=[-693, -556], 基准收益率=已计算 - 零额外RPC调用
07/24 00:06:32 INFO [system] 🎯 连锁头寸整体范围(内部分析报告生成): [-693, -556], 包含2个头寸 (无额外RPC调用)
07/24 00:06:32 INFO [system] 🔧 智能止损bin数据(内部分析报告生成): activeBin=-580, range=[-693, -556], 基准收益率=已计算 - 零额外RPC调用
07/24 00:06:41 INFO [system] 💰 活跃bin价格: 5qP3PM7B... bin=-580, 价格=0.00000312
07/24 00:06:42 INFO [system] 🔧 池连接成功: 代币精度 X=6, Y=9
07/24 00:06:43 INFO [system] 🔧 池连接成功: 代币精度 X=6, Y=9
07/24 00:06:43 INFO [system] 📊 头寸数据解析完成: 包含 69 个bin
07/24 00:06:43 INFO [system] 📊 头寸数据解析完成: 包含 69 个bin
07/24 00:06:43 INFO [system] 🎯 池活跃Bin: -580 (通过API获取)
07/24 00:06:43 INFO [system] 💰 代币总量: TokenX=0, TokenY=6.399999929, bins=69/69, 在范围=false
07/24 00:06:43 INFO [system] ✅ 链上头寸信息获取成功: TokenX=0, TokenY=6.399999929, 范围=[-693, -625], 在范围内=false
07/24 00:06:43 INFO [system] 🔍 获取头寸收益: HHaJ5kxi...
07/24 00:06:43 INFO [system] 🎯 池活跃Bin: -580 (通过API获取)
07/24 00:06:43 INFO [system] 💰 代币总量: TokenX=58612.554078, TokenY=1.4012457, bins=69/69, 在范围=true
07/24 00:06:43 INFO [system] ✅ 链上头寸信息获取成功: TokenX=58612.554078, TokenY=1.4012457, 范围=[-624, -556], 在范围内=true
07/24 00:06:43 INFO [system] 🔍 获取头寸收益: GT6A5nwf...
07/24 00:06:44 INFO [system] [StrategyHealthChecker] 开始健康检查 - 检查 5 个策略实例
07/24 00:06:44 INFO [system] [StrategyHealthChecker] 健康检查完成 - 耗时: 1ms, 发现问题: 0 个
07/24 00:06:44 INFO [system] 💰 收益数据: X=0, Y=4483225, XExclude=0, YExclude=4483225
07/24 00:06:44 INFO [system] 💰 收益数据: X=0, Y=0, XExclude=0, YExclude=0
07/24 00:06:44 INFO [system] 🎯 连锁头寸整体范围(连锁头寸策略监控): [-693, -556], 包含2个头寸 (无额外RPC调用)
07/24 00:06:44 INFO [system] 🔧 智能止损bin数据(连锁头寸策略监控): activeBin=-580, range=[-693, -556], 基准收益率=已计算 - 零额外RPC调用
07/24 00:06:44 INFO [system] 🎯 连锁头寸整体范围(内部分析报告生成): [-693, -556], 包含2个头寸 (无额外RPC调用)
07/24 00:06:44 INFO [system] 🔧 智能止损bin数据(内部分析报告生成): activeBin=-580, range=[-693, -556], 基准收益率=已计算 - 零额外RPC调用
